{"/workspace/MatchyMatch/src/App.jsx": {"path":"/workspace/MatchyMatch/src/App.jsx","statementMap":{"0":{"start":{"line":43,"column":17},"end":{"line":43,"column":64}},"1":{"start":{"line":45,"column":2},"end":{"line":47,"column":7}},"2":{"start":{"line":51,"column":38},"end":{"line":51,"column":52}},"3":{"start":{"line":52,"column":32},"end":{"line":52,"column":43}},"4":{"start":{"line":53,"column":39},"end":{"line":53,"column":52}},"5":{"start":{"line":55,"column":24},"end":{"line":57,"column":3}},"6":{"start":{"line":56,"column":4},"end":{"line":56,"column":28}},"7":{"start":{"line":56,"column":22},"end":{"line":56,"column":27}},"8":{"start":{"line":59,"column":27},"end":{"line":62,"column":3}},"9":{"start":{"line":60,"column":4},"end":{"line":60,"column":23}},"10":{"start":{"line":61,"column":4},"end":{"line":61,"column":28}},"11":{"start":{"line":61,"column":22},"end":{"line":61,"column":27}},"12":{"start":{"line":64,"column":23},"end":{"line":66,"column":3}},"13":{"start":{"line":65,"column":4},"end":{"line":65,"column":23}},"14":{"start":{"line":68,"column":2},"end":{"line":158,"column":3}}},"fnMap":{"0":{"name":"App","decl":{"start":{"line":49,"column":9},"end":{"line":49,"column":12}},"loc":{"start":{"line":49,"column":15},"end":{"line":159,"column":1}},"line":49},"1":{"name":"(anonymous_1)","decl":{"start":{"line":55,"column":24},"end":{"line":55,"column":25}},"loc":{"start":{"line":55,"column":30},"end":{"line":57,"column":3}},"line":55},"2":{"name":"(anonymous_2)","decl":{"start":{"line":56,"column":15},"end":{"line":56,"column":16}},"loc":{"start":{"line":56,"column":22},"end":{"line":56,"column":27}},"line":56},"3":{"name":"(anonymous_3)","decl":{"start":{"line":59,"column":27},"end":{"line":59,"column":28}},"loc":{"start":{"line":59,"column":37},"end":{"line":62,"column":3}},"line":59},"4":{"name":"(anonymous_4)","decl":{"start":{"line":61,"column":15},"end":{"line":61,"column":16}},"loc":{"start":{"line":61,"column":22},"end":{"line":61,"column":27}},"line":61},"5":{"name":"(anonymous_5)","decl":{"start":{"line":64,"column":23},"end":{"line":64,"column":24}},"loc":{"start":{"line":64,"column":29},"end":{"line":66,"column":3}},"line":64}},"branchMap":{"0":{"loc":{"start":{"line":45,"column":2},"end":{"line":47,"column":7}},"type":"cond-expr","locations":[{"start":{"line":46,"column":6},"end":{"line":46,"column":14}},{"start":{"line":47,"column":6},"end":{"line":47,"column":7}}],"line":45},"1":{"loc":{"start":{"line":45,"column":2},"end":{"line":45,"column":73}},"type":"binary-expr","locations":[{"start":{"line":45,"column":2},"end":{"line":45,"column":27}},{"start":{"line":45,"column":31},"end":{"line":45,"column":44}},{"start":{"line":45,"column":48},"end":{"line":45,"column":73}}],"line":45},"2":{"loc":{"start":{"line":78,"column":9},"end":{"line":154,"column":9}},"type":"cond-expr","locations":[{"start":{"line":79,"column":10},"end":{"line":79,"column":56}},{"start":{"line":80,"column":12},"end":{"line":154,"column":9}}],"line":78},"3":{"loc":{"start":{"line":80,"column":12},"end":{"line":154,"column":9}},"type":"cond-expr","locations":[{"start":{"line":81,"column":10},"end":{"line":85,"column":12}},{"start":{"line":86,"column":12},"end":{"line":154,"column":9}}],"line":80},"4":{"loc":{"start":{"line":86,"column":12},"end":{"line":154,"column":9}},"type":"cond-expr","locations":[{"start":{"line":87,"column":10},"end":{"line":87,"column":51}},{"start":{"line":88,"column":12},"end":{"line":154,"column":9}}],"line":86},"5":{"loc":{"start":{"line":88,"column":12},"end":{"line":154,"column":9}},"type":"cond-expr","locations":[{"start":{"line":89,"column":10},"end":{"line":89,"column":57}},{"start":{"line":90,"column":12},"end":{"line":154,"column":9}}],"line":88},"6":{"loc":{"start":{"line":90,"column":12},"end":{"line":154,"column":9}},"type":"cond-expr","locations":[{"start":{"line":91,"column":10},"end":{"line":91,"column":53}},{"start":{"line":92,"column":12},"end":{"line":154,"column":9}}],"line":90},"7":{"loc":{"start":{"line":92,"column":12},"end":{"line":154,"column":9}},"type":"cond-expr","locations":[{"start":{"line":93,"column":10},"end":{"line":93,"column":53}},{"start":{"line":94,"column":12},"end":{"line":154,"column":9}}],"line":92},"8":{"loc":{"start":{"line":94,"column":12},"end":{"line":154,"column":9}},"type":"cond-expr","locations":[{"start":{"line":95,"column":10},"end":{"line":95,"column":55}},{"start":{"line":96,"column":12},"end":{"line":154,"column":9}}],"line":94},"9":{"loc":{"start":{"line":96,"column":12},"end":{"line":154,"column":9}},"type":"cond-expr","locations":[{"start":{"line":97,"column":10},"end":{"line":97,"column":53}},{"start":{"line":98,"column":12},"end":{"line":154,"column":9}}],"line":96},"10":{"loc":{"start":{"line":98,"column":12},"end":{"line":154,"column":9}},"type":"cond-expr","locations":[{"start":{"line":99,"column":10},"end":{"line":99,"column":51}},{"start":{"line":100,"column":12},"end":{"line":154,"column":9}}],"line":98},"11":{"loc":{"start":{"line":100,"column":12},"end":{"line":154,"column":9}},"type":"cond-expr","locations":[{"start":{"line":101,"column":10},"end":{"line":101,"column":51}},{"start":{"line":102,"column":12},"end":{"line":154,"column":9}}],"line":100},"12":{"loc":{"start":{"line":102,"column":12},"end":{"line":154,"column":9}},"type":"cond-expr","locations":[{"start":{"line":103,"column":10},"end":{"line":103,"column":59}},{"start":{"line":104,"column":12},"end":{"line":154,"column":9}}],"line":102},"13":{"loc":{"start":{"line":104,"column":12},"end":{"line":154,"column":9}},"type":"cond-expr","locations":[{"start":{"line":105,"column":10},"end":{"line":105,"column":55}},{"start":{"line":106,"column":12},"end":{"line":154,"column":9}}],"line":104},"14":{"loc":{"start":{"line":106,"column":12},"end":{"line":154,"column":9}},"type":"cond-expr","locations":[{"start":{"line":107,"column":10},"end":{"line":107,"column":55}},{"start":{"line":108,"column":12},"end":{"line":154,"column":9}}],"line":106},"15":{"loc":{"start":{"line":108,"column":12},"end":{"line":154,"column":9}},"type":"cond-expr","locations":[{"start":{"line":109,"column":10},"end":{"line":109,"column":59}},{"start":{"line":110,"column":12},"end":{"line":154,"column":9}}],"line":108},"16":{"loc":{"start":{"line":110,"column":12},"end":{"line":154,"column":9}},"type":"cond-expr","locations":[{"start":{"line":111,"column":10},"end":{"line":111,"column":55}},{"start":{"line":112,"column":12},"end":{"line":154,"column":9}}],"line":110},"17":{"loc":{"start":{"line":112,"column":12},"end":{"line":154,"column":9}},"type":"cond-expr","locations":[{"start":{"line":113,"column":10},"end":{"line":113,"column":53}},{"start":{"line":114,"column":12},"end":{"line":154,"column":9}}],"line":112},"18":{"loc":{"start":{"line":114,"column":12},"end":{"line":154,"column":9}},"type":"cond-expr","locations":[{"start":{"line":115,"column":10},"end":{"line":115,"column":61}},{"start":{"line":116,"column":12},"end":{"line":154,"column":9}}],"line":114},"19":{"loc":{"start":{"line":116,"column":12},"end":{"line":154,"column":9}},"type":"cond-expr","locations":[{"start":{"line":117,"column":10},"end":{"line":117,"column":61}},{"start":{"line":118,"column":12},"end":{"line":154,"column":9}}],"line":116},"20":{"loc":{"start":{"line":118,"column":12},"end":{"line":154,"column":9}},"type":"cond-expr","locations":[{"start":{"line":119,"column":10},"end":{"line":119,"column":51}},{"start":{"line":120,"column":12},"end":{"line":154,"column":9}}],"line":118},"21":{"loc":{"start":{"line":120,"column":12},"end":{"line":154,"column":9}},"type":"cond-expr","locations":[{"start":{"line":121,"column":10},"end":{"line":121,"column":61}},{"start":{"line":122,"column":12},"end":{"line":154,"column":9}}],"line":120},"22":{"loc":{"start":{"line":122,"column":12},"end":{"line":154,"column":9}},"type":"cond-expr","locations":[{"start":{"line":123,"column":10},"end":{"line":123,"column":57}},{"start":{"line":124,"column":12},"end":{"line":154,"column":9}}],"line":122},"23":{"loc":{"start":{"line":124,"column":12},"end":{"line":154,"column":9}},"type":"cond-expr","locations":[{"start":{"line":125,"column":10},"end":{"line":125,"column":56}},{"start":{"line":126,"column":12},"end":{"line":154,"column":9}}],"line":124},"24":{"loc":{"start":{"line":126,"column":12},"end":{"line":154,"column":9}},"type":"cond-expr","locations":[{"start":{"line":127,"column":10},"end":{"line":127,"column":55}},{"start":{"line":128,"column":12},"end":{"line":154,"column":9}}],"line":126},"25":{"loc":{"start":{"line":128,"column":12},"end":{"line":154,"column":9}},"type":"cond-expr","locations":[{"start":{"line":129,"column":10},"end":{"line":129,"column":67}},{"start":{"line":130,"column":12},"end":{"line":154,"column":9}}],"line":128},"26":{"loc":{"start":{"line":130,"column":12},"end":{"line":154,"column":9}},"type":"cond-expr","locations":[{"start":{"line":131,"column":10},"end":{"line":131,"column":61}},{"start":{"line":132,"column":12},"end":{"line":154,"column":9}}],"line":130},"27":{"loc":{"start":{"line":132,"column":12},"end":{"line":154,"column":9}},"type":"cond-expr","locations":[{"start":{"line":133,"column":10},"end":{"line":133,"column":61}},{"start":{"line":134,"column":12},"end":{"line":154,"column":9}}],"line":132},"28":{"loc":{"start":{"line":134,"column":12},"end":{"line":154,"column":9}},"type":"cond-expr","locations":[{"start":{"line":135,"column":10},"end":{"line":135,"column":55}},{"start":{"line":136,"column":12},"end":{"line":154,"column":9}}],"line":134},"29":{"loc":{"start":{"line":136,"column":12},"end":{"line":154,"column":9}},"type":"cond-expr","locations":[{"start":{"line":137,"column":10},"end":{"line":137,"column":55}},{"start":{"line":138,"column":12},"end":{"line":154,"column":9}}],"line":136},"30":{"loc":{"start":{"line":138,"column":12},"end":{"line":154,"column":9}},"type":"cond-expr","locations":[{"start":{"line":139,"column":10},"end":{"line":139,"column":55}},{"start":{"line":140,"column":12},"end":{"line":154,"column":9}}],"line":138},"31":{"loc":{"start":{"line":140,"column":12},"end":{"line":154,"column":9}},"type":"cond-expr","locations":[{"start":{"line":141,"column":10},"end":{"line":141,"column":57}},{"start":{"line":142,"column":12},"end":{"line":154,"column":9}}],"line":140},"32":{"loc":{"start":{"line":142,"column":12},"end":{"line":154,"column":9}},"type":"cond-expr","locations":[{"start":{"line":143,"column":10},"end":{"line":143,"column":49}},{"start":{"line":144,"column":12},"end":{"line":154,"column":9}}],"line":142},"33":{"loc":{"start":{"line":144,"column":12},"end":{"line":154,"column":9}},"type":"cond-expr","locations":[{"start":{"line":145,"column":10},"end":{"line":145,"column":70}},{"start":{"line":146,"column":12},"end":{"line":154,"column":9}}],"line":144},"34":{"loc":{"start":{"line":146,"column":12},"end":{"line":154,"column":9}},"type":"cond-expr","locations":[{"start":{"line":147,"column":10},"end":{"line":147,"column":63}},{"start":{"line":148,"column":12},"end":{"line":154,"column":9}}],"line":146},"35":{"loc":{"start":{"line":148,"column":12},"end":{"line":154,"column":9}},"type":"cond-expr","locations":[{"start":{"line":149,"column":10},"end":{"line":149,"column":53}},{"start":{"line":150,"column":12},"end":{"line":154,"column":9}}],"line":148},"36":{"loc":{"start":{"line":150,"column":12},"end":{"line":154,"column":9}},"type":"cond-expr","locations":[{"start":{"line":151,"column":10},"end":{"line":151,"column":57}},{"start":{"line":153,"column":10},"end":{"line":153,"column":51}}],"line":150}},"s":{"0":0,"1":0,"2":0,"3":0,"4":0,"5":0,"6":0,"7":0,"8":0,"9":0,"10":0,"11":0,"12":0,"13":0,"14":0},"f":{"0":0,"1":0,"2":0,"3":0,"4":0,"5":0},"b":{"0":[0,0],"1":[0,0,0],"2":[0,0],"3":[0,0],"4":[0,0],"5":[0,0],"6":[0,0],"7":[0,0],"8":[0,0],"9":[0,0],"10":[0,0],"11":[0,0],"12":[0,0],"13":[0,0],"14":[0,0],"15":[0,0],"16":[0,0],"17":[0,0],"18":[0,0],"19":[0,0],"20":[0,0],"21":[0,0],"22":[0,0],"23":[0,0],"24":[0,0],"25":[0,0],"26":[0,0],"27":[0,0],"28":[0,0],"29":[0,0],"30":[0,0],"31":[0,0],"32":[0,0],"33":[0,0],"34":[0,0],"35":[0,0],"36":[0,0]}}
,"/workspace/MatchyMatch/src/components/BarrysBlitz.jsx": {"path":"/workspace/MatchyMatch/src/components/BarrysBlitz.jsx","statementMap":{"0":{"start":{"line":10,"column":22},"end":{"line":10,"column":24}},"1":{"start":{"line":11,"column":25},"end":{"line":11,"column":27}},"2":{"start":{"line":13,"column":22},"end":{"line":54,"column":1}},"3":{"start":{"line":57,"column":36},"end":{"line":57,"column":52}},"4":{"start":{"line":58,"column":44},"end":{"line":58,"column":58}},"5":{"start":{"line":59,"column":34},"end":{"line":59,"column":57}},"6":{"start":{"line":60,"column":28},"end":{"line":60,"column":39}},"7":{"start":{"line":61,"column":42},"end":{"line":61,"column":54}},"8":{"start":{"line":62,"column":42},"end":{"line":62,"column":56}},"9":{"start":{"line":63,"column":50},"end":{"line":63,"column":64}},"10":{"start":{"line":64,"column":34},"end":{"line":64,"column":46}},"11":{"start":{"line":65,"column":34},"end":{"line":65,"column":46}},"12":{"start":{"line":68,"column":2},"end":{"line":82,"column":18}},"13":{"start":{"line":69,"column":4},"end":{"line":69,"column":40}},"14":{"start":{"line":69,"column":33},"end":{"line":69,"column":40}},"15":{"start":{"line":71,"column":18},"end":{"line":79,"column":12}},"16":{"start":{"line":72,"column":6},"end":{"line":78,"column":9}},"17":{"start":{"line":73,"column":8},"end":{"line":76,"column":9}},"18":{"start":{"line":74,"column":10},"end":{"line":74,"column":35}},"19":{"start":{"line":75,"column":10},"end":{"line":75,"column":19}},"20":{"start":{"line":77,"column":8},"end":{"line":77,"column":24}},"21":{"start":{"line":81,"column":4},"end":{"line":81,"column":38}},"22":{"start":{"line":81,"column":17},"end":{"line":81,"column":37}},"23":{"start":{"line":84,"column":20},"end":{"line":100,"column":3}},"24":{"start":{"line":85,"column":19},"end":{"line":85,"column":82}},"25":{"start":{"line":86,"column":4},"end":{"line":86,"column":29}},"26":{"start":{"line":87,"column":4},"end":{"line":87,"column":28}},"27":{"start":{"line":88,"column":4},"end":{"line":88,"column":31}},"28":{"start":{"line":89,"column":4},"end":{"line":89,"column":16}},"29":{"start":{"line":90,"column":4},"end":{"line":90,"column":24}},"30":{"start":{"line":91,"column":4},"end":{"line":91,"column":26}},"31":{"start":{"line":92,"column":4},"end":{"line":92,"column":30}},"32":{"start":{"line":93,"column":4},"end":{"line":93,"column":20}},"33":{"start":{"line":96,"column":18},"end":{"line":98,"column":5}},"34":{"start":{"line":97,"column":6},"end":{"line":97,"column":60}},"35":{"start":{"line":97,"column":29},"end":{"line":97,"column":58}},"36":{"start":{"line":99,"column":4},"end":{"line":99,"column":55}},"37":{"start":{"line":99,"column":33},"end":{"line":99,"column":52}},"38":{"start":{"line":102,"column":26},"end":{"line":106,"column":3}},"39":{"start":{"line":103,"column":4},"end":{"line":103,"column":44}},"40":{"start":{"line":103,"column":37},"end":{"line":103,"column":44}},"41":{"start":{"line":104,"column":4},"end":{"line":104,"column":57}},"42":{"start":{"line":105,"column":4},"end":{"line":105,"column":20}},"43":{"start":{"line":108,"column":30},"end":{"line":115,"column":3}},"44":{"start":{"line":109,"column":4},"end":{"line":112,"column":5}},"45":{"start":{"line":110,"column":6},"end":{"line":110,"column":32}},"46":{"start":{"line":111,"column":6},"end":{"line":111,"column":13}},"47":{"start":{"line":113,"column":4},"end":{"line":113,"column":37}},"48":{"start":{"line":114,"column":4},"end":{"line":114,"column":20}},"49":{"start":{"line":117,"column":22},"end":{"line":144,"column":3}},"50":{"start":{"line":118,"column":4},"end":{"line":121,"column":5}},"51":{"start":{"line":119,"column":6},"end":{"line":119,"column":49}},"52":{"start":{"line":120,"column":6},"end":{"line":120,"column":13}},"53":{"start":{"line":123,"column":20},"end":{"line":123,"column":63}},"54":{"start":{"line":123,"column":39},"end":{"line":123,"column":62}},"55":{"start":{"line":124,"column":4},"end":{"line":124,"column":25}},"56":{"start":{"line":124,"column":18},"end":{"line":124,"column":25}},"57":{"start":{"line":126,"column":4},"end":{"line":143,"column":5}},"58":{"start":{"line":128,"column":6},"end":{"line":128,"column":55}},"59":{"start":{"line":129,"column":6},"end":{"line":129,"column":41}},"60":{"start":{"line":130,"column":6},"end":{"line":130,"column":32}},"61":{"start":{"line":131,"column":6},"end":{"line":131,"column":28}},"62":{"start":{"line":132,"column":6},"end":{"line":132,"column":32}},"63":{"start":{"line":135,"column":6},"end":{"line":137,"column":7}},"64":{"start":{"line":136,"column":8},"end":{"line":136,"column":33}},"65":{"start":{"line":140,"column":6},"end":{"line":140,"column":39}},"66":{"start":{"line":141,"column":6},"end":{"line":141,"column":28}},"67":{"start":{"line":142,"column":6},"end":{"line":142,"column":32}},"68":{"start":{"line":146,"column":20},"end":{"line":154,"column":3}},"69":{"start":{"line":147,"column":4},"end":{"line":147,"column":25}},"70":{"start":{"line":148,"column":4},"end":{"line":148,"column":27}},"71":{"start":{"line":149,"column":4},"end":{"line":149,"column":16}},"72":{"start":{"line":150,"column":4},"end":{"line":150,"column":24}},"73":{"start":{"line":151,"column":4},"end":{"line":151,"column":26}},"74":{"start":{"line":152,"column":4},"end":{"line":152,"column":30}},"75":{"start":{"line":153,"column":4},"end":{"line":153,"column":20}},"76":{"start":{"line":156,"column":2},"end":{"line":172,"column":3}},"77":{"start":{"line":157,"column":4},"end":{"line":171,"column":6}},"78":{"start":{"line":174,"column":2},"end":{"line":174,"column":34}},"79":{"start":{"line":174,"column":22},"end":{"line":174,"column":34}},"80":{"start":{"line":176,"column":25},"end":{"line":176,"column":77}},"81":{"start":{"line":176,"column":46},"end":{"line":176,"column":76}},"82":{"start":{"line":177,"column":23},"end":{"line":177,"column":58}},"83":{"start":{"line":178,"column":19},"end":{"line":178,"column":38}},"84":{"start":{"line":180,"column":2},"end":{"line":244,"column":4}},"85":{"start":{"line":207,"column":14},"end":{"line":213,"column":23}},"86":{"start":{"line":210,"column":31},"end":{"line":210,"column":52}},"87":{"start":{"line":222,"column":14},"end":{"line":228,"column":23}},"88":{"start":{"line":225,"column":31},"end":{"line":225,"column":55}}},"fnMap":{"0":{"name":"BarrysBlitz","decl":{"start":{"line":56,"column":24},"end":{"line":56,"column":35}},"loc":{"start":{"line":56,"column":38},"end":{"line":245,"column":1}},"line":56},"1":{"name":"(anonymous_1)","decl":{"start":{"line":68,"column":12},"end":{"line":68,"column":13}},"loc":{"start":{"line":68,"column":18},"end":{"line":82,"column":3}},"line":68},"2":{"name":"(anonymous_2)","decl":{"start":{"line":71,"column":30},"end":{"line":71,"column":31}},"loc":{"start":{"line":71,"column":36},"end":{"line":79,"column":5}},"line":71},"3":{"name":"(anonymous_3)","decl":{"start":{"line":72,"column":18},"end":{"line":72,"column":19}},"loc":{"start":{"line":72,"column":26},"end":{"line":78,"column":7}},"line":72},"4":{"name":"(anonymous_4)","decl":{"start":{"line":81,"column":11},"end":{"line":81,"column":12}},"loc":{"start":{"line":81,"column":17},"end":{"line":81,"column":37}},"line":81},"5":{"name":"(anonymous_5)","decl":{"start":{"line":84,"column":20},"end":{"line":84,"column":21}},"loc":{"start":{"line":84,"column":26},"end":{"line":100,"column":3}},"line":84},"6":{"name":"(anonymous_6)","decl":{"start":{"line":96,"column":44},"end":{"line":96,"column":45}},"loc":{"start":{"line":97,"column":6},"end":{"line":97,"column":60}},"line":97},"7":{"name":"(anonymous_7)","decl":{"start":{"line":97,"column":20},"end":{"line":97,"column":21}},"loc":{"start":{"line":97,"column":29},"end":{"line":97,"column":58}},"line":97},"8":{"name":"(anonymous_8)","decl":{"start":{"line":99,"column":27},"end":{"line":99,"column":28}},"loc":{"start":{"line":99,"column":33},"end":{"line":99,"column":52}},"line":99},"9":{"name":"(anonymous_9)","decl":{"start":{"line":102,"column":26},"end":{"line":102,"column":27}},"loc":{"start":{"line":102,"column":36},"end":{"line":106,"column":3}},"line":102},"10":{"name":"(anonymous_10)","decl":{"start":{"line":108,"column":30},"end":{"line":108,"column":31}},"loc":{"start":{"line":108,"column":47},"end":{"line":115,"column":3}},"line":108},"11":{"name":"(anonymous_11)","decl":{"start":{"line":117,"column":22},"end":{"line":117,"column":23}},"loc":{"start":{"line":117,"column":28},"end":{"line":144,"column":3}},"line":117},"12":{"name":"(anonymous_12)","decl":{"start":{"line":123,"column":34},"end":{"line":123,"column":35}},"loc":{"start":{"line":123,"column":39},"end":{"line":123,"column":62}},"line":123},"13":{"name":"(anonymous_13)","decl":{"start":{"line":146,"column":20},"end":{"line":146,"column":21}},"loc":{"start":{"line":146,"column":26},"end":{"line":154,"column":3}},"line":146},"14":{"name":"(anonymous_14)","decl":{"start":{"line":176,"column":41},"end":{"line":176,"column":42}},"loc":{"start":{"line":176,"column":46},"end":{"line":176,"column":76}},"line":176},"15":{"name":"(anonymous_15)","decl":{"start":{"line":206,"column":32},"end":{"line":206,"column":33}},"loc":{"start":{"line":207,"column":14},"end":{"line":213,"column":23}},"line":207},"16":{"name":"(anonymous_16)","decl":{"start":{"line":210,"column":25},"end":{"line":210,"column":26}},"loc":{"start":{"line":210,"column":31},"end":{"line":210,"column":52}},"line":210},"17":{"name":"(anonymous_17)","decl":{"start":{"line":221,"column":42},"end":{"line":221,"column":43}},"loc":{"start":{"line":222,"column":14},"end":{"line":228,"column":23}},"line":222},"18":{"name":"(anonymous_18)","decl":{"start":{"line":225,"column":25},"end":{"line":225,"column":26}},"loc":{"start":{"line":225,"column":31},"end":{"line":225,"column":55}},"line":225}},"branchMap":{"0":{"loc":{"start":{"line":69,"column":4},"end":{"line":69,"column":40}},"type":"if","locations":[{"start":{"line":69,"column":4},"end":{"line":69,"column":40}},{"start":{},"end":{}}],"line":69},"1":{"loc":{"start":{"line":73,"column":8},"end":{"line":76,"column":9}},"type":"if","locations":[{"start":{"line":73,"column":8},"end":{"line":76,"column":9}},{"start":{},"end":{}}],"line":73},"2":{"loc":{"start":{"line":103,"column":4},"end":{"line":103,"column":44}},"type":"if","locations":[{"start":{"line":103,"column":4},"end":{"line":103,"column":44}},{"start":{},"end":{}}],"line":103},"3":{"loc":{"start":{"line":104,"column":20},"end":{"line":104,"column":55}},"type":"cond-expr","locations":[{"start":{"line":104,"column":44},"end":{"line":104,"column":48}},{"start":{"line":104,"column":51},"end":{"line":104,"column":55}}],"line":104},"4":{"loc":{"start":{"line":109,"column":4},"end":{"line":112,"column":5}},"type":"if","locations":[{"start":{"line":109,"column":4},"end":{"line":112,"column":5}},{"start":{},"end":{}}],"line":109},"5":{"loc":{"start":{"line":118,"column":4},"end":{"line":121,"column":5}},"type":"if","locations":[{"start":{"line":118,"column":4},"end":{"line":121,"column":5}},{"start":{},"end":{}}],"line":118},"6":{"loc":{"start":{"line":118,"column":8},"end":{"line":118,"column":58}},"type":"binary-expr","locations":[{"start":{"line":118,"column":8},"end":{"line":118,"column":29}},{"start":{"line":118,"column":33},"end":{"line":118,"column":58}}],"line":118},"7":{"loc":{"start":{"line":124,"column":4},"end":{"line":124,"column":25}},"type":"if","locations":[{"start":{"line":124,"column":4},"end":{"line":124,"column":25}},{"start":{},"end":{}}],"line":124},"8":{"loc":{"start":{"line":126,"column":4},"end":{"line":143,"column":5}},"type":"if","locations":[{"start":{"line":126,"column":4},"end":{"line":143,"column":5}},{"start":{"line":138,"column":11},"end":{"line":143,"column":5}}],"line":126},"9":{"loc":{"start":{"line":135,"column":6},"end":{"line":137,"column":7}},"type":"if","locations":[{"start":{"line":135,"column":6},"end":{"line":137,"column":7}},{"start":{},"end":{}}],"line":135},"10":{"loc":{"start":{"line":156,"column":2},"end":{"line":172,"column":3}},"type":"if","locations":[{"start":{"line":156,"column":2},"end":{"line":172,"column":3}},{"start":{},"end":{}}],"line":156},"11":{"loc":{"start":{"line":174,"column":2},"end":{"line":174,"column":34}},"type":"if","locations":[{"start":{"line":174,"column":2},"end":{"line":174,"column":34}},{"start":{},"end":{}}],"line":174},"12":{"loc":{"start":{"line":189,"column":38},"end":{"line":189,"column":69}},"type":"cond-expr","locations":[{"start":{"line":189,"column":55},"end":{"line":189,"column":64}},{"start":{"line":189,"column":67},"end":{"line":189,"column":69}}],"line":189},"13":{"loc":{"start":{"line":209,"column":40},"end":{"line":209,"column":79}},"type":"cond-expr","locations":[{"start":{"line":209,"column":64},"end":{"line":209,"column":74}},{"start":{"line":209,"column":77},"end":{"line":209,"column":79}}],"line":209},"14":{"loc":{"start":{"line":224,"column":44},"end":{"line":224,"column":86}},"type":"cond-expr","locations":[{"start":{"line":224,"column":71},"end":{"line":224,"column":81}},{"start":{"line":224,"column":84},"end":{"line":224,"column":86}}],"line":224},"15":{"loc":{"start":{"line":235,"column":9},"end":{"line":235,"column":113}},"type":"binary-expr","locations":[{"start":{"line":235,"column":9},"end":{"line":235,"column":17}},{"start":{"line":235,"column":21},"end":{"line":235,"column":113}}],"line":235},"16":{"loc":{"start":{"line":235,"column":49},"end":{"line":235,"column":93}},"type":"cond-expr","locations":[{"start":{"line":235,"column":74},"end":{"line":235,"column":83}},{"start":{"line":235,"column":86},"end":{"line":235,"column":93}}],"line":235}},"s":{"0":0,"1":0,"2":0,"3":0,"4":0,"5":0,"6":0,"7":0,"8":0,"9":0,"10":0,"11":0,"12":0,"13":0,"14":0,"15":0,"16":0,"17":0,"18":0,"19":0,"20":0,"21":0,"22":0,"23":0,"24":0,"25":0,"26":0,"27":0,"28":0,"29":0,"30":0,"31":0,"32":0,"33":0,"34":0,"35":0,"36":0,"37":0,"38":0,"39":0,"40":0,"41":0,"42":0,"43":0,"44":0,"45":0,"46":0,"47":0,"48":0,"49":0,"50":0,"51":0,"52":0,"53":0,"54":0,"55":0,"56":0,"57":0,"58":0,"59":0,"60":0,"61":0,"62":0,"63":0,"64":0,"65":0,"66":0,"67":0,"68":0,"69":0,"70":0,"71":0,"72":0,"73":0,"74":0,"75":0,"76":0,"77":0,"78":0,"79":0,"80":0,"81":0,"82":0,"83":0,"84":0,"85":0,"86":0,"87":0,"88":0},"f":{"0":0,"1":0,"2":0,"3":0,"4":0,"5":0,"6":0,"7":0,"8":0,"9":0,"10":0,"11":0,"12":0,"13":0,"14":0,"15":0,"16":0,"17":0,"18":0},"b":{"0":[0,0],"1":[0,0],"2":[0,0],"3":[0,0],"4":[0,0],"5":[0,0],"6":[0,0],"7":[0,0],"8":[0,0],"9":[0,0],"10":[0,0],"11":[0,0],"12":[0,0],"13":[0,0],"14":[0,0],"15":[0,0],"16":[0,0]}}
,"/workspace/MatchyMatch/src/components/Confetti.jsx": {"path":"/workspace/MatchyMatch/src/components/Confetti.jsx","statementMap":{"0":{"start":{"line":3,"column":15},"end":{"line":6,"column":1}},"1":{"start":{"line":8,"column":15},"end":{"line":8,"column":45}},"2":{"start":{"line":11,"column":2},"end":{"line":11,"column":37}},"3":{"start":{"line":19,"column":22},"end":{"line":31,"column":3}},"4":{"start":{"line":20,"column":4},"end":{"line":30,"column":7}},"5":{"start":{"line":20,"column":45},"end":{"line":30,"column":5}},"6":{"start":{"line":33,"column":2},"end":{"line":72,"column":4}},"7":{"start":{"line":45,"column":26},"end":{"line":56,"column":9}},"8":{"start":{"line":58,"column":8},"end":{"line":67,"column":9}},"9":{"start":{"line":59,"column":10},"end":{"line":59,"column":41}},"10":{"start":{"line":60,"column":15},"end":{"line":67,"column":9}},"11":{"start":{"line":61,"column":10},"end":{"line":61,"column":30}},"12":{"start":{"line":62,"column":10},"end":{"line":62,"column":31}},"13":{"start":{"line":63,"column":10},"end":{"line":63,"column":52}},"14":{"start":{"line":64,"column":10},"end":{"line":64,"column":71}},"15":{"start":{"line":65,"column":10},"end":{"line":65,"column":72}},"16":{"start":{"line":66,"column":10},"end":{"line":66,"column":66}},"17":{"start":{"line":69,"column":8},"end":{"line":69,"column":52}}},"fnMap":{"0":{"name":"randomBetween","decl":{"start":{"line":10,"column":9},"end":{"line":10,"column":22}},"loc":{"start":{"line":10,"column":29},"end":{"line":12,"column":1}},"line":10},"1":{"name":"Confetti","decl":{"start":{"line":14,"column":24},"end":{"line":14,"column":32}},"loc":{"start":{"line":14,"column":49},"end":{"line":73,"column":1}},"line":14},"2":{"name":"(anonymous_2)","decl":{"start":{"line":19,"column":31},"end":{"line":19,"column":32}},"loc":{"start":{"line":20,"column":4},"end":{"line":30,"column":7}},"line":20},"3":{"name":"(anonymous_3)","decl":{"start":{"line":20,"column":34},"end":{"line":20,"column":35}},"loc":{"start":{"line":20,"column":45},"end":{"line":30,"column":5}},"line":20},"4":{"name":"(anonymous_4)","decl":{"start":{"line":44,"column":21},"end":{"line":44,"column":22}},"loc":{"start":{"line":44,"column":28},"end":{"line":70,"column":7}},"line":44}},"branchMap":{"0":{"loc":{"start":{"line":14,"column":35},"end":{"line":14,"column":45}},"type":"default-arg","locations":[{"start":{"line":14,"column":43},"end":{"line":14,"column":45}}],"line":14},"1":{"loc":{"start":{"line":50,"column":18},"end":{"line":50,"column":61}},"type":"cond-expr","locations":[{"start":{"line":50,"column":39},"end":{"line":50,"column":52}},{"start":{"line":50,"column":55},"end":{"line":50,"column":61}}],"line":50},"2":{"loc":{"start":{"line":58,"column":8},"end":{"line":67,"column":9}},"type":"if","locations":[{"start":{"line":58,"column":8},"end":{"line":67,"column":9}},{"start":{"line":60,"column":15},"end":{"line":67,"column":9}}],"line":58},"3":{"loc":{"start":{"line":60,"column":15},"end":{"line":67,"column":9}},"type":"if","locations":[{"start":{"line":60,"column":15},"end":{"line":67,"column":9}},{"start":{},"end":{}}],"line":60}},"s":{"0":0,"1":0,"2":0,"3":0,"4":0,"5":0,"6":0,"7":0,"8":0,"9":0,"10":0,"11":0,"12":0,"13":0,"14":0,"15":0,"16":0,"17":0},"f":{"0":0,"1":0,"2":0,"3":0,"4":0},"b":{"0":[0],"1":[0,0],"2":[0,0],"3":[0,0]}}
,"/workspace/MatchyMatch/src/components/DarkModeToggle.jsx": {"path":"/workspace/MatchyMatch/src/components/DarkModeToggle.jsx","statementMap":{"0":{"start":{"line":4,"column":2},"end":{"line":40,"column":3}},"1":{"start":{"line":24,"column":8},"end":{"line":24,"column":66}},"2":{"start":{"line":25,"column":8},"end":{"line":25,"column":60}},"3":{"start":{"line":28,"column":8},"end":{"line":28,"column":65}},"4":{"start":{"line":29,"column":8},"end":{"line":29,"column":62}},"5":{"start":{"line":32,"column":8},"end":{"line":32,"column":55}},"6":{"start":{"line":35,"column":8},"end":{"line":35,"column":52}}},"fnMap":{"0":{"name":"DarkModeToggle","decl":{"start":{"line":3,"column":24},"end":{"line":3,"column":38}},"loc":{"start":{"line":3,"column":59},"end":{"line":41,"column":1}},"line":3},"1":{"name":"(anonymous_1)","decl":{"start":{"line":23,"column":20},"end":{"line":23,"column":21}},"loc":{"start":{"line":23,"column":27},"end":{"line":26,"column":7}},"line":23},"2":{"name":"(anonymous_2)","decl":{"start":{"line":27,"column":20},"end":{"line":27,"column":21}},"loc":{"start":{"line":27,"column":27},"end":{"line":30,"column":7}},"line":27},"3":{"name":"(anonymous_3)","decl":{"start":{"line":31,"column":19},"end":{"line":31,"column":20}},"loc":{"start":{"line":31,"column":26},"end":{"line":33,"column":7}},"line":31},"4":{"name":"(anonymous_4)","decl":{"start":{"line":34,"column":17},"end":{"line":34,"column":18}},"loc":{"start":{"line":34,"column":24},"end":{"line":36,"column":7}},"line":34}},"branchMap":{"0":{"loc":{"start":{"line":7,"column":18},"end":{"line":7,"column":71}},"type":"cond-expr","locations":[{"start":{"line":7,"column":25},"end":{"line":7,"column":47}},{"start":{"line":7,"column":50},"end":{"line":7,"column":71}}],"line":7},"1":{"loc":{"start":{"line":8,"column":13},"end":{"line":8,"column":46}},"type":"cond-expr","locations":[{"start":{"line":8,"column":20},"end":{"line":8,"column":32}},{"start":{"line":8,"column":35},"end":{"line":8,"column":46}}],"line":8},"2":{"loc":{"start":{"line":38,"column":7},"end":{"line":38,"column":84}},"type":"cond-expr","locations":[{"start":{"line":38,"column":14},"end":{"line":38,"column":47}},{"start":{"line":38,"column":50},"end":{"line":38,"column":84}}],"line":38}},"s":{"0":8,"1":0,"2":0,"3":0,"4":0,"5":0,"6":0},"f":{"0":8,"1":0,"2":0,"3":0,"4":0},"b":{"0":[3,5],"1":[3,5],"2":[3,5]},"_coverageSchema":"1a1c01bbd47fc00a2c39e90264f33305004495a9","hash":"4e818620d10eede543d9a1a684c4a28cf48e4603"}
,"/workspace/MatchyMatch/src/components/Footer.jsx": {"path":"/workspace/MatchyMatch/src/components/Footer.jsx","statementMap":{"0":{"start":{"line":2,"column":2},"end":{"line":14,"column":4}}},"fnMap":{"0":{"name":"Footer","decl":{"start":{"line":1,"column":9},"end":{"line":1,"column":15}},"loc":{"start":{"line":1,"column":18},"end":{"line":15,"column":1}},"line":1}},"branchMap":{},"s":{"0":0},"f":{"0":0},"b":{}}
,"/workspace/MatchyMatch/src/components/GameBoard.jsx": {"path":"/workspace/MatchyMatch/src/components/GameBoard.jsx","statementMap":{"0":{"start":{"line":10,"column":21},"end":{"line":10,"column":22}},"1":{"start":{"line":11,"column":22},"end":{"line":11,"column":44}},"2":{"start":{"line":14,"column":12},"end":{"line":14,"column":20}},"3":{"start":{"line":15,"column":2},"end":{"line":18,"column":3}},"4":{"start":{"line":15,"column":15},"end":{"line":15,"column":27}},"5":{"start":{"line":16,"column":14},"end":{"line":16,"column":49}},"6":{"start":{"line":17,"column":4},"end":{"line":17,"column":32}},"7":{"start":{"line":19,"column":2},"end":{"line":19,"column":11}},"8":{"start":{"line":23,"column":19},"end":{"line":25,"column":3}},"9":{"start":{"line":24,"column":4},"end":{"line":24,"column":55}},"10":{"start":{"line":24,"column":24},"end":{"line":24,"column":53}},"11":{"start":{"line":27,"column":26},"end":{"line":27,"column":44}},"12":{"start":{"line":28,"column":38},"end":{"line":28,"column":53}},"13":{"start":{"line":29,"column":28},"end":{"line":29,"column":66}},"14":{"start":{"line":29,"column":43},"end":{"line":29,"column":65}},"15":{"start":{"line":30,"column":34},"end":{"line":30,"column":46}},"16":{"start":{"line":31,"column":34},"end":{"line":31,"column":46}},"17":{"start":{"line":32,"column":28},"end":{"line":32,"column":61}},"18":{"start":{"line":33,"column":28},"end":{"line":33,"column":42}},"19":{"start":{"line":34,"column":36},"end":{"line":34,"column":51}},"20":{"start":{"line":35,"column":36},"end":{"line":35,"column":55}},"21":{"start":{"line":36,"column":52},"end":{"line":36,"column":64}},"22":{"start":{"line":37,"column":38},"end":{"line":37,"column":49}},"23":{"start":{"line":38,"column":18},"end":{"line":38,"column":30}},"24":{"start":{"line":40,"column":25},"end":{"line":40,"column":58}},"25":{"start":{"line":40,"column":35},"end":{"line":40,"column":58}},"26":{"start":{"line":41,"column":25},"end":{"line":41,"column":58}},"27":{"start":{"line":41,"column":35},"end":{"line":41,"column":58}},"28":{"start":{"line":43,"column":20},"end":{"line":45,"column":8}},"29":{"start":{"line":44,"column":4},"end":{"line":44,"column":18}},"30":{"start":{"line":47,"column":27},"end":{"line":57,"column":3}},"31":{"start":{"line":48,"column":4},"end":{"line":48,"column":27}},"32":{"start":{"line":48,"column":20},"end":{"line":48,"column":27}},"33":{"start":{"line":49,"column":4},"end":{"line":49,"column":21}},"34":{"start":{"line":50,"column":4},"end":{"line":50,"column":37}},"35":{"start":{"line":51,"column":4},"end":{"line":51,"column":37}},"36":{"start":{"line":52,"column":4},"end":{"line":52,"column":20}},"37":{"start":{"line":53,"column":4},"end":{"line":53,"column":20}},"38":{"start":{"line":54,"column":4},"end":{"line":54,"column":29}},"39":{"start":{"line":55,"column":4},"end":{"line":55,"column":21}},"40":{"start":{"line":56,"column":4},"end":{"line":56,"column":28}},"41":{"start":{"line":59,"column":26},"end":{"line":68,"column":3}},"42":{"start":{"line":60,"column":4},"end":{"line":60,"column":40}},"43":{"start":{"line":60,"column":33},"end":{"line":60,"column":40}},"44":{"start":{"line":61,"column":4},"end":{"line":61,"column":37}},"45":{"start":{"line":61,"column":30},"end":{"line":61,"column":37}},"46":{"start":{"line":62,"column":4},"end":{"line":67,"column":5}},"47":{"start":{"line":63,"column":6},"end":{"line":63,"column":60}},"48":{"start":{"line":63,"column":28},"end":{"line":63,"column":58}},"49":{"start":{"line":63,"column":47},"end":{"line":63,"column":57}},"50":{"start":{"line":65,"column":6},"end":{"line":65,"column":50}},"51":{"start":{"line":65,"column":43},"end":{"line":65,"column":50}},"52":{"start":{"line":66,"column":6},"end":{"line":66,"column":45}},"53":{"start":{"line":66,"column":28},"end":{"line":66,"column":43}},"54":{"start":{"line":70,"column":24},"end":{"line":77,"column":3}},"55":{"start":{"line":71,"column":23},"end":{"line":71,"column":67}},"56":{"start":{"line":71,"column":43},"end":{"line":71,"column":66}},"57":{"start":{"line":72,"column":21},"end":{"line":72,"column":45}},"58":{"start":{"line":73,"column":4},"end":{"line":76,"column":7}},"59":{"start":{"line":74,"column":28},"end":{"line":74,"column":70}},"60":{"start":{"line":74,"column":47},"end":{"line":74,"column":69}},"61":{"start":{"line":75,"column":6},"end":{"line":75,"column":45}},"62":{"start":{"line":79,"column":28},"end":{"line":79,"column":49}},"63":{"start":{"line":79,"column":34},"end":{"line":79,"column":49}},"64":{"start":{"line":81,"column":23},"end":{"line":133,"column":3}},"65":{"start":{"line":82,"column":4},"end":{"line":82,"column":49}},"66":{"start":{"line":82,"column":42},"end":{"line":82,"column":49}},"67":{"start":{"line":83,"column":4},"end":{"line":83,"column":40}},"68":{"start":{"line":83,"column":33},"end":{"line":83,"column":40}},"69":{"start":{"line":85,"column":4},"end":{"line":85,"column":41}},"70":{"start":{"line":85,"column":21},"end":{"line":85,"column":41}},"71":{"start":{"line":86,"column":4},"end":{"line":86,"column":32}},"72":{"start":{"line":86,"column":25},"end":{"line":86,"column":30}},"73":{"start":{"line":88,"column":32},"end":{"line":91,"column":6}},"74":{"start":{"line":89,"column":19},"end":{"line":89,"column":56}},"75":{"start":{"line":89,"column":40},"end":{"line":89,"column":55}},"76":{"start":{"line":90,"column":6},"end":{"line":90,"column":30}},"77":{"start":{"line":93,"column":20},"end":{"line":93,"column":84}},"78":{"start":{"line":93,"column":54},"end":{"line":93,"column":83}},"79":{"start":{"line":95,"column":4},"end":{"line":132,"column":5}},"80":{"start":{"line":96,"column":30},"end":{"line":98,"column":7}},"81":{"start":{"line":97,"column":15},"end":{"line":97,"column":46}},"82":{"start":{"line":99,"column":6},"end":{"line":99,"column":52}},"83":{"start":{"line":99,"column":28},"end":{"line":99,"column":50}},"84":{"start":{"line":100,"column":6},"end":{"line":100,"column":22}},"85":{"start":{"line":101,"column":25},"end":{"line":101,"column":64}},"86":{"start":{"line":102,"column":6},"end":{"line":102,"column":39}},"87":{"start":{"line":103,"column":6},"end":{"line":105,"column":7}},"88":{"start":{"line":104,"column":8},"end":{"line":104,"column":51}},"89":{"start":{"line":104,"column":25},"end":{"line":104,"column":44}},"90":{"start":{"line":107,"column":22},"end":{"line":109,"column":7}},"91":{"start":{"line":108,"column":16},"end":{"line":108,"column":72}},"92":{"start":{"line":108,"column":50},"end":{"line":108,"column":58}},"93":{"start":{"line":111,"column":6},"end":{"line":111,"column":21}},"94":{"start":{"line":112,"column":23},"end":{"line":112,"column":32}},"95":{"start":{"line":113,"column":6},"end":{"line":113,"column":25}},"96":{"start":{"line":114,"column":6},"end":{"line":114,"column":22}},"97":{"start":{"line":116,"column":6},"end":{"line":120,"column":7}},"98":{"start":{"line":117,"column":8},"end":{"line":117,"column":42}},"99":{"start":{"line":119,"column":8},"end":{"line":119,"column":43}},"100":{"start":{"line":122,"column":6},"end":{"line":131,"column":7}},"101":{"start":{"line":123,"column":8},"end":{"line":130,"column":16}},"102":{"start":{"line":124,"column":28},"end":{"line":126,"column":11}},"103":{"start":{"line":125,"column":19},"end":{"line":125,"column":64}},"104":{"start":{"line":125,"column":50},"end":{"line":125,"column":63}},"105":{"start":{"line":127,"column":10},"end":{"line":127,"column":66}},"106":{"start":{"line":127,"column":41},"end":{"line":127,"column":64}},"107":{"start":{"line":128,"column":10},"end":{"line":128,"column":51}},"108":{"start":{"line":128,"column":42},"end":{"line":128,"column":48}},"109":{"start":{"line":129,"column":10},"end":{"line":129,"column":31}},"110":{"start":{"line":135,"column":23},"end":{"line":138,"column":3}},"111":{"start":{"line":136,"column":4},"end":{"line":136,"column":23}},"112":{"start":{"line":137,"column":4},"end":{"line":137,"column":47}},"113":{"start":{"line":137,"column":21},"end":{"line":137,"column":40}},"114":{"start":{"line":140,"column":21},"end":{"line":140,"column":65}},"115":{"start":{"line":140,"column":41},"end":{"line":140,"column":64}},"116":{"start":{"line":142,"column":2},"end":{"line":369,"column":4}},"117":{"start":{"line":144,"column":53},"end":{"line":144,"column":67}},"118":{"start":{"line":160,"column":10},"end":{"line":160,"column":58}},"119":{"start":{"line":173,"column":14},"end":{"line":179,"column":16}},"120":{"start":{"line":178,"column":31},"end":{"line":178,"column":52}}},"fnMap":{"0":{"name":"shuffleArray","decl":{"start":{"line":13,"column":9},"end":{"line":13,"column":21}},"loc":{"start":{"line":13,"column":27},"end":{"line":20,"column":1}},"line":13},"1":{"name":"GameBoard","decl":{"start":{"line":22,"column":24},"end":{"line":22,"column":33}},"loc":{"start":{"line":22,"column":57},"end":{"line":370,"column":1}},"line":22},"2":{"name":"(anonymous_2)","decl":{"start":{"line":23,"column":45},"end":{"line":23,"column":46}},"loc":{"start":{"line":24,"column":4},"end":{"line":24,"column":55}},"line":24},"3":{"name":"(anonymous_3)","decl":{"start":{"line":24,"column":16},"end":{"line":24,"column":17}},"loc":{"start":{"line":24,"column":24},"end":{"line":24,"column":53}},"line":24},"4":{"name":"(anonymous_4)","decl":{"start":{"line":29,"column":37},"end":{"line":29,"column":38}},"loc":{"start":{"line":29,"column":43},"end":{"line":29,"column":65}},"line":29},"5":{"name":"(anonymous_5)","decl":{"start":{"line":40,"column":25},"end":{"line":40,"column":26}},"loc":{"start":{"line":40,"column":35},"end":{"line":40,"column":58}},"line":40},"6":{"name":"(anonymous_6)","decl":{"start":{"line":41,"column":25},"end":{"line":41,"column":26}},"loc":{"start":{"line":41,"column":35},"end":{"line":41,"column":58}},"line":41},"7":{"name":"(anonymous_7)","decl":{"start":{"line":43,"column":32},"end":{"line":43,"column":33}},"loc":{"start":{"line":43,"column":41},"end":{"line":45,"column":3}},"line":43},"8":{"name":"(anonymous_8)","decl":{"start":{"line":47,"column":27},"end":{"line":47,"column":28}},"loc":{"start":{"line":47,"column":40},"end":{"line":57,"column":3}},"line":47},"9":{"name":"(anonymous_9)","decl":{"start":{"line":59,"column":26},"end":{"line":59,"column":27}},"loc":{"start":{"line":59,"column":36},"end":{"line":68,"column":3}},"line":59},"10":{"name":"(anonymous_10)","decl":{"start":{"line":63,"column":18},"end":{"line":63,"column":19}},"loc":{"start":{"line":63,"column":28},"end":{"line":63,"column":58}},"line":63},"11":{"name":"(anonymous_11)","decl":{"start":{"line":63,"column":40},"end":{"line":63,"column":41}},"loc":{"start":{"line":63,"column":47},"end":{"line":63,"column":57}},"line":63},"12":{"name":"(anonymous_12)","decl":{"start":{"line":66,"column":18},"end":{"line":66,"column":19}},"loc":{"start":{"line":66,"column":28},"end":{"line":66,"column":43}},"line":66},"13":{"name":"(anonymous_13)","decl":{"start":{"line":70,"column":24},"end":{"line":70,"column":25}},"loc":{"start":{"line":70,"column":30},"end":{"line":77,"column":3}},"line":70},"14":{"name":"(anonymous_14)","decl":{"start":{"line":71,"column":36},"end":{"line":71,"column":37}},"loc":{"start":{"line":71,"column":43},"end":{"line":71,"column":66}},"line":71},"15":{"name":"(anonymous_15)","decl":{"start":{"line":73,"column":13},"end":{"line":73,"column":14}},"loc":{"start":{"line":73,"column":23},"end":{"line":76,"column":5}},"line":73},"16":{"name":"(anonymous_16)","decl":{"start":{"line":74,"column":40},"end":{"line":74,"column":41}},"loc":{"start":{"line":74,"column":47},"end":{"line":74,"column":69}},"line":74},"17":{"name":"(anonymous_17)","decl":{"start":{"line":79,"column":28},"end":{"line":79,"column":29}},"loc":{"start":{"line":79,"column":34},"end":{"line":79,"column":49}},"line":79},"18":{"name":"(anonymous_18)","decl":{"start":{"line":81,"column":23},"end":{"line":81,"column":24}},"loc":{"start":{"line":81,"column":29},"end":{"line":133,"column":3}},"line":81},"19":{"name":"(anonymous_19)","decl":{"start":{"line":86,"column":18},"end":{"line":86,"column":19}},"loc":{"start":{"line":86,"column":25},"end":{"line":86,"column":30}},"line":86},"20":{"name":"(anonymous_20)","decl":{"start":{"line":88,"column":45},"end":{"line":88,"column":46}},"loc":{"start":{"line":88,"column":55},"end":{"line":91,"column":5}},"line":88},"21":{"name":"(anonymous_21)","decl":{"start":{"line":89,"column":33},"end":{"line":89,"column":34}},"loc":{"start":{"line":89,"column":40},"end":{"line":89,"column":55}},"line":89},"22":{"name":"(anonymous_22)","decl":{"start":{"line":93,"column":46},"end":{"line":93,"column":47}},"loc":{"start":{"line":93,"column":54},"end":{"line":93,"column":83}},"line":93},"23":{"name":"(anonymous_23)","decl":{"start":{"line":97,"column":8},"end":{"line":97,"column":9}},"loc":{"start":{"line":97,"column":15},"end":{"line":97,"column":46}},"line":97},"24":{"name":"(anonymous_24)","decl":{"start":{"line":99,"column":18},"end":{"line":99,"column":19}},"loc":{"start":{"line":99,"column":28},"end":{"line":99,"column":50}},"line":99},"25":{"name":"(anonymous_25)","decl":{"start":{"line":104,"column":19},"end":{"line":104,"column":20}},"loc":{"start":{"line":104,"column":25},"end":{"line":104,"column":44}},"line":104},"26":{"name":"(anonymous_26)","decl":{"start":{"line":108,"column":8},"end":{"line":108,"column":9}},"loc":{"start":{"line":108,"column":16},"end":{"line":108,"column":72}},"line":108},"27":{"name":"(anonymous_27)","decl":{"start":{"line":108,"column":43},"end":{"line":108,"column":44}},"loc":{"start":{"line":108,"column":50},"end":{"line":108,"column":58}},"line":108},"28":{"name":"(anonymous_28)","decl":{"start":{"line":123,"column":19},"end":{"line":123,"column":20}},"loc":{"start":{"line":123,"column":25},"end":{"line":130,"column":9}},"line":123},"29":{"name":"(anonymous_29)","decl":{"start":{"line":125,"column":12},"end":{"line":125,"column":13}},"loc":{"start":{"line":125,"column":19},"end":{"line":125,"column":64}},"line":125},"30":{"name":"(anonymous_30)","decl":{"start":{"line":125,"column":43},"end":{"line":125,"column":44}},"loc":{"start":{"line":125,"column":50},"end":{"line":125,"column":63}},"line":125},"31":{"name":"(anonymous_31)","decl":{"start":{"line":127,"column":31},"end":{"line":127,"column":32}},"loc":{"start":{"line":127,"column":41},"end":{"line":127,"column":64}},"line":127},"32":{"name":"(anonymous_32)","decl":{"start":{"line":128,"column":35},"end":{"line":128,"column":36}},"loc":{"start":{"line":128,"column":42},"end":{"line":128,"column":48}},"line":128},"33":{"name":"(anonymous_33)","decl":{"start":{"line":135,"column":23},"end":{"line":135,"column":24}},"loc":{"start":{"line":135,"column":29},"end":{"line":138,"column":3}},"line":135},"34":{"name":"(anonymous_34)","decl":{"start":{"line":137,"column":15},"end":{"line":137,"column":16}},"loc":{"start":{"line":137,"column":21},"end":{"line":137,"column":40}},"line":137},"35":{"name":"(anonymous_35)","decl":{"start":{"line":140,"column":34},"end":{"line":140,"column":35}},"loc":{"start":{"line":140,"column":41},"end":{"line":140,"column":64}},"line":140},"36":{"name":"(anonymous_36)","decl":{"start":{"line":144,"column":47},"end":{"line":144,"column":48}},"loc":{"start":{"line":144,"column":53},"end":{"line":144,"column":67}},"line":144},"37":{"name":"(anonymous_37)","decl":{"start":{"line":159,"column":31},"end":{"line":159,"column":32}},"loc":{"start":{"line":160,"column":10},"end":{"line":160,"column":58}},"line":160},"38":{"name":"(anonymous_38)","decl":{"start":{"line":172,"column":28},"end":{"line":172,"column":29}},"loc":{"start":{"line":173,"column":14},"end":{"line":179,"column":16}},"line":173},"39":{"name":"(anonymous_39)","decl":{"start":{"line":178,"column":25},"end":{"line":178,"column":26}},"loc":{"start":{"line":178,"column":31},"end":{"line":178,"column":52}},"line":178}},"branchMap":{"0":{"loc":{"start":{"line":48,"column":4},"end":{"line":48,"column":27}},"type":"if","locations":[{"start":{"line":48,"column":4},"end":{"line":48,"column":27}},{"start":{},"end":{}}],"line":48},"1":{"loc":{"start":{"line":60,"column":4},"end":{"line":60,"column":40}},"type":"if","locations":[{"start":{"line":60,"column":4},"end":{"line":60,"column":40}},{"start":{},"end":{}}],"line":60},"2":{"loc":{"start":{"line":61,"column":4},"end":{"line":61,"column":37}},"type":"if","locations":[{"start":{"line":61,"column":4},"end":{"line":61,"column":37}},{"start":{},"end":{}}],"line":61},"3":{"loc":{"start":{"line":62,"column":4},"end":{"line":67,"column":5}},"type":"if","locations":[{"start":{"line":62,"column":4},"end":{"line":67,"column":5}},{"start":{"line":64,"column":11},"end":{"line":67,"column":5}}],"line":62},"4":{"loc":{"start":{"line":65,"column":6},"end":{"line":65,"column":50}},"type":"if","locations":[{"start":{"line":65,"column":6},"end":{"line":65,"column":50}},{"start":{},"end":{}}],"line":65},"5":{"loc":{"start":{"line":82,"column":4},"end":{"line":82,"column":49}},"type":"if","locations":[{"start":{"line":82,"column":4},"end":{"line":82,"column":49}},{"start":{},"end":{}}],"line":82},"6":{"loc":{"start":{"line":83,"column":4},"end":{"line":83,"column":40}},"type":"if","locations":[{"start":{"line":83,"column":4},"end":{"line":83,"column":40}},{"start":{},"end":{}}],"line":83},"7":{"loc":{"start":{"line":85,"column":4},"end":{"line":85,"column":41}},"type":"if","locations":[{"start":{"line":85,"column":4},"end":{"line":85,"column":41}},{"start":{},"end":{}}],"line":85},"8":{"loc":{"start":{"line":95,"column":4},"end":{"line":132,"column":5}},"type":"if","locations":[{"start":{"line":95,"column":4},"end":{"line":132,"column":5}},{"start":{"line":106,"column":11},"end":{"line":132,"column":5}}],"line":95},"9":{"loc":{"start":{"line":103,"column":6},"end":{"line":105,"column":7}},"type":"if","locations":[{"start":{"line":103,"column":6},"end":{"line":105,"column":7}},{"start":{},"end":{}}],"line":103},"10":{"loc":{"start":{"line":116,"column":6},"end":{"line":120,"column":7}},"type":"if","locations":[{"start":{"line":116,"column":6},"end":{"line":120,"column":7}},{"start":{"line":118,"column":13},"end":{"line":120,"column":7}}],"line":116},"11":{"loc":{"start":{"line":116,"column":10},"end":{"line":116,"column":38}},"type":"binary-expr","locations":[{"start":{"line":116,"column":10},"end":{"line":116,"column":17}},{"start":{"line":116,"column":21},"end":{"line":116,"column":38}}],"line":116},"12":{"loc":{"start":{"line":122,"column":6},"end":{"line":131,"column":7}},"type":"if","locations":[{"start":{"line":122,"column":6},"end":{"line":131,"column":7}},{"start":{},"end":{}}],"line":122},"13":{"loc":{"start":{"line":144,"column":7},"end":{"line":144,"column":71}},"type":"binary-expr","locations":[{"start":{"line":144,"column":7},"end":{"line":144,"column":12}},{"start":{"line":144,"column":16},"end":{"line":144,"column":71}}],"line":144},"14":{"loc":{"start":{"line":163,"column":9},"end":{"line":182,"column":9}},"type":"binary-expr","locations":[{"start":{"line":163,"column":9},"end":{"line":163,"column":30}},{"start":{"line":164,"column":10},"end":{"line":181,"column":16}}],"line":163},"15":{"loc":{"start":{"line":169,"column":14},"end":{"line":169,"column":34}},"type":"binary-expr","locations":[{"start":{"line":169,"column":14},"end":{"line":169,"column":23}},{"start":{"line":169,"column":27},"end":{"line":169,"column":34}}],"line":169},"16":{"loc":{"start":{"line":186,"column":7},"end":{"line":241,"column":7}},"type":"binary-expr","locations":[{"start":{"line":186,"column":7},"end":{"line":186,"column":30}},{"start":{"line":187,"column":8},"end":{"line":240,"column":14}}],"line":186},"17":{"loc":{"start":{"line":195,"column":15},"end":{"line":195,"column":69}},"type":"cond-expr","locations":[{"start":{"line":195,"column":34},"end":{"line":195,"column":43}},{"start":{"line":195,"column":46},"end":{"line":195,"column":69}}],"line":195},"18":{"loc":{"start":{"line":244,"column":7},"end":{"line":309,"column":7}},"type":"binary-expr","locations":[{"start":{"line":244,"column":7},"end":{"line":244,"column":26}},{"start":{"line":245,"column":8},"end":{"line":308,"column":14}}],"line":244},"19":{"loc":{"start":{"line":285,"column":15},"end":{"line":285,"column":74}},"type":"cond-expr","locations":[{"start":{"line":285,"column":33},"end":{"line":285,"column":55}},{"start":{"line":285,"column":58},"end":{"line":285,"column":74}}],"line":285},"20":{"loc":{"start":{"line":296,"column":25},"end":{"line":296,"column":55}},"type":"cond-expr","locations":[{"start":{"line":296,"column":39},"end":{"line":296,"column":45}},{"start":{"line":296,"column":48},"end":{"line":296,"column":55}}],"line":296},"21":{"loc":{"start":{"line":300,"column":30},"end":{"line":300,"column":68}},"type":"cond-expr","locations":[{"start":{"line":300,"column":49},"end":{"line":300,"column":56}},{"start":{"line":300,"column":59},"end":{"line":300,"column":68}}],"line":300},"22":{"loc":{"start":{"line":312,"column":7},"end":{"line":367,"column":7}},"type":"binary-expr","locations":[{"start":{"line":312,"column":7},"end":{"line":312,"column":27}},{"start":{"line":313,"column":8},"end":{"line":366,"column":14}}],"line":312},"23":{"loc":{"start":{"line":358,"column":30},"end":{"line":358,"column":68}},"type":"cond-expr","locations":[{"start":{"line":358,"column":49},"end":{"line":358,"column":56}},{"start":{"line":358,"column":59},"end":{"line":358,"column":68}}],"line":358}},"s":{"0":0,"1":0,"2":0,"3":0,"4":0,"5":0,"6":0,"7":0,"8":0,"9":0,"10":0,"11":0,"12":0,"13":0,"14":0,"15":0,"16":0,"17":0,"18":0,"19":0,"20":0,"21":0,"22":0,"23":0,"24":0,"25":0,"26":0,"27":0,"28":0,"29":0,"30":0,"31":0,"32":0,"33":0,"34":0,"35":0,"36":0,"37":0,"38":0,"39":0,"40":0,"41":0,"42":0,"43":0,"44":0,"45":0,"46":0,"47":0,"48":0,"49":0,"50":0,"51":0,"52":0,"53":0,"54":0,"55":0,"56":0,"57":0,"58":0,"59":0,"60":0,"61":0,"62":0,"63":0,"64":0,"65":0,"66":0,"67":0,"68":0,"69":0,"70":0,"71":0,"72":0,"73":0,"74":0,"75":0,"76":0,"77":0,"78":0,"79":0,"80":0,"81":0,"82":0,"83":0,"84":0,"85":0,"86":0,"87":0,"88":0,"89":0,"90":0,"91":0,"92":0,"93":0,"94":0,"95":0,"96":0,"97":0,"98":0,"99":0,"100":0,"101":0,"102":0,"103":0,"104":0,"105":0,"106":0,"107":0,"108":0,"109":0,"110":0,"111":0,"112":0,"113":0,"114":0,"115":0,"116":0,"117":0,"118":0,"119":0,"120":0},"f":{"0":0,"1":0,"2":0,"3":0,"4":0,"5":0,"6":0,"7":0,"8":0,"9":0,"10":0,"11":0,"12":0,"13":0,"14":0,"15":0,"16":0,"17":0,"18":0,"19":0,"20":0,"21":0,"22":0,"23":0,"24":0,"25":0,"26":0,"27":0,"28":0,"29":0,"30":0,"31":0,"32":0,"33":0,"34":0,"35":0,"36":0,"37":0,"38":0,"39":0},"b":{"0":[0,0],"1":[0,0],"2":[0,0],"3":[0,0],"4":[0,0],"5":[0,0],"6":[0,0],"7":[0,0],"8":[0,0],"9":[0,0],"10":[0,0],"11":[0,0],"12":[0,0],"13":[0,0],"14":[0,0],"15":[0,0],"16":[0,0],"17":[0,0],"18":[0,0],"19":[0,0],"20":[0,0],"21":[0,0],"22":[0,0],"23":[0,0]}}
,"/workspace/MatchyMatch/src/components/GamePicker.jsx": {"path":"/workspace/MatchyMatch/src/components/GamePicker.jsx","statementMap":{"0":{"start":{"line":3,"column":14},"end":{"line":214,"column":1}},"1":{"start":{"line":218,"column":14},"end":{"line":227,"column":1}},"2":{"start":{"line":229,"column":22},"end":{"line":229,"column":40}},"3":{"start":{"line":232,"column":2},"end":{"line":237,"column":13}},"4":{"start":{"line":236,"column":16},"end":{"line":236,"column":34}},"5":{"start":{"line":240,"column":19},"end":{"line":240,"column":63}},"6":{"start":{"line":240,"column":55},"end":{"line":240,"column":60}},"7":{"start":{"line":243,"column":28},"end":{"line":243,"column":40}},"8":{"start":{"line":244,"column":24},"end":{"line":244,"column":39}},"9":{"start":{"line":245,"column":26},"end":{"line":245,"column":45}},"10":{"start":{"line":246,"column":32},"end":{"line":246,"column":47}},"11":{"start":{"line":247,"column":36},"end":{"line":254,"column":4}},"12":{"start":{"line":248,"column":4},"end":{"line":253,"column":5}},"13":{"start":{"line":249,"column":21},"end":{"line":249,"column":76}},"14":{"start":{"line":250,"column":6},"end":{"line":250,"column":48}},"15":{"start":{"line":252,"column":6},"end":{"line":252,"column":15}},"16":{"start":{"line":256,"column":2},"end":{"line":258,"column":17}},"17":{"start":{"line":257,"column":4},"end":{"line":257,"column":66}},"18":{"start":{"line":260,"column":25},"end":{"line":264,"column":3}},"19":{"start":{"line":261,"column":4},"end":{"line":263,"column":5}},"20":{"start":{"line":262,"column":6},"end":{"line":262,"column":70}},"21":{"start":{"line":262,"column":45},"end":{"line":262,"column":53}},"22":{"start":{"line":266,"column":19},"end":{"line":278,"column":44}},"23":{"start":{"line":267,"column":14},"end":{"line":267,"column":40}},"24":{"start":{"line":268,"column":15},"end":{"line":273,"column":6}},"25":{"start":{"line":269,"column":6},"end":{"line":269,"column":54}},"26":{"start":{"line":269,"column":42},"end":{"line":269,"column":54}},"27":{"start":{"line":270,"column":6},"end":{"line":270,"column":60}},"28":{"start":{"line":270,"column":48},"end":{"line":270,"column":60}},"29":{"start":{"line":271,"column":6},"end":{"line":271,"column":106}},"30":{"start":{"line":271,"column":94},"end":{"line":271,"column":106}},"31":{"start":{"line":272,"column":6},"end":{"line":272,"column":17}},"32":{"start":{"line":274,"column":4},"end":{"line":276,"column":5}},"33":{"start":{"line":275,"column":6},"end":{"line":275,"column":67}},"34":{"start":{"line":275,"column":38},"end":{"line":275,"column":66}},"35":{"start":{"line":277,"column":4},"end":{"line":277,"column":15}},"36":{"start":{"line":280,"column":24},"end":{"line":280,"column":45}},"37":{"start":{"line":282,"column":25},"end":{"line":286,"column":3}},"38":{"start":{"line":283,"column":17},"end":{"line":283,"column":55}},"39":{"start":{"line":284,"column":17},"end":{"line":284,"column":62}},"40":{"start":{"line":285,"column":4},"end":{"line":285,"column":25}},"41":{"start":{"line":288,"column":23},"end":{"line":292,"column":3}},"42":{"start":{"line":289,"column":4},"end":{"line":289,"column":16}},"43":{"start":{"line":290,"column":4},"end":{"line":290,"column":17}},"44":{"start":{"line":291,"column":4},"end":{"line":291,"column":21}},"45":{"start":{"line":294,"column":2},"end":{"line":461,"column":3}},"46":{"start":{"line":344,"column":33},"end":{"line":344,"column":57}},"47":{"start":{"line":360,"column":31},"end":{"line":360,"column":52}},"48":{"start":{"line":360,"column":49},"end":{"line":360,"column":51}},"49":{"start":{"line":371,"column":33},"end":{"line":371,"column":56}},"50":{"start":{"line":392,"column":14},"end":{"line":398,"column":23}},"51":{"start":{"line":394,"column":31},"end":{"line":394,"column":40}},"52":{"start":{"line":419,"column":28},"end":{"line":419,"column":55}},"53":{"start":{"line":420,"column":14},"end":{"line":455,"column":15}},"54":{"start":{"line":425,"column":33},"end":{"line":425,"column":54}},"55":{"start":{"line":427,"column":20},"end":{"line":430,"column":21}},"56":{"start":{"line":428,"column":22},"end":{"line":428,"column":40}},"57":{"start":{"line":429,"column":22},"end":{"line":429,"column":43}},"58":{"start":{"line":442,"column":22},"end":{"line":442,"column":41}},"59":{"start":{"line":443,"column":22},"end":{"line":443,"column":45}}},"fnMap":{"0":{"name":"initialsFor","decl":{"start":{"line":231,"column":9},"end":{"line":231,"column":20}},"loc":{"start":{"line":231,"column":27},"end":{"line":238,"column":1}},"line":231},"1":{"name":"(anonymous_1)","decl":{"start":{"line":236,"column":9},"end":{"line":236,"column":10}},"loc":{"start":{"line":236,"column":16},"end":{"line":236,"column":34}},"line":236},"2":{"name":"(anonymous_2)","decl":{"start":{"line":240,"column":48},"end":{"line":240,"column":49}},"loc":{"start":{"line":240,"column":55},"end":{"line":240,"column":60}},"line":240},"3":{"name":"GamePicker","decl":{"start":{"line":242,"column":24},"end":{"line":242,"column":34}},"loc":{"start":{"line":242,"column":53},"end":{"line":462,"column":1}},"line":242},"4":{"name":"(anonymous_4)","decl":{"start":{"line":247,"column":45},"end":{"line":247,"column":46}},"loc":{"start":{"line":247,"column":51},"end":{"line":254,"column":3}},"line":247},"5":{"name":"(anonymous_5)","decl":{"start":{"line":256,"column":12},"end":{"line":256,"column":13}},"loc":{"start":{"line":256,"column":18},"end":{"line":258,"column":3}},"line":256},"6":{"name":"(anonymous_6)","decl":{"start":{"line":260,"column":25},"end":{"line":260,"column":26}},"loc":{"start":{"line":260,"column":33},"end":{"line":264,"column":3}},"line":260},"7":{"name":"(anonymous_7)","decl":{"start":{"line":261,"column":17},"end":{"line":261,"column":18}},"loc":{"start":{"line":262,"column":6},"end":{"line":262,"column":70}},"line":262},"8":{"name":"(anonymous_8)","decl":{"start":{"line":262,"column":38},"end":{"line":262,"column":39}},"loc":{"start":{"line":262,"column":45},"end":{"line":262,"column":53}},"line":262},"9":{"name":"(anonymous_9)","decl":{"start":{"line":266,"column":27},"end":{"line":266,"column":28}},"loc":{"start":{"line":266,"column":33},"end":{"line":278,"column":3}},"line":266},"10":{"name":"(anonymous_10)","decl":{"start":{"line":268,"column":28},"end":{"line":268,"column":29}},"loc":{"start":{"line":268,"column":35},"end":{"line":273,"column":5}},"line":268},"11":{"name":"(anonymous_11)","decl":{"start":{"line":275,"column":28},"end":{"line":275,"column":29}},"loc":{"start":{"line":275,"column":38},"end":{"line":275,"column":66}},"line":275},"12":{"name":"(anonymous_12)","decl":{"start":{"line":282,"column":25},"end":{"line":282,"column":26}},"loc":{"start":{"line":282,"column":31},"end":{"line":286,"column":3}},"line":282},"13":{"name":"(anonymous_13)","decl":{"start":{"line":288,"column":23},"end":{"line":288,"column":24}},"loc":{"start":{"line":288,"column":29},"end":{"line":292,"column":3}},"line":288},"14":{"name":"(anonymous_14)","decl":{"start":{"line":344,"column":26},"end":{"line":344,"column":27}},"loc":{"start":{"line":344,"column":33},"end":{"line":344,"column":57}},"line":344},"15":{"name":"(anonymous_15)","decl":{"start":{"line":360,"column":25},"end":{"line":360,"column":26}},"loc":{"start":{"line":360,"column":31},"end":{"line":360,"column":52}},"line":360},"16":{"name":"(anonymous_16)","decl":{"start":{"line":360,"column":42},"end":{"line":360,"column":43}},"loc":{"start":{"line":360,"column":49},"end":{"line":360,"column":51}},"line":360},"17":{"name":"(anonymous_17)","decl":{"start":{"line":371,"column":26},"end":{"line":371,"column":27}},"loc":{"start":{"line":371,"column":33},"end":{"line":371,"column":56}},"line":371},"18":{"name":"(anonymous_18)","decl":{"start":{"line":391,"column":28},"end":{"line":391,"column":29}},"loc":{"start":{"line":392,"column":14},"end":{"line":398,"column":23}},"line":392},"19":{"name":"(anonymous_19)","decl":{"start":{"line":394,"column":25},"end":{"line":394,"column":26}},"loc":{"start":{"line":394,"column":31},"end":{"line":394,"column":40}},"line":394},"20":{"name":"(anonymous_20)","decl":{"start":{"line":418,"column":26},"end":{"line":418,"column":27}},"loc":{"start":{"line":418,"column":39},"end":{"line":456,"column":13}},"line":418},"21":{"name":"(anonymous_21)","decl":{"start":{"line":425,"column":27},"end":{"line":425,"column":28}},"loc":{"start":{"line":425,"column":33},"end":{"line":425,"column":54}},"line":425},"22":{"name":"(anonymous_22)","decl":{"start":{"line":426,"column":29},"end":{"line":426,"column":30}},"loc":{"start":{"line":426,"column":36},"end":{"line":431,"column":19}},"line":426},"23":{"name":"(anonymous_23)","decl":{"start":{"line":441,"column":29},"end":{"line":441,"column":30}},"loc":{"start":{"line":441,"column":36},"end":{"line":444,"column":21}},"line":441}},"branchMap":{"0":{"loc":{"start":{"line":249,"column":32},"end":{"line":249,"column":75}},"type":"binary-expr","locations":[{"start":{"line":249,"column":32},"end":{"line":249,"column":67}},{"start":{"line":249,"column":71},"end":{"line":249,"column":75}}],"line":249},"1":{"loc":{"start":{"line":250,"column":13},"end":{"line":250,"column":48}},"type":"cond-expr","locations":[{"start":{"line":250,"column":37},"end":{"line":250,"column":43}},{"start":{"line":250,"column":46},"end":{"line":250,"column":48}}],"line":250},"2":{"loc":{"start":{"line":262,"column":6},"end":{"line":262,"column":70}},"type":"cond-expr","locations":[{"start":{"line":262,"column":26},"end":{"line":262,"column":54}},{"start":{"line":262,"column":57},"end":{"line":262,"column":70}}],"line":262},"3":{"loc":{"start":{"line":269,"column":6},"end":{"line":269,"column":54}},"type":"if","locations":[{"start":{"line":269,"column":6},"end":{"line":269,"column":54}},{"start":{},"end":{}}],"line":269},"4":{"loc":{"start":{"line":269,"column":10},"end":{"line":269,"column":40}},"type":"binary-expr","locations":[{"start":{"line":269,"column":10},"end":{"line":269,"column":23}},{"start":{"line":269,"column":27},"end":{"line":269,"column":40}}],"line":269},"5":{"loc":{"start":{"line":270,"column":6},"end":{"line":270,"column":60}},"type":"if","locations":[{"start":{"line":270,"column":6},"end":{"line":270,"column":60}},{"start":{},"end":{}}],"line":270},"6":{"loc":{"start":{"line":270,"column":10},"end":{"line":270,"column":46}},"type":"binary-expr","locations":[{"start":{"line":270,"column":10},"end":{"line":270,"column":17}},{"start":{"line":270,"column":21},"end":{"line":270,"column":46}}],"line":270},"7":{"loc":{"start":{"line":271,"column":6},"end":{"line":271,"column":106}},"type":"if","locations":[{"start":{"line":271,"column":6},"end":{"line":271,"column":106}},{"start":{},"end":{}}],"line":271},"8":{"loc":{"start":{"line":271,"column":10},"end":{"line":271,"column":92}},"type":"binary-expr","locations":[{"start":{"line":271,"column":10},"end":{"line":271,"column":11}},{"start":{"line":271,"column":15},"end":{"line":271,"column":48}},{"start":{"line":271,"column":52},"end":{"line":271,"column":92}}],"line":271},"9":{"loc":{"start":{"line":274,"column":4},"end":{"line":276,"column":5}},"type":"if","locations":[{"start":{"line":274,"column":4},"end":{"line":276,"column":5}},{"start":{},"end":{}}],"line":274},"10":{"loc":{"start":{"line":283,"column":17},"end":{"line":283,"column":55}},"type":"cond-expr","locations":[{"start":{"line":283,"column":39},"end":{"line":283,"column":47}},{"start":{"line":283,"column":50},"end":{"line":283,"column":55}}],"line":283},"11":{"loc":{"start":{"line":361,"column":41},"end":{"line":361,"column":80}},"type":"cond-expr","locations":[{"start":{"line":361,"column":51},"end":{"line":361,"column":75}},{"start":{"line":361,"column":78},"end":{"line":361,"column":80}}],"line":361},"12":{"loc":{"start":{"line":363,"column":70},"end":{"line":363,"column":103}},"type":"cond-expr","locations":[{"start":{"line":363,"column":80},"end":{"line":363,"column":94}},{"start":{"line":363,"column":97},"end":{"line":363,"column":103}}],"line":363},"13":{"loc":{"start":{"line":395,"column":42},"end":{"line":395,"column":80}},"type":"cond-expr","locations":[{"start":{"line":395,"column":54},"end":{"line":395,"column":75}},{"start":{"line":395,"column":78},"end":{"line":395,"column":80}}],"line":395},"14":{"loc":{"start":{"line":406,"column":9},"end":{"line":458,"column":9}},"type":"cond-expr","locations":[{"start":{"line":407,"column":10},"end":{"line":415,"column":16}},{"start":{"line":417,"column":10},"end":{"line":457,"column":16}}],"line":406},"15":{"loc":{"start":{"line":427,"column":20},"end":{"line":430,"column":21}},"type":"if","locations":[{"start":{"line":427,"column":20},"end":{"line":430,"column":21}},{"start":{},"end":{}}],"line":427},"16":{"loc":{"start":{"line":427,"column":24},"end":{"line":427,"column":58}},"type":"binary-expr","locations":[{"start":{"line":427,"column":24},"end":{"line":427,"column":41}},{"start":{"line":427,"column":45},"end":{"line":427,"column":58}}],"line":427},"17":{"loc":{"start":{"line":440,"column":32},"end":{"line":440,"column":84}},"type":"cond-expr","locations":[{"start":{"line":440,"column":40},"end":{"line":440,"column":63}},{"start":{"line":440,"column":66},"end":{"line":440,"column":84}}],"line":440},"18":{"loc":{"start":{"line":445,"column":51},"end":{"line":445,"column":90}},"type":"cond-expr","locations":[{"start":{"line":445,"column":59},"end":{"line":445,"column":85}},{"start":{"line":445,"column":88},"end":{"line":445,"column":90}}],"line":445},"19":{"loc":{"start":{"line":447,"column":74},"end":{"line":447,"column":105}},"type":"cond-expr","locations":[{"start":{"line":447,"column":82},"end":{"line":447,"column":96}},{"start":{"line":447,"column":99},"end":{"line":447,"column":105}}],"line":447}},"s":{"0":0,"1":0,"2":0,"3":0,"4":0,"5":0,"6":0,"7":0,"8":0,"9":0,"10":0,"11":0,"12":0,"13":0,"14":0,"15":0,"16":0,"17":0,"18":0,"19":0,"20":0,"21":0,"22":0,"23":0,"24":0,"25":0,"26":0,"27":0,"28":0,"29":0,"30":0,"31":0,"32":0,"33":0,"34":0,"35":0,"36":0,"37":0,"38":0,"39":0,"40":0,"41":0,"42":0,"43":0,"44":0,"45":0,"46":0,"47":0,"48":0,"49":0,"50":0,"51":0,"52":0,"53":0,"54":0,"55":0,"56":0,"57":0,"58":0,"59":0},"f":{"0":0,"1":0,"2":0,"3":0,"4":0,"5":0,"6":0,"7":0,"8":0,"9":0,"10":0,"11":0,"12":0,"13":0,"14":0,"15":0,"16":0,"17":0,"18":0,"19":0,"20":0,"21":0,"22":0,"23":0},"b":{"0":[0,0],"1":[0,0],"2":[0,0],"3":[0,0],"4":[0,0],"5":[0,0],"6":[0,0],"7":[0,0],"8":[0,0,0],"9":[0,0],"10":[0,0],"11":[0,0],"12":[0,0],"13":[0,0],"14":[0,0],"15":[0,0],"16":[0,0],"17":[0,0],"18":[0,0],"19":[0,0]}}
,"/workspace/MatchyMatch/src/components/Header.jsx": {"path":"/workspace/MatchyMatch/src/components/Header.jsx","statementMap":{"0":{"start":{"line":4,"column":2},"end":{"line":116,"column":3}}},"fnMap":{"0":{"name":"Header","decl":{"start":{"line":3,"column":24},"end":{"line":3,"column":30}},"loc":{"start":{"line":3,"column":77},"end":{"line":117,"column":1}},"line":3}},"branchMap":{"0":{"loc":{"start":{"line":19,"column":11},"end":{"line":31,"column":18}},"type":"cond-expr","locations":[{"start":{"line":20,"column":12},"end":{"line":30,"column":21}},{"start":{"line":31,"column":14},"end":{"line":31,"column":18}}],"line":19}},"s":{"0":0},"f":{"0":0},"b":{"0":[0,0]}}
,"/workspace/MatchyMatch/src/components/LivesDisplay.jsx": {"path":"/workspace/MatchyMatch/src/components/LivesDisplay.jsx","statementMap":{"0":{"start":{"line":2,"column":2},"end":{"line":30,"column":4}},"1":{"start":{"line":12,"column":24},"end":{"line":12,"column":33}},"2":{"start":{"line":13,"column":10},"end":{"line":26,"column":12}}},"fnMap":{"0":{"name":"LivesDisplay","decl":{"start":{"line":1,"column":24},"end":{"line":1,"column":36}},"loc":{"start":{"line":1,"column":62},"end":{"line":31,"column":1}},"line":1},"1":{"name":"(anonymous_1)","decl":{"start":{"line":11,"column":46},"end":{"line":11,"column":47}},"loc":{"start":{"line":11,"column":56},"end":{"line":27,"column":9}},"line":11}},"branchMap":{"0":{"loc":{"start":{"line":1,"column":46},"end":{"line":1,"column":58}},"type":"default-arg","locations":[{"start":{"line":1,"column":57},"end":{"line":1,"column":58}}],"line":1},"1":{"loc":{"start":{"line":8,"column":9},"end":{"line":8,"column":70}},"type":"cond-expr","locations":[{"start":{"line":8,"column":23},"end":{"line":8,"column":41}},{"start":{"line":8,"column":44},"end":{"line":8,"column":70}}],"line":8},"2":{"loc":{"start":{"line":21,"column":28},"end":{"line":21,"column":77}},"type":"cond-expr","locations":[{"start":{"line":21,"column":36},"end":{"line":21,"column":51}},{"start":{"line":21,"column":54},"end":{"line":21,"column":77}}],"line":21},"3":{"loc":{"start":{"line":22,"column":27},"end":{"line":22,"column":60}},"type":"cond-expr","locations":[{"start":{"line":22,"column":35},"end":{"line":22,"column":45}},{"start":{"line":22,"column":48},"end":{"line":22,"column":60}}],"line":22},"4":{"loc":{"start":{"line":23,"column":25},"end":{"line":23,"column":40}},"type":"cond-expr","locations":[{"start":{"line":23,"column":33},"end":{"line":23,"column":34}},{"start":{"line":23,"column":37},"end":{"line":23,"column":40}}],"line":23}},"s":{"0":0,"1":0,"2":0},"f":{"0":0,"1":0},"b":{"0":[0],"1":[0,0],"2":[0,0],"3":[0,0],"4":[0,0]}}
,"/workspace/MatchyMatch/src/components/ModeToggle.jsx": {"path":"/workspace/MatchyMatch/src/components/ModeToggle.jsx","statementMap":{"0":{"start":{"line":2,"column":2},"end":{"line":44,"column":4}},"1":{"start":{"line":18,"column":25},"end":{"line":18,"column":36}},"2":{"start":{"line":19,"column":10},"end":{"line":29,"column":12}},"3":{"start":{"line":22,"column":29},"end":{"line":22,"column":54}}},"fnMap":{"0":{"name":"ModeToggle","decl":{"start":{"line":1,"column":24},"end":{"line":1,"column":34}},"loc":{"start":{"line":1,"column":65},"end":{"line":45,"column":1}},"line":1},"1":{"name":"(anonymous_1)","decl":{"start":{"line":17,"column":14},"end":{"line":17,"column":15}},"loc":{"start":{"line":17,"column":33},"end":{"line":30,"column":9}},"line":17},"2":{"name":"(anonymous_2)","decl":{"start":{"line":22,"column":23},"end":{"line":22,"column":24}},"loc":{"start":{"line":22,"column":29},"end":{"line":22,"column":54}},"line":22}},"branchMap":{"0":{"loc":{"start":{"line":10,"column":49},"end":{"line":10,"column":87}},"type":"cond-expr","locations":[{"start":{"line":10,"column":60},"end":{"line":10,"column":82}},{"start":{"line":10,"column":85},"end":{"line":10,"column":87}}],"line":10},"1":{"loc":{"start":{"line":22,"column":29},"end":{"line":22,"column":54}},"type":"binary-expr","locations":[{"start":{"line":22,"column":29},"end":{"line":22,"column":38}},{"start":{"line":22,"column":42},"end":{"line":22,"column":54}}],"line":22},"2":{"loc":{"start":{"line":23,"column":24},"end":{"line":23,"column":43}},"type":"binary-expr","locations":[{"start":{"line":23,"column":24},"end":{"line":23,"column":32}},{"start":{"line":23,"column":36},"end":{"line":23,"column":43}}],"line":23},"3":{"loc":{"start":{"line":25,"column":44},"end":{"line":25,"column":85}},"type":"cond-expr","locations":[{"start":{"line":25,"column":53},"end":{"line":25,"column":80}},{"start":{"line":25,"column":83},"end":{"line":25,"column":85}}],"line":25},"4":{"loc":{"start":{"line":33,"column":7},"end":{"line":41,"column":7}},"type":"binary-expr","locations":[{"start":{"line":33,"column":7},"end":{"line":33,"column":15}},{"start":{"line":34,"column":8},"end":{"line":40,"column":15}}],"line":33}},"s":{"0":0,"1":0,"2":0,"3":0},"f":{"0":0,"1":0,"2":0},"b":{"0":[0,0],"1":[0,0],"2":[0,0],"3":[0,0],"4":[0,0]}}
,"/workspace/MatchyMatch/src/components/RevealedCategory.jsx": {"path":"/workspace/MatchyMatch/src/components/RevealedCategory.jsx","statementMap":{"0":{"start":{"line":4,"column":17},"end":{"line":4,"column":45}},"1":{"start":{"line":6,"column":2},"end":{"line":27,"column":4}}},"fnMap":{"0":{"name":"RevealedCategory","decl":{"start":{"line":3,"column":24},"end":{"line":3,"column":40}},"loc":{"start":{"line":3,"column":55},"end":{"line":28,"column":1}},"line":3}},"branchMap":{},"s":{"0":0,"1":0},"f":{"0":0},"b":{}}
,"/workspace/MatchyMatch/src/components/Tile.jsx": {"path":"/workspace/MatchyMatch/src/components/Tile.jsx","statementMap":{"0":{"start":{"line":4,"column":2},"end":{"line":52,"column":4}},"1":{"start":{"line":34,"column":8},"end":{"line":39,"column":9}},"2":{"start":{"line":35,"column":10},"end":{"line":35,"column":55}},"3":{"start":{"line":36,"column":10},"end":{"line":36,"column":63}},"4":{"start":{"line":37,"column":10},"end":{"line":37,"column":75}},"5":{"start":{"line":38,"column":10},"end":{"line":38,"column":63}},"6":{"start":{"line":42,"column":8},"end":{"line":47,"column":9}},"7":{"start":{"line":43,"column":10},"end":{"line":43,"column":65}},"8":{"start":{"line":44,"column":10},"end":{"line":44,"column":63}},"9":{"start":{"line":45,"column":10},"end":{"line":45,"column":47}},"10":{"start":{"line":46,"column":10},"end":{"line":46,"column":65}}},"fnMap":{"0":{"name":"Tile","decl":{"start":{"line":3,"column":24},"end":{"line":3,"column":28}},"loc":{"start":{"line":3,"column":72},"end":{"line":53,"column":1}},"line":3},"1":{"name":"(anonymous_1)","decl":{"start":{"line":33,"column":20},"end":{"line":33,"column":21}},"loc":{"start":{"line":33,"column":27},"end":{"line":40,"column":7}},"line":33},"2":{"name":"(anonymous_2)","decl":{"start":{"line":41,"column":20},"end":{"line":41,"column":21}},"loc":{"start":{"line":41,"column":27},"end":{"line":48,"column":7}},"line":41}},"branchMap":{"0":{"loc":{"start":{"line":18,"column":8},"end":{"line":31,"column":13}},"type":"cond-expr","locations":[{"start":{"line":19,"column":12},"end":{"line":25,"column":13}},{"start":{"line":26,"column":12},"end":{"line":31,"column":13}}],"line":18},"1":{"loc":{"start":{"line":34,"column":8},"end":{"line":39,"column":9}},"type":"if","locations":[{"start":{"line":34,"column":8},"end":{"line":39,"column":9}},{"start":{},"end":{}}],"line":34},"2":{"loc":{"start":{"line":34,"column":12},"end":{"line":34,"column":38}},"type":"binary-expr","locations":[{"start":{"line":34,"column":12},"end":{"line":34,"column":23}},{"start":{"line":34,"column":27},"end":{"line":34,"column":38}}],"line":34},"3":{"loc":{"start":{"line":42,"column":8},"end":{"line":47,"column":9}},"type":"if","locations":[{"start":{"line":42,"column":8},"end":{"line":47,"column":9}},{"start":{},"end":{}}],"line":42},"4":{"loc":{"start":{"line":42,"column":12},"end":{"line":42,"column":38}},"type":"binary-expr","locations":[{"start":{"line":42,"column":12},"end":{"line":42,"column":23}},{"start":{"line":42,"column":27},"end":{"line":42,"column":38}}],"line":42}},"s":{"0":0,"1":0,"2":0,"3":0,"4":0,"5":0,"6":0,"7":0,"8":0,"9":0,"10":0},"f":{"0":0,"1":0,"2":0},"b":{"0":[0,0],"1":[0,0],"2":[0,0],"3":[0,0],"4":[0,0]}}
[...]
"line":365,"column":42},"end":{"line":380,"column":1}},"line":365},"22":{"name":"isStalemate","decl":{"start":{"line":383,"column":16},"end":{"line":383,"column":27}},"loc":{"start":{"line":383,"column":42},"end":{"line":398,"column":1}},"line":383}},"branchMap":{"0":{"loc":{"start":{"line":41,"column":2},"end":{"line":41,"column":54}},"type":"if","locations":[{"start":{"line":41,"column":2},"end":{"line":41,"column":54}},{"start":{},"end":{}}],"line":41},"1":{"loc":{"start":{"line":41,"column":6},"end":{"line":41,"column":43}},"type":"binary-expr","locations":[{"start":{"line":41,"column":6},"end":{"line":41,"column":12}},{"start":{"line":41,"column":16},"end":{"line":41,"column":43}}],"line":41},"2":{"loc":{"start":{"line":45,"column":2},"end":{"line":64,"column":3}},"type":"switch","locations":[{"start":{"line":46,"column":4},"end":{"line":48,"column":11}},{"start":{"line":49,"column":4},"end":{"line":51,"column":11}},{"start":{"line":52,"column":4},"end":{"line":54,"column":11}},{"start":{"line":55,"column":4},"end":{"line":57,"column":11}},{"start":{"line":58,"column":4},"end":{"line":60,"column":11}},{"start":{"line":61,"column":4},"end":{"line":63,"column":11}}],"line":45},"3":{"loc":{"start":{"line":78,"column":20},"end":{"line":78,"column":46}},"type":"cond-expr","locations":[{"start":{"line":78,"column":40},"end":{"line":78,"column":42}},{"start":{"line":78,"column":45},"end":{"line":78,"column":46}}],"line":78},"4":{"loc":{"start":{"line":79,"column":19},"end":{"line":79,"column":44}},"type":"cond-expr","locations":[{"start":{"line":79,"column":39},"end":{"line":79,"column":40}},{"start":{"line":79,"column":43},"end":{"line":79,"column":44}}],"line":79},"5":{"loc":{"start":{"line":83,"column":2},"end":{"line":93,"column":3}},"type":"if","locations":[{"start":{"line":83,"column":2},"end":{"line":93,"column":3}},{"start":{},"end":{}}],"line":83},"6":{"loc":{"start":{"line":83,"column":6},"end":{"line":83,"column":57}},"type":"binary-expr","locations":[{"start":{"line":83,"column":6},"end":{"line":83,"column":18}},{"start":{"line":83,"column":22},"end":{"line":83,"column":33}},{"start":{"line":83,"column":37},"end":{"line":83,"column":57}}],"line":83},"7":{"loc":{"start":{"line":87,"column":4},"end":{"line":92,"column":5}},"type":"if","locations":[{"start":{"line":87,"column":4},"end":{"line":92,"column":5}},{"start":{},"end":{}}],"line":87},"8":{"loc":{"start":{"line":89,"column":6},"end":{"line":91,"column":7}},"type":"if","locations":[{"start":{"line":89,"column":6},"end":{"line":91,"column":7}},{"start":{},"end":{}}],"line":89},"9":{"loc":{"start":{"line":99,"column":4},"end":{"line":109,"column":5}},"type":"if","locations":[{"start":{"line":99,"column":4},"end":{"line":109,"column":5}},{"start":{},"end":{}}],"line":99},"10":{"loc":{"start":{"line":100,"column":6},"end":{"line":103,"column":20}},"type":"binary-expr","locations":[{"start":{"line":100,"column":6},"end":{"line":100,"column":21}},{"start":{"line":101,"column":6},"end":{"line":101,"column":20}},{"start":{"line":102,"column":6},"end":{"line":102,"column":21}},{"start":{"line":103,"column":6},"end":{"line":103,"column":20}}],"line":100},"11":{"loc":{"start":{"line":106,"column":6},"end":{"line":108,"column":7}},"type":"if","locations":[{"start":{"line":106,"column":6},"end":{"line":108,"column":7}},{"start":{},"end":{}}],"line":106},"12":{"loc":{"start":{"line":106,"column":10},"end":{"line":106,"column":42}},"type":"binary-expr","locations":[{"start":{"line":106,"column":10},"end":{"line":106,"column":16}},{"start":{"line":106,"column":20},"end":{"line":106,"column":42}}],"line":106},"13":{"loc":{"start":{"line":129,"column":6},"end":{"line":129,"column":71}},"type":"if","locations":[{"start":{"line":129,"column":6},"end":{"line":129,"column":71}},{"start":{},"end":{}}],"line":129},"14":{"loc":{"start":{"line":129,"column":10},"end":{"line":129,"column":64}},"type":"binary-expr","locations":[{"start":{"line":129,"column":10},"end":{"line":129,"column":20}},{"start":{"line":129,"column":24},"end":{"line":129,"column":35}},{"start":{"line":129,"column":39},"end":{"line":129,"column":49}},{"start":{"line":129,"column":53},"end":{"line":129,"column":64}}],"line":129},"15":{"loc":{"start":{"line":132,"column":6},"end":{"line":139,"column":7}},"type":"if","locations":[{"start":{"line":132,"column":6},"end":{"line":139,"column":7}},{"start":{"line":134,"column":13},"end":{"line":139,"column":7}}],"line":132},"16":{"loc":{"start":{"line":134,"column":13},"end":{"line":139,"column":7}},"type":"if","locations":[{"start":{"line":134,"column":13},"end":{"line":139,"column":7}},{"start":{"line":137,"column":13},"end":{"line":139,"column":7}}],"line":134},"17":{"loc":{"start":{"line":163,"column":4},"end":{"line":168,"column":5}},"type":"if","locations":[{"start":{"line":163,"column":4},"end":{"line":168,"column":5}},{"start":{},"end":{}}],"line":163},"18":{"loc":{"start":{"line":163,"column":8},"end":{"line":163,"column":62}},"type":"binary-expr","locations":[{"start":{"line":163,"column":8},"end":{"line":163,"column":19}},{"start":{"line":163,"column":23},"end":{"line":163,"column":33}},{"start":{"line":163,"column":37},"end":{"line":163,"column":48}},{"start":{"line":163,"column":52},"end":{"line":163,"column":62}}],"line":163},"19":{"loc":{"start":{"line":165,"column":6},"end":{"line":167,"column":7}},"type":"if","locations":[{"start":{"line":165,"column":6},"end":{"line":167,"column":7}},{"start":{},"end":{}}],"line":165},"20":{"loc":{"start":{"line":165,"column":10},"end":{"line":165,"column":43}},"type":"binary-expr","locations":[{"start":{"line":165,"column":10},"end":{"line":165,"column":17}},{"start":{"line":165,"column":21},"end":{"line":165,"column":43}}],"line":165},"21":{"loc":{"start":{"line":188,"column":6},"end":{"line":188,"column":71}},"type":"if","locations":[{"start":{"line":188,"column":6},"end":{"line":188,"column":71}},{"start":{},"end":{}}],"line":188},"22":{"loc":{"start":{"line":188,"column":10},"end":{"line":188,"column":64}},"type":"binary-expr","locations":[{"start":{"line":188,"column":10},"end":{"line":188,"column":20}},{"start":{"line":188,"column":24},"end":{"line":188,"column":35}},{"start":{"line":188,"column":39},"end":{"line":188,"column":49}},{"start":{"line":188,"column":53},"end":{"line":188,"column":64}}],"line":188},"23":{"loc":{"start":{"line":191,"column":6},"end":{"line":198,"column":7}},"type":"if","locations":[{"start":{"line":191,"column":6},"end":{"line":198,"column":7}},{"start":{"line":193,"column":13},"end":{"line":198,"column":7}}],"line":191},"24":{"loc":{"start":{"line":193,"column":13},"end":{"line":198,"column":7}},"type":"if","locations":[{"start":{"line":193,"column":13},"end":{"line":198,"column":7}},{"start":{"line":196,"column":13},"end":{"line":198,"column":7}}],"line":193},"25":{"loc":{"start":{"line":229,"column":4},"end":{"line":234,"column":5}},"type":"if","locations":[{"start":{"line":229,"column":4},"end":{"line":234,"column":5}},{"start":{},"end":{}}],"line":229},"26":{"loc":{"start":{"line":229,"column":8},"end":{"line":229,"column":62}},"type":"binary-expr","locations":[{"start":{"line":229,"column":8},"end":{"line":229,"column":19}},{"start":{"line":229,"column":23},"end":{"line":229,"column":33}},{"start":{"line":229,"column":37},"end":{"line":229,"column":48}},{"start":{"line":229,"column":52},"end":{"line":229,"column":62}}],"line":229},"27":{"loc":{"start":{"line":231,"column":6},"end":{"line":233,"column":7}},"type":"if","locations":[{"start":{"line":231,"column":6},"end":{"line":233,"column":7}},{"start":{},"end":{}}],"line":231},"28":{"loc":{"start":{"line":231,"column":10},"end":{"line":231,"column":43}},"type":"binary-expr","locations":[{"start":{"line":231,"column":10},"end":{"line":231,"column":17}},{"start":{"line":231,"column":21},"end":{"line":231,"column":43}}],"line":231},"29":{"loc":{"start":{"line":243,"column":2},"end":{"line":243,"column":57}},"type":"if","locations":[{"start":{"line":243,"column":2},"end":{"line":243,"column":57}},{"start":{},"end":{}}],"line":243},"30":{"loc":{"start":{"line":243,"column":6},"end":{"line":243,"column":43}},"type":"binary-expr","locations":[{"start":{"line":243,"column":6},"end":{"line":243,"column":12}},{"start":{"line":243,"column":16},"end":{"line":243,"column":43}}],"line":243},"31":{"loc":{"start":{"line":246,"column":35},"end":{"line":246,"column":77}},"type":"binary-expr","locations":[{"start":{"line":246,"column":35},"end":{"line":246,"column":54}},{"start":{"line":246,"column":58},"end":{"line":246,"column":77}}],"line":246},"32":{"loc":{"start":{"line":259,"column":2},"end":{"line":261,"column":3}},"type":"if","locations":[{"start":{"line":259,"column":2},"end":{"line":261,"column":3}},{"start":{},"end":{}}],"line":259},"33":{"loc":{"start":{"line":259,"column":6},"end":{"line":259,"column":61}},"type":"binary-expr","locations":[{"start":{"line":259,"column":6},"end":{"line":259,"column":27}},{"start":{"line":259,"column":32},"end":{"line":259,"column":44}},{"start":{"line":259,"column":48},"end":{"line":259,"column":60}}],"line":259},"34":{"loc":{"start":{"line":277,"column":2},"end":{"line":290,"column":3}},"type":"if","locations":[{"start":{"line":277,"column":2},"end":{"line":290,"column":3}},{"start":{"line":283,"column":9},"end":{"line":290,"column":3}}],"line":277},"35":{"loc":{"start":{"line":278,"column":4},"end":{"line":282,"column":5}},"type":"if","locations":[{"start":{"line":278,"column":4},"end":{"line":282,"column":5}},{"start":{"line":280,"column":11},"end":{"line":282,"column":5}}],"line":278},"36":{"loc":{"start":{"line":285,"column":4},"end":{"line":289,"column":5}},"type":"if","locations":[{"start":{"line":285,"column":4},"end":{"line":289,"column":5}},{"start":{"line":287,"column":11},"end":{"line":289,"column":5}}],"line":285},"37":{"loc":{"start":{"line":300,"column":6},"end":{"line":302,"column":7}},"type":"if","locations":[{"start":{"line":300,"column":6},"end":{"line":302,"column":7}},{"start":{},"end":{}}],"line":300},"38":{"loc":{"start":{"line":300,"column":10},"end":{"line":300,"column":65}},"type":"binary-expr","locations":[{"start":{"line":300,"column":10},"end":{"line":300,"column":15}},{"start":{"line":300,"column":19},"end":{"line":300,"column":40}},{"start":{"line":300,"column":44},"end":{"line":300,"column":65}}],"line":300},"39":{"loc":{"start":{"line":313,"column":6},"end":{"line":318,"column":7}},"type":"if","locations":[{"start":{"line":313,"column":6},"end":{"line":318,"column":7}},{"start":{},"end":{}}],"line":313},"40":{"loc":{"start":{"line":313,"column":10},"end":{"line":313,"column":42}},"type":"binary-expr","locations":[{"start":{"line":313,"column":10},"end":{"line":313,"column":15}},{"start":{"line":313,"column":19},"end":{"line":313,"column":42}}],"line":313},"41":{"loc":{"start":{"line":315,"column":8},"end":{"line":317,"column":9}},"type":"if","locations":[{"start":{"line":315,"column":8},"end":{"line":317,"column":9}},{"start":{},"end":{}}],"line":315},"42":{"loc":{"start":{"line":315,"column":33},"end":{"line":315,"column":69}},"type":"binary-expr","locations":[{"start":{"line":315,"column":33},"end":{"line":315,"column":49}},{"start":{"line":315,"column":53},"end":{"line":315,"column":69}}],"line":315},"43":{"loc":{"start":{"line":327,"column":2},"end":{"line":327,"column":48}},"type":"if","locations":[{"start":{"line":327,"column":2},"end":{"line":327,"column":48}},{"start":{},"end":{}}],"line":327},"44":{"loc":{"start":{"line":327,"column":6},"end":{"line":327,"column":37}},"type":"binary-expr","locations":[{"start":{"line":327,"column":6},"end":{"line":327,"column":12}},{"start":{"line":327,"column":16},"end":{"line":327,"column":37}}],"line":327},"45":{"loc":{"start":{"line":331,"column":2},"end":{"line":350,"column":3}},"type":"switch","locations":[{"start":{"line":332,"column":4},"end":{"line":334,"column":11}},{"start":{"line":335,"column":4},"end":{"line":337,"column":11}},{"start":{"line":338,"column":4},"end":{"line":340,"column":11}},{"start":{"line":341,"column":4},"end":{"line":343,"column":11}},{"start":{"line":344,"column":4},"end":{"line":346,"column":11}},{"start":{"line":347,"column":4},"end":{"line":349,"column":11}}],"line":331},"46":{"loc":{"start":{"line":358,"column":2},"end":{"line":358,"column":28}},"type":"if","locations":[{"start":{"line":358,"column":2},"end":{"line":358,"column":28}},{"start":{},"end":{}}],"line":358},"47":{"loc":{"start":{"line":360,"column":24},"end":{"line":360,"column":61}},"type":"cond-expr","locations":[{"start":{"line":360,"column":44},"end":{"line":360,"column":51}},{"start":{"line":360,"column":54},"end":{"line":360,"column":61}}],"line":360},"48":{"loc":{"start":{"line":366,"column":2},"end":{"line":366,"column":42}},"type":"if","locations":[{"start":{"line":366,"column":2},"end":{"line":366,"column":42}},{"start":{},"end":{}}],"line":366},"49":{"loc":{"start":{"line":372,"column":6},"end":{"line":375,"column":7}},"type":"if","locations":[{"start":{"line":372,"column":6},"end":{"line":375,"column":7}},{"start":{},"end":{}}],"line":372},"50":{"loc":{"start":{"line":372,"column":10},"end":{"line":372,"column":40}},"type":"binary-expr","locations":[{"start":{"line":372,"column":10},"end":{"line":372,"column":15}},{"start":{"line":372,"column":19},"end":{"line":372,"column":40}}],"line":372},"51":{"loc":{"start":{"line":374,"column":8},"end":{"line":374,"column":42}},"type":"if","locations":[{"start":{"line":374,"column":8},"end":{"line":374,"column":42}},{"start":{},"end":{}}],"line":374},"52":{"loc":{"start":{"line":384,"column":2},"end":{"line":384,"column":41}},"type":"if","locations":[{"start":{"line":384,"column":2},"end":{"line":384,"column":41}},{"start":{},"end":{}}],"line":384},"53":{"loc":{"start":{"line":390,"column":6},"end":{"line":393,"column":7}},"type":"if","locations":[{"start":{"line":390,"column":6},"end":{"line":393,"column":7}},{"start":{},"end":{}}],"line":390},"54":{"loc":{"start":{"line":390,"column":10},"end":{"line":390,"column":40}},"type":"binary-expr","locations":[{"start":{"line":390,"column":10},"end":{"line":390,"column":15}},{"start":{"line":390,"column":19},"end":{"line":390,"column":40}}],"line":390},"55":{"loc":{"start":{"line":392,"column":8},"end":{"line":392,"column":42}},"type":"if","locations":[{"start":{"line":392,"column":8},"end":{"line":392,"column":42}},{"start":{},"end":{}}],"line":392}},"s":{"0":0,"1":0,"2":0,"3":0,"4":0,"5":0,"6":0,"7":0,"8":0,"9":0,"10":0,"11":0,"12":0,"13":0,"14":0,"15":0,"16":0,"17":0,"18":0,"19":0,"20":0,"21":0,"22":0,"23":0,"24":0,"25":0,"26":0,"27":0,"28":0,"29":0,"30":0,"31":0,"32":0,"33":0,"34":0,"35":0,"36":0,"37":0,"38":0,"39":0,"40":0,"41":0,"42":0,"43":0,"44":0,"45":0,"46":0,"47":0,"48":0,"49":0,"50":0,"51":0,"52":0,"53":0,"54":0,"55":0,"56":0,"57":0,"58":0,"59":0,"60":0,"61":0,"62":0,"63":0,"64":0,"65":0,"66":0,"67":0,"68":0,"69":0,"70":0,"71":0,"72":0,"73":0,"74":0,"75":0,"76":0,"77":0,"78":0,"79":0,"80":0,"81":0,"82":0,"83":0,"84":0,"85":0,"86":0,"87":0,"88":0,"89":0,"90":0,"91":0,"92":0,"93":0,"94":0,"95":0,"96":0,"97":0,"98":0,"99":0,"100":0,"101":0,"102":0,"103":0,"104":0,"105":0,"106":0,"107":0,"108":0,"109":0,"110":0,"111":0,"112":0,"113":0,"114":0,"115":0,"116":0,"117":0,"118":0,"119":0,"120":0,"121":0,"122":0,"123":0,"124":0,"125":0,"126":0,"127":0,"128":0,"129":0,"130":0,"131":0,"132":0,"133":0,"134":0,"135":0,"136":0,"137":0,"138":0,"139":0,"140":0,"141":0,"142":0,"143":0,"144":0,"145":0,"146":0,"147":0,"148":0,"149":0,"150":0,"151":0,"152":0,"153":0,"154":0,"155":0,"156":0,"157":0,"158":0,"159":0,"160":0,"161":0,"162":0,"163":0,"164":0,"165":0,"166":0,"167":0,"168":0,"169":0,"170":0,"171":0,"172":0,"173":0,"174":0,"175":0,"176":0,"177":0,"178":0,"179":0,"180":0,"181":0,"182":0,"183":0,"184":0,"185":0,"186":0,"187":0,"188":0,"189":0,"190":0,"191":0,"192":0,"193":0,"194":0,"195":0,"196":0,"197":0,"198":0,"199":0,"200":0,"201":0,"202":0,"203":0,"204":0,"205":0,"206":0,"207":0,"208":0,"209":0,"210":0,"211":0,"212":0,"213":0,"214":0,"215":0,"216":0},"f":{"0":0,"1":0,"2":0,"3":0,"4":0,"5":0,"6":0,"7":0,"8":0,"9":0,"10":0,"11":0,"12":0,"13":0,"14":0,"15":0,"16":0,"17":0,"18":0,"19":0,"20":0,"21":0,"22":0},"b":{"0":[0,0],"1":[0,0],"2":[0,0,0,0,0,0],"3":[0,0],"4":[0,0],"5":[0,0],"6":[0,0,0],"7":[0,0],"8":[0,0],"9":[0,0],"10":[0,0,0,0],"11":[0,0],"12":[0,0],"13":[0,0],"14":[0,0,0,0],"15":[0,0],"16":[0,0],"17":[0,0],"18":[0,0,0,0],"19":[0,0],"20":[0,0],"21":[0,0],"22":[0,0,0,0],"23":[0,0],"24":[0,0],"25":[0,0],"26":[0,0,0,0],"27":[0,0],"28":[0,0],"29":[0,0],"30":[0,0],"31":[0,0],"32":[0,0],"33":[0,0,0],"34":[0,0],"35":[0,0],"36":[0,0],"37":[0,0],"38":[0,0,0],"39":[0,0],"40":[0,0],"41":[0,0],"42":[0,0],"43":[0,0],"44":[0,0],"45":[0,0,0,0,0,0],"46":[0,0],"47":[0,0],"48":[0,0],"49":[0,0],"50":[0,0],"51":[0,0],"52":[0,0],"53":[0,0],"54":[0,0],"55":[0,0]}}
,"/workspace/MatchyMatch/src/utils/gameHelpers.js": {"path":"/workspace/MatchyMatch/src/utils/gameHelpers.js","statementMap":{"0":{"start":{"line":11,"column":19},"end":{"line":11,"column":29}},"1":{"start":{"line":12,"column":2},"end":{"line":15,"column":3}},"2":{"start":{"line":12,"column":15},"end":{"line":12,"column":34}},"3":{"start":{"line":13,"column":14},"end":{"line":13,"column":49}},"4":{"start":{"line":14,"column":4},"end":{"line":14,"column":60}},"5":{"start":{"line":16,"column":2},"end":{"line":16,"column":18}},"6":{"start":{"line":26,"column":2},"end":{"line":26,"column":59}},"7":{"start":{"line":37,"column":2},"end":{"line":37,"column":38}},"8":{"start":{"line":46,"column":2},"end":{"line":46,"column":41}},"9":{"start":{"line":46,"column":31},"end":{"line":46,"column":41}},"10":{"start":{"line":47,"column":2},"end":{"line":47,"column":52}},"11":{"start":{"line":58,"column":2},"end":{"line":61,"column":4}},"12":{"start":{"line":59,"column":4},"end":{"line":59,"column":28}},"13":{"start":{"line":60,"column":4},"end":{"line":60,"column":55}},"14":{"start":{"line":60,"column":33},"end":{"line":60,"column":46}}},"fnMap":{"0":{"name":"shuffleArray","decl":{"start":{"line":10,"column":16},"end":{"line":10,"column":28}},"loc":{"start":{"line":10,"column":36},"end":{"line":17,"column":1}},"line":10},"1":{"name":"randomBetween","decl":{"start":{"line":25,"column":16},"end":{"line":25,"column":29}},"loc":{"start":{"line":25,"column":40},"end":{"line":27,"column":1}},"line":25},"2":{"name":"isInRange","decl":{"start":{"line":36,"column":16},"end":{"line":36,"column":25}},"loc":{"start":{"line":36,"column":43},"end":{"line":38,"column":1}},"line":36},"3":{"name":"capitalize","decl":{"start":{"line":45,"column":16},"end":{"line":45,"column":26}},"loc":{"start":{"line":45,"column":32},"end":{"line":48,"column":1}},"line":45},"4":{"name":"debounce","decl":{"start":{"line":56,"column":16},"end":{"line":56,"column":24}},"loc":{"start":{"line":56,"column":38},"end":{"line":62,"column":1}},"line":56},"5":{"name":"(anonymous_5)","decl":{"start":{"line":58,"column":9},"end":{"line":58,"column":10}},"loc":{"start":{"line":58,"column":28},"end":{"line":61,"column":3}},"line":58},"6":{"name":"(anonymous_6)","decl":{"start":{"line":60,"column":27},"end":{"line":60,"column":28}},"loc":{"start":{"line":60,"column":33},"end":{"line":60,"column":46}},"line":60}},"branchMap":{"0":{"loc":{"start":{"line":37,"column":9},"end":{"line":37,"column":37}},"type":"binary-expr","locations":[{"start":{"line":37,"column":9},"end":{"line":37,"column":21}},{"start":{"line":37,"column":25},"end":{"line":37,"column":37}}],"line":37},"1":{"loc":{"start":{"line":46,"column":2},"end":{"line":46,"column":41}},"type":"if","locations":[{"start":{"line":46,"column":2},"end":{"line":46,"column":41}},{"start":{},"end":{}}],"line":46}},"s":{"0":5,"1":5,"2":5,"3":12,"4":12,"5":5,"6":202,"7":7,"8":8,"9":3,"10":5,"11":3,"12":4,"13":4,"14":3},"f":{"0":5,"1":202,"2":7,"3":8,"4":3,"5":4,"6":3},"b":{"0":[7,5],"1":[3,5]},"_coverageSchema":"1a1c01bbd47fc00a2c39e90264f33305004495a9","hash":"0fd1fe00d4180966cbe0dd76bac8943e77925695"}
}
