TN:
SF:src/App.jsx
FN:49,App
FN:55,(anonymous_1)
FN:56,(anonymous_2)
FN:59,(anonymous_3)
FN:61,(anonymous_4)
FN:64,(anonymous_5)
FNF:6
FNH:0
FNDA:0,App
FNDA:0,(anonymous_1)
FNDA:0,(anonymous_2)
FNDA:0,(anonymous_3)
FNDA:0,(anonymous_4)
FNDA:0,(anonymous_5)
DA:43,0
DA:45,0
DA:51,0
DA:52,0
DA:53,0
DA:55,0
DA:56,0
DA:59,0
DA:60,0
DA:61,0
DA:64,0
DA:65,0
DA:68,0
LF:13
LH:0
BRDA:45,0,0,0
BRDA:45,0,1,0
BRDA:45,1,0,0
BRDA:45,1,1,0
BRDA:45,1,2,0
BRDA:78,2,0,0
BRDA:78,2,1,0
BRDA:80,3,0,0
BRDA:80,3,1,0
BRDA:86,4,0,0
BRDA:86,4,1,0
BRDA:88,5,0,0
BRDA:88,5,1,0
BRDA:90,6,0,0
BRDA:90,6,1,0
BRDA:92,7,0,0
BRDA:92,7,1,0
BRDA:94,8,0,0
BRDA:94,8,1,0
BRDA:96,9,0,0
BRDA:96,9,1,0
BRDA:98,10,0,0
BRDA:98,10,1,0
BRDA:100,11,0,0
BRDA:100,11,1,0
BRDA:102,12,0,0
BRDA:102,12,1,0
BRDA:104,13,0,0
BRDA:104,13,1,0
BRDA:106,14,0,0
BRDA:106,14,1,0
BRDA:108,15,0,0
BRDA:108,15,1,0
BRDA:110,16,0,0
BRDA:110,16,1,0
BRDA:112,17,0,0
BRDA:112,17,1,0
BRDA:114,18,0,0
BRDA:114,18,1,0
BRDA:116,19,0,0
BRDA:116,19,1,0
BRDA:118,20,0,0
BRDA:118,20,1,0
BRDA:120,21,0,0
BRDA:120,21,1,0
BRDA:122,22,0,0
BRDA:122,22,1,0
BRDA:124,23,0,0
BRDA:124,23,1,0
BRDA:126,24,0,0
BRDA:126,24,1,0
BRDA:128,25,0,0
BRDA:128,25,1,0
BRDA:130,26,0,0
BRDA:130,26,1,0
BRDA:132,27,0,0
BRDA:132,27,1,0
BRDA:134,28,0,0
BRDA:134,28,1,0
BRDA:136,29,0,0
BRDA:136,29,1,0
BRDA:138,30,0,0
BRDA:138,30,1,0
BRDA:140,31,0,0
BRDA:140,31,1,0
BRDA:142,32,0,0
BRDA:142,32,1,0
BRDA:144,33,0,0
BRDA:144,33,1,0
BRDA:146,34,0,0
BRDA:146,34,1,0
BRDA:148,35,0,0
BRDA:148,35,1,0
BRDA:150,36,0,0
BRDA:150,36,1,0
BRF:75
BRH:0
end_of_record
TN:
SF:src/components/BarrysBlitz.jsx
FN:56,BarrysBlitz
FN:68,(anonymous_1)
FN:71,(anonymous_2)
FN:72,(anonymous_3)
FN:81,(anonymous_4)
FN:84,(anonymous_5)
FN:96,(anonymous_6)
FN:97,(anonymous_7)
FN:99,(anonymous_8)
FN:102,(anonymous_9)
FN:108,(anonymous_10)
FN:117,(anonymous_11)
FN:123,(anonymous_12)
FN:146,(anonymous_13)
FN:176,(anonymous_14)
FN:206,(anonymous_15)
FN:210,(anonymous_16)
FN:221,(anonymous_17)
FN:225,(anonymous_18)
FNF:19
FNH:0
FNDA:0,BarrysBlitz
FNDA:0,(anonymous_1)
FNDA:0,(anonymous_2)
FNDA:0,(anonymous_3)
FNDA:0,(anonymous_4)
FNDA:0,(anonymous_5)
FNDA:0,(anonymous_6)
FNDA:0,(anonymous_7)
FNDA:0,(anonymous_8)
FNDA:0,(anonymous_9)
FNDA:0,(anonymous_10)
FNDA:0,(anonymous_11)
FNDA:0,(anonymous_12)
FNDA:0,(anonymous_13)
FNDA:0,(anonymous_14)
FNDA:0,(anonymous_15)
FNDA:0,(anonymous_16)
FNDA:0,(anonymous_17)
FNDA:0,(anonymous_18)
DA:10,0
DA:11,0
DA:13,0
DA:57,0
DA:58,0
DA:59,0
DA:60,0
DA:61,0
DA:62,0
DA:63,0
DA:64,0
DA:65,0
DA:68,0
DA:69,0
DA:71,0
DA:72,0
DA:73,0
DA:74,0
DA:75,0
DA:77,0
DA:81,0
DA:84,0
DA:85,0
DA:86,0
DA:87,0
DA:88,0
DA:89,0
DA:90,0
DA:91,0
DA:92,0
DA:93,0
DA:96,0
DA:97,0
DA:99,0
DA:102,0
DA:103,0
DA:104,0
DA:105,0
DA:108,0
DA:109,0
DA:110,0
DA:111,0
DA:113,0
DA:114,0
DA:117,0
DA:118,0
DA:119,0
DA:120,0
DA:123,0
DA:124,0
DA:126,0
DA:128,0
DA:129,0
DA:130,0
DA:131,0
DA:132,0
DA:135,0
DA:136,0
DA:140,0
DA:141,0
DA:142,0
DA:146,0
DA:147,0
DA:148,0
DA:149,0
DA:150,0
DA:151,0
DA:152,0
DA:153,0
DA:156,0
DA:157,0
DA:174,0
DA:176,0
DA:177,0
DA:178,0
DA:180,0
DA:207,0
DA:210,0
DA:222,0
DA:225,0
LF:80
LH:0
BRDA:69,0,0,0
BRDA:69,0,1,0
BRDA:73,1,0,0
BRDA:73,1,1,0
BRDA:103,2,0,0
BRDA:103,2,1,0
BRDA:104,3,0,0
BRDA:104,3,1,0
BRDA:109,4,0,0
BRDA:109,4,1,0
BRDA:118,5,0,0
BRDA:118,5,1,0
BRDA:118,6,0,0
BRDA:118,6,1,0
BRDA:124,7,0,0
BRDA:124,7,1,0
BRDA:126,8,0,0
BRDA:126,8,1,0
BRDA:135,9,0,0
BRDA:135,9,1,0
BRDA:156,10,0,0
BRDA:156,10,1,0
BRDA:174,11,0,0
BRDA:174,11,1,0
BRDA:189,12,0,0
BRDA:189,12,1,0
BRDA:209,13,0,0
BRDA:209,13,1,0
BRDA:224,14,0,0
BRDA:224,14,1,0
BRDA:235,15,0,0
BRDA:235,15,1,0
BRDA:235,16,0,0
BRDA:235,16,1,0
BRF:34
BRH:0
end_of_record
TN:
SF:src/components/Confetti.jsx
FN:10,randomBetween
FN:14,Confetti
FN:19,(anonymous_2)
FN:20,(anonymous_3)
FN:44,(anonymous_4)
FNF:5
FNH:0
FNDA:0,randomBetween
FNDA:0,Confetti
FNDA:0,(anonymous_2)
FNDA:0,(anonymous_3)
FNDA:0,(anonymous_4)
DA:3,0
DA:8,0
DA:11,0
DA:19,0
DA:20,0
DA:33,0
DA:45,0
DA:58,0
DA:59,0
DA:60,0
DA:61,0
DA:62,0
DA:63,0
DA:64,0
DA:65,0
DA:66,0
DA:69,0
LF:17
LH:0
BRDA:14,0,0,0
BRDA:50,1,0,0
BRDA:50,1,1,0
BRDA:58,2,0,0
BRDA:58,2,1,0
BRDA:60,3,0,0
BRDA:60,3,1,0
BRF:7
BRH:0
end_of_record
TN:
SF:src/components/DarkModeToggle.jsx
FN:3,DarkModeToggle
FN:23,(anonymous_1)
FN:27,(anonymous_2)
FN:31,(anonymous_3)
FN:34,(anonymous_4)
FNF:5
FNH:1
FNDA:8,DarkModeToggle
FNDA:0,(anonymous_1)
FNDA:0,(anonymous_2)
FNDA:0,(anonymous_3)
FNDA:0,(anonymous_4)
DA:4,8
DA:24,0
DA:25,0
DA:28,0
DA:29,0
DA:32,0
DA:35,0
LF:7
LH:1
BRDA:7,0,0,3
BRDA:7,0,1,5
BRDA:8,1,0,3
BRDA:8,1,1,5
BRDA:38,2,0,3
BRDA:38,2,1,5
BRF:6
BRH:6
end_of_record
TN:
SF:src/components/Footer.jsx
FN:1,Footer
FNF:1
FNH:0
FNDA:0,Footer
DA:2,0
LF:1
LH:0
BRF:0
BRH:0
end_of_record
TN:
SF:src/components/GameBoard.jsx
FN:13,shuffleArray
FN:22,GameBoard
FN:23,(anonymous_2)
FN:24,(anonymous_3)
FN:29,(anonymous_4)
FN:40,(anonymous_5)
FN:41,(anonymous_6)
FN:43,(anonymous_7)
FN:47,(anonymous_8)
FN:59,(anonymous_9)
FN:63,(anonymous_10)
FN:63,(anonymous_11)
FN:66,(anonymous_12)
FN:70,(anonymous_13)
FN:71,(anonymous_14)
FN:73,(anonymous_15)
FN:74,(anonymous_16)
FN:79,(anonymous_17)
FN:81,(anonymous_18)
FN:86,(anonymous_19)
FN:88,(anonymous_20)
FN:89,(anonymous_21)
FN:93,(anonymous_22)
FN:97,(anonymous_23)
FN:99,(anonymous_24)
FN:104,(anonymous_25)
FN:108,(anonymous_26)
FN:108,(anonymous_27)
FN:123,(anonymous_28)
FN:125,(anonymous_29)
FN:125,(anonymous_30)
FN:127,(anonymous_31)
FN:128,(anonymous_32)
FN:135,(anonymous_33)
FN:137,(anonymous_34)
FN:140,(anonymous_35)
FN:144,(anonymous_36)
FN:159,(anonymous_37)
FN:172,(anonymous_38)
FN:178,(anonymous_39)
FNF:40
FNH:0
FNDA:0,shuffleArray
FNDA:0,GameBoard
FNDA:0,(anonymous_2)
FNDA:0,(anonymous_3)
FNDA:0,(anonymous_4)
FNDA:0,(anonymous_5)
FNDA:0,(anonymous_6)
FNDA:0,(anonymous_7)
FNDA:0,(anonymous_8)
FNDA:0,(anonymous_9)
FNDA:0,(anonymous_10)
FNDA:0,(anonymous_11)
FNDA:0,(anonymous_12)
FNDA:0,(anonymous_13)
FNDA:0,(anonymous_14)
FNDA:0,(anonymous_15)
FNDA:0,(anonymous_16)
FNDA:0,(anonymous_17)
FNDA:0,(anonymous_18)
FNDA:0,(anonymous_19)
FNDA:0,(anonymous_20)
FNDA:0,(anonymous_21)
FNDA:0,(anonymous_22)
FNDA:0,(anonymous_23)
FNDA:0,(anonymous_24)
FNDA:0,(anonymous_25)
FNDA:0,(anonymous_26)
FNDA:0,(anonymous_27)
FNDA:0,(anonymous_28)
FNDA:0,(anonymous_29)
FNDA:0,(anonymous_30)
FNDA:0,(anonymous_31)
FNDA:0,(anonymous_32)
FNDA:0,(anonymous_33)
FNDA:0,(anonymous_34)
FNDA:0,(anonymous_35)
FNDA:0,(anonymous_36)
FNDA:0,(anonymous_37)
FNDA:0,(anonymous_38)
FNDA:0,(anonymous_39)
DA:10,0
DA:11,0
DA:14,0
DA:15,0
DA:16,0
DA:17,0
DA:19,0
DA:23,0
DA:24,0
DA:27,0
DA:28,0
DA:29,0
DA:30,0
DA:31,0
DA:32,0
DA:33,0
DA:34,0
DA:35,0
DA:36,0
DA:37,0
DA:38,0
DA:40,0
DA:41,0
DA:43,0
DA:44,0
DA:47,0
DA:48,0
DA:49,0
DA:50,0
DA:51,0
DA:52,0
DA:53,0
DA:54,0
DA:55,0
DA:56,0
DA:59,0
DA:60,0
DA:61,0
DA:62,0
DA:63,0
DA:65,0
DA:66,0
DA:70,0
DA:71,0
DA:72,0
DA:73,0
DA:74,0
DA:75,0
DA:79,0
DA:81,0
DA:82,0
DA:83,0
DA:85,0
DA:86,0
DA:88,0
DA:89,0
DA:90,0
DA:93,0
DA:95,0
DA:96,0
DA:97,0
DA:99,0
DA:100,0
DA:101,0
DA:102,0
DA:103,0
DA:104,0
DA:107,0
DA:108,0
DA:111,0
DA:112,0
DA:113,0
DA:114,0
DA:116,0
DA:117,0
DA:119,0
DA:122,0
DA:123,0
DA:124,0
DA:125,0
DA:127,0
DA:128,0
DA:129,0
DA:135,0
DA:136,0
DA:137,0
DA:140,0
DA:142,0
DA:144,0
DA:160,0
DA:173,0
DA:178,0
LF:92
LH:0
BRDA:48,0,0,0
BRDA:48,0,1,0
BRDA:60,1,0,0
BRDA:60,1,1,0
BRDA:61,2,0,0
BRDA:61,2,1,0
BRDA:62,3,0,0
BRDA:62,3,1,0
BRDA:65,4,0,0
BRDA:65,4,1,0
BRDA:82,5,0,0
BRDA:82,5,1,0
BRDA:83,6,0,0
BRDA:83,6,1,0
BRDA:85,7,0,0
BRDA:85,7,1,0
BRDA:95,8,0,0
BRDA:95,8,1,0
BRDA:103,9,0,0
BRDA:103,9,1,0
BRDA:116,10,0,0
BRDA:116,10,1,0
BRDA:116,11,0,0
BRDA:116,11,1,0
BRDA:122,12,0,0
BRDA:122,12,1,0
BRDA:144,13,0,0
BRDA:144,13,1,0
BRDA:163,14,0,0
BRDA:163,14,1,0
BRDA:169,15,0,0
BRDA:169,15,1,0
BRDA:186,16,0,0
BRDA:186,16,1,0
BRDA:195,17,0,0
BRDA:195,17,1,0
BRDA:244,18,0,0
BRDA:244,18,1,0
BRDA:285,19,0,0
BRDA:285,19,1,0
BRDA:296,20,0,0
BRDA:296,20,1,0
BRDA:300,21,0,0
BRDA:300,21,1,0
BRDA:312,22,0,0
BRDA:312,22,1,0
BRDA:358,23,0,0
BRDA:358,23,1,0
BRF:48
BRH:0
end_of_record
TN:
SF:src/components/GamePicker.jsx
FN:231,initialsFor
FN:236,(anonymous_1)
FN:240,(anonymous_2)
FN:242,GamePicker
FN:247,(anonymous_4)
FN:256,(anonymous_5)
FN:260,(anonymous_6)
FN:261,(anonymous_7)
FN:262,(anonymous_8)
FN:266,(anonymous_9)
FN:268,(anonymous_10)
FN:275,(anonymous_11)
FN:282,(anonymous_12)
FN:288,(anonymous_13)
FN:344,(anonymous_14)
FN:360,(anonymous_15)
FN:360,(anonymous_16)
FN:371,(anonymous_17)
FN:391,(anonymous_18)
FN:394,(anonymous_19)
FN:418,(anonymous_20)
FN:425,(anonymous_21)
FN:426,(anonymous_22)
FN:441,(anonymous_23)
FNF:24
FNH:0
FNDA:0,initialsFor
FNDA:0,(anonymous_1)
FNDA:0,(anonymous_2)
FNDA:0,GamePicker
FNDA:0,(anonymous_4)
FNDA:0,(anonymous_5)
FNDA:0,(anonymous_6)
FNDA:0,(anonymous_7)
FNDA:0,(anonymous_8)
FNDA:0,(anonymous_9)
FNDA:0,(anonymous_10)
FNDA:0,(anonymous_11)
FNDA:0,(anonymous_12)
FNDA:0,(anonymous_13)
FNDA:0,(anonymous_14)
FNDA:0,(anonymous_15)
FNDA:0,(anonymous_16)
FNDA:0,(anonymous_17)
FNDA:0,(anonymous_18)
FNDA:0,(anonymous_19)
FNDA:0,(anonymous_20)
FNDA:0,(anonymous_21)
FNDA:0,(anonymous_22)
FNDA:0,(anonymous_23)
DA:3,0
DA:218,0
DA:229,0
DA:232,0
DA:236,0
DA:240,0
DA:243,0
DA:244,0
DA:245,0
DA:246,0
DA:247,0
DA:248,0
DA:249,0
DA:250,0
DA:252,0
DA:256,0
DA:257,0
DA:260,0
DA:261,0
DA:262,0
DA:266,0
DA:267,0
DA:268,0
DA:269,0
DA:270,0
DA:271,0
DA:272,0
DA:274,0
DA:275,0
DA:277,0
DA:280,0
DA:282,0
DA:283,0
DA:284,0
DA:285,0
DA:288,0
DA:289,0
DA:290,0
DA:291,0
DA:294,0
DA:344,0
DA:360,0
DA:371,0
DA:392,0
DA:394,0
DA:419,0
DA:420,0
DA:425,0
DA:427,0
DA:428,0
DA:429,0
DA:442,0
DA:443,0
LF:53
LH:0
BRDA:249,0,0,0
BRDA:249,0,1,0
BRDA:250,1,0,0
BRDA:250,1,1,0
BRDA:262,2,0,0
BRDA:262,2,1,0
BRDA:269,3,0,0
BRDA:269,3,1,0
BRDA:269,4,0,0
BRDA:269,4,1,0
BRDA:270,5,0,0
BRDA:270,5,1,0
BRDA:270,6,0,0
BRDA:270,6,1,0
BRDA:271,7,0,0
BRDA:271,7,1,0
BRDA:271,8,0,0
BRDA:271,8,1,0
BRDA:271,8,2,0
BRDA:274,9,0,0
BRDA:274,9,1,0
BRDA:283,10,0,0
BRDA:283,10,1,0
BRDA:361,11,0,0
BRDA:361,11,1,0
BRDA:363,12,0,0
BRDA:363,12,1,0
BRDA:395,13,0,0
BRDA:395,13,1,0
BRDA:406,14,0,0
BRDA:406,14,1,0
BRDA:427,15,0,0
BRDA:427,15,1,0
BRDA:427,16,0,0
BRDA:427,16,1,0
BRDA:440,17,0,0
BRDA:440,17,1,0
BRDA:445,18,0,0
BRDA:445,18,1,0
BRDA:447,19,0,0
BRDA:447,19,1,0
BRF:41
BRH:0
end_of_record
TN:
SF:src/components/Header.jsx
FN:3,Header
FNF:1
FNH:0
FNDA:0,Header
DA:4,0
LF:1
LH:0
BRDA:19,0,0,0
BRDA:19,0,1,0
BRF:2
BRH:0
end_of_record
TN:
SF:src/components/LivesDisplay.jsx
FN:1,LivesDisplay
FN:11,(anonymous_1)
FNF:2
FNH:0
FNDA:0,LivesDisplay
FNDA:0,(anonymous_1)
DA:2,0
DA:12,0
DA:13,0
LF:3
LH:0
BRDA:1,0,0,0
BRDA:8,1,0,0
BRDA:8,1,1,0
BRDA:21,2,0,0
BRDA:21,2,1,0
BRDA:22,3,0,0
BRDA:22,3,1,0
BRDA:23,4,0,0
BRDA:23,4,1,0
BRF:9
BRH:0
end_of_record
TN:
SF:src/components/ModeToggle.jsx
FN:1,ModeToggle
FN:17,(anonymous_1)
FN:22,(anonymous_2)
FNF:3
FNH:0
FNDA:0,ModeToggle
FNDA:0,(anonymous_1)
FNDA:0,(anonymous_2)
DA:2,0
DA:18,0
DA:19,0
DA:22,0
LF:4
LH:0
BRDA:10,0,0,0
BRDA:10,0,1,0
BRDA:22,1,0,0
BRDA:22,1,1,0
BRDA:23,2,0,0
BRDA:23,2,1,0
BRDA:25,3,0,0
BRDA:25,3,1,0
BRDA:33,4,0,0
BRDA:33,4,1,0
BRF:10
BRH:0
end_of_record
TN:
SF:src/components/RevealedCategory.jsx
FN:3,RevealedCategory
FNF:1
FNH:0
FNDA:0,RevealedCategory
DA:4,0
DA:6,0
LF:2
LH:0
BRF:0
BRH:0
end_of_record
TN:
SF:src/components/Tile.jsx
FN:3,Tile
FN:33,(anonymous_1)
FN:41,(anonymous_2)
FNF:3
FNH:0
FNDA:0,Tile
FNDA:0,(anonymous_1)
FNDA:0,(anonymous_2)
DA:4,0
DA:34,0
DA:35,0
DA:36,0
DA:37,0
DA:38,0
DA:42,0
DA:43,0
DA:44,0
DA:45,0
DA:46,0
LF:11
LH:0
BRDA:18,0,0,0
BRDA:18,0,1,0
BRDA:34,1,0,0
BRDA:34,1,1,0
BRDA:34,2,0,0
BRDA:34,2,1,0
BRDA:42,3,0,0
BRDA:42,3,1,0
BRDA:42,4,0,0
BRDA:42,4,1,0
BRF:10
BRH:0
end_of_record
TN:
SF:src/components/Toast.jsx
FN:4,Toast
FN:7,(anonymous_1)
FN:8,(anonymous_2)
FN:12,(anonymous_3)
FNF:4
FNH:0
FNDA:0,Toast
FNDA:0,(anonymous_1)
FNDA:0,(anonymous_2)
FNDA:0,(anonymous_3)
DA:5,0
DA:7,0
DA:8,0
DA:9,0
DA:10,0
DA:12,0
DA:15,0
LF:7
LH:0
BRDA:30,0,0,0
BRDA:30,0,1,0
BRDA:31,1,0,0
BRDA:31,1,1,0
BRF:4
BRH:0
end_of_record
TN:
SF:src/components/anagram/AnagramBoard.jsx
FN:19,shuffle
FN:28,scramble
FN:39,pickRounds
FN:41,(anonymous_3)
FN:47,calcPoints
FN:56,LetterTile
FN:113,TimerRing
FN:168,ScoreBadge
FN:193,RoundDot
FN:215,AnagramBoard
FN:220,(anonymous_10)
FN:220,(anonymous_11)
FN:225,Game
FN:226,(anonymous_13)
FN:234,(anonymous_14)
FN:235,(anonymous_15)
FN:247,(anonymous_16)
FN:254,(anonymous_17)
FN:256,(anonymous_18)
FN:257,(anonymous_19)
FN:267,(anonymous_20)
FN:275,(anonymous_21)
FN:276,(anonymous_22)
FN:280,(anonymous_23)
FN:282,(anonymous_24)
FN:290,(anonymous_25)
FN:299,(anonymous_26)
FN:310,(anonymous_27)
FN:312,(anonymous_28)
FN:313,(anonymous_29)
FN:320,(anonymous_30)
FN:322,(anonymous_31)
FN:328,(anonymous_32)
FN:329,(anonymous_33)
FN:331,(anonymous_34)
FN:334,(anonymous_35)
FN:337,(anonymous_36)
FN:337,(anonymous_37)
FN:338,(anonymous_38)
FN:339,(anonymous_39)
FN:346,(anonymous_40)
FN:352,(anonymous_41)
FN:353,(anonymous_42)
FN:358,(anonymous_43)
FN:360,(anonymous_44)
FN:363,(anonymous_45)
FN:367,(anonymous_46)
FN:367,(anonymous_47)
FN:371,(anonymous_48)
FN:376,(anonymous_49)
FN:379,(anonymous_50)
FN:379,(anonymous_51)
FN:384,(anonymous_52)
FN:388,(anonymous_53)
FN:472,(anonymous_54)
FN:509,(anonymous_55)
FN:514,(anonymous_56)
FN:567,(anonymous_57)
FN:579,(anonymous_58)
FN:595,(anonymous_59)
FN:601,(anonymous_60)
FN:620,(anonymous_61)
FN:638,(anonymous_62)
FNF:63
FNH:0
FNDA:0,shuffle
FNDA:0,scramble
FNDA:0,pickRounds
FNDA:0,(anonymous_3)
FNDA:0,calcPoints
FNDA:0,LetterTile
FNDA:0,TimerRing
FNDA:0,ScoreBadge
FNDA:0,RoundDot
FNDA:0,AnagramBoard
FNDA:0,(anonymous_10)
FNDA:0,(anonymous_11)
FNDA:0,Game
FNDA:0,(anonymous_13)
FNDA:0,(anonymous_14)
FNDA:0,(anonymous_15)
FNDA:0,(anonymous_16)
FNDA:0,(anonymous_17)
FNDA:0,(anonymous_18)
FNDA:0,(anonymous_19)
FNDA:0,(anonymous_20)
FNDA:0,(anonymous_21)
FNDA:0,(anonymous_22)
FNDA:0,(anonymous_23)
FNDA:0,(anonymous_24)
FNDA:0,(anonymous_25)
FNDA:0,(anonymous_26)
FNDA:0,(anonymous_27)
FNDA:0,(anonymous_28)
FNDA:0,(anonymous_29)
FNDA:0,(anonymous_30)
FNDA:0,(anonymous_31)
FNDA:0,(anonymous_32)
FNDA:0,(anonymous_33)
FNDA:0,(anonymous_34)
FNDA:0,(anonymous_35)
FNDA:0,(anonymous_36)
FNDA:0,(anonymous_37)
FNDA:0,(anonymous_38)
FNDA:0,(anonymous_39)
FNDA:0,(anonymous_40)
FNDA:0,(anonymous_41)
FNDA:0,(anonymous_42)
FNDA:0,(anonymous_43)
FNDA:0,(anonymous_44)
FNDA:0,(anonymous_45)
FNDA:0,(anonymous_46)
FNDA:0,(anonymous_47)
FNDA:0,(anonymous_48)
FNDA:0,(anonymous_49)
FNDA:0,(anonymous_50)
FNDA:0,(anonymous_51)
FNDA:0,(anonymous_52)
FNDA:0,(anonymous_53)
FNDA:0,(anonymous_54)
FNDA:0,(anonymous_55)
FNDA:0,(anonymous_56)
FNDA:0,(anonymous_57)
FNDA:0,(anonymous_58)
FNDA:0,(anonymous_59)
FNDA:0,(anonymous_60)
FNDA:0,(anonymous_61)
FNDA:0,(anonymous_62)
DA:7,0
DA:8,0
DA:9,0
DA:20,0
DA:21,0
DA:22,0
DA:23,0
DA:25,0
DA:31,0
DA:32,0
DA:33,0
DA:34,0
DA:36,0
DA:40,0
DA:41,0
DA:48,0
DA:49,0
DA:51,0
DA:58,0
DA:73,0
DA:100,0
DA:114,0
DA:115,0
DA:116,0
DA:117,0
DA:120,0
DA:122,0
DA:169,0
DA:195,0
DA:200,0
DA:216,0
DA:217,0
DA:220,0
DA:226,0
DA:227,0
DA:228,0
DA:229,0
DA:230,0
DA:231,0
DA:234,0
DA:235,0
DA:237,0
DA:238,0
DA:240,0
DA:241,0
DA:243,0
DA:247,0
DA:248,0
DA:249,0
DA:250,0
DA:254,0
DA:255,0
DA:256,0
DA:257,0
DA:258,0
DA:259,0
DA:260,0
DA:262,0
DA:267,0
DA:268,0
DA:269,0
DA:275,0
DA:276,0
DA:277,0
DA:278,0
DA:279,0
DA:280,0
DA:282,0
DA:283,0
DA:284,0
DA:285,0
DA:286,0
DA:287,0
DA:290,0
DA:292,0
DA:295,0
DA:299,0
DA:300,0
DA:301,0
DA:302,0
DA:303,0
DA:304,0
DA:310,0
DA:311,0
DA:312,0
DA:313,0
DA:320,0
DA:321,0
DA:322,0
DA:323,0
DA:325,0
DA:326,0
DA:328,0
DA:329,0
DA:331,0
DA:334,0
DA:335,0
DA:336,0
DA:337,0
DA:338,0
DA:339,0
DA:346,0
DA:347,0
DA:352,0
DA:353,0
DA:354,0
DA:355,0
DA:356,0
DA:357,0
DA:358,0
DA:359,0
DA:360,0
DA:362,0
DA:363,0
DA:364,0
DA:366,0
DA:367,0
DA:371,0
DA:376,0
DA:377,0
DA:378,0
DA:379,0
DA:384,0
DA:385,0
DA:388,0
DA:389,0
DA:390,0
DA:393,0
DA:394,0
DA:396,0
DA:398,0
DA:406,0
DA:473,0
DA:474,0
DA:475,0
DA:476,0
DA:507,0
DA:509,0
DA:515,0
DA:568,0
DA:579,0
DA:596,0
DA:601,0
DA:620,0
DA:639,0
DA:640,0
DA:641,0
LF:147
LH:0
BRDA:35,0,0,0
BRDA:35,0,1,0
BRDA:49,1,0,0
BRDA:49,1,1,0
BRDA:68,2,0,0
BRDA:68,2,1,0
BRDA:120,3,0,0
BRDA:120,3,1,0
BRDA:120,4,0,0
BRDA:120,4,1,0
BRDA:248,5,0,0
BRDA:248,5,1,0
BRDA:258,6,0,0
BRDA:258,6,1,0
BRDA:268,7,0,0
BRDA:268,7,1,0
BRDA:279,8,0,0
BRDA:279,8,1,0
BRDA:280,9,0,0
BRDA:280,9,1,0
BRDA:293,10,0,0
BRDA:293,10,1,0
BRDA:299,11,0,0
BRDA:300,12,0,0
BRDA:300,12,1,0
BRDA:302,13,0,0
BRDA:302,13,1,0
BRDA:311,14,0,0
BRDA:311,14,1,0
BRDA:311,15,0,0
BRDA:311,15,1,0
BRDA:321,16,0,0
BRDA:321,16,1,0
BRDA:321,17,0,0
BRDA:321,17,1,0
BRDA:323,18,0,0
BRDA:323,18,1,0
BRDA:323,19,0,0
BRDA:323,19,1,0
BRDA:326,20,0,0
BRDA:326,20,1,0
BRDA:329,21,0,0
BRDA:329,21,1,0
BRDA:335,22,0,0
BRDA:335,22,1,0
BRDA:335,23,0,0
BRDA:335,23,1,0
BRDA:339,24,0,0
BRDA:339,24,1,0
BRDA:347,25,0,0
BRDA:347,25,1,0
BRDA:348,26,0,0
BRDA:348,26,1,0
BRDA:348,26,2,0
BRDA:354,27,0,0
BRDA:354,27,1,0
BRDA:377,28,0,0
BRDA:377,28,1,0
BRDA:377,29,0,0
BRDA:377,29,1,0
BRDA:389,30,0,0
BRDA:389,30,1,0
BRDA:393,31,0,0
BRDA:393,31,1,0
BRDA:396,32,0,0
BRDA:396,32,1,0
BRDA:396,33,0,0
BRDA:396,33,1,0
BRDA:396,34,0,0
BRDA:396,34,1,0
BRDA:398,35,0,0
BRDA:398,35,1,0
BRDA:400,36,0,0
BRDA:400,36,1,0
BRDA:402,37,0,0
BRDA:402,37,1,0
BRDA:474,38,0,0
BRDA:474,38,1,0
BRDA:474,39,0,0
BRDA:474,39,1,0
BRDA:475,40,0,0
BRDA:475,40,1,0
BRDA:475,41,0,0
BRDA:475,41,1,0
BRDA:509,42,0,0
BRDA:509,42,1,0
BRDA:555,43,0,0
BRDA:555,43,1,0
BRDA:557,44,0,0
BRDA:557,44,1,0
BRDA:562,45,0,0
BRDA:562,45,1,0
BRDA:573,46,0,0
BRDA:573,46,1,0
BRDA:575,47,0,0
BRDA:575,47,1,0
BRDA:598,48,0,0
BRDA:598,48,1,0
BRDA:600,49,0,0
BRDA:600,49,1,0
BRDA:610,50,0,0
BRDA:610,50,1,0
BRDA:639,51,0,0
BRDA:639,51,1,0
BRDA:640,52,0,0
BRDA:640,52,1,0
BRDA:650,53,0,0
BRDA:650,53,1,0
BRDA:651,54,0,0
BRDA:651,54,1,0
BRF:110
BRH:0
end_of_record
TN:
SF:src/components/catmatch/CatMatchBoard.jsx
FN:19,initializeGame
FN:21,(anonymous_1)
FN:41,Card
FN:44,(anonymous_3)
FN:75,Stats
FN:81,(anonymous_5)
FN:116,CatMatchBoard
FN:122,(anonymous_7)
FN:122,(anonymous_8)
FN:127,Game
FN:131,(anonymous_10)
FN:132,(anonymous_11)
FN:166,(anonymous_12)
FN:167,(anonymous_13)
FN:287,(anonymous_14)
FNF:15
FNH:0
FNDA:0,initializeGame
FNDA:0,(anonymous_1)
FNDA:0,Card
FNDA:0,(anonymous_3)
FNDA:0,Stats
FNDA:0,(anonymous_5)
FNDA:0,CatMatchBoard
FNDA:0,(anonymous_7)
FNDA:0,(anonymous_8)
FNDA:0,Game
FNDA:0,(anonymous_10)
FNDA:0,(anonymous_11)
FNDA:0,(anonymous_12)
FNDA:0,(anonymous_13)
FNDA:0,(anonymous_14)
DA:6,0
DA:20,0
DA:21,0
DA:22,0
DA:23,0
DA:26,0
DA:27,0
DA:28,0
DA:30,0
DA:42,0
DA:44,0
DA:76,0
DA:82,0
DA:117,0
DA:119,0
DA:122,0
DA:128,0
DA:129,0
DA:131,0
DA:132,0
DA:133,0
DA:134,0
DA:136,0
DA:137,0
DA:140,0
DA:141,0
DA:142,0
DA:143,0
DA:145,0
DA:147,0
DA:148,0
DA:149,0
DA:150,0
DA:152,0
DA:153,0
DA:154,0
DA:157,0
DA:166,0
DA:167,0
DA:173,0
DA:181,0
DA:188,0
DA:189,0
DA:192,0
DA:193,0
DA:254,0
DA:288,0
LF:47
LH:0
BRDA:44,0,0,0
BRDA:44,0,1,0
BRDA:52,1,0,0
BRDA:52,1,1,0
BRDA:53,2,0,0
BRDA:53,2,1,0
BRDA:60,3,0,0
BRDA:60,3,1,0
BRDA:62,4,0,0
BRDA:62,4,1,0
BRDA:65,5,0,0
BRDA:65,5,1,0
BRDA:68,6,0,0
BRDA:68,6,1,0
BRDA:68,7,0,0
BRDA:68,7,1,0
BRDA:133,8,0,0
BRDA:133,8,1,0
BRDA:134,9,0,0
BRDA:134,9,1,0
BRDA:134,10,0,0
BRDA:134,10,1,0
BRDA:140,11,0,0
BRDA:140,11,1,0
BRDA:147,12,0,0
BRDA:147,12,1,0
BRDA:153,13,0,0
BRDA:153,13,1,0
BRDA:162,14,0,0
BRDA:162,14,1,0
BRDA:192,15,0,0
BRDA:192,15,1,0
BRDA:195,16,0,0
BRDA:195,16,1,0
BRDA:242,17,0,0
BRDA:242,17,1,0
BRF:36
BRH:0
end_of_record
TN:
SF:src/components/chess/Board.jsx
FN:3,Board
FN:11,(anonymous_1)
FN:13,(anonymous_2)
FN:20,(anonymous_3)
FN:32,(anonymous_4)
FNF:5
FNH:0
FNDA:0,Board
FNDA:0,(anonymous_1)
FNDA:0,(anonymous_2)
FNDA:0,(anonymous_3)
FNDA:0,(anonymous_4)
DA:9,0
DA:12,0
DA:15,0
DA:19,0
DA:20,0
DA:23,0
DA:25,0
DA:32,0
LF:8
LH:0
BRDA:15,0,0,0
BRDA:15,0,1,0
BRDA:15,0,2,0
BRDA:20,1,0,0
BRDA:20,1,1,0
BRF:5
BRH:0
end_of_record
TN:
SF:src/components/chess/CapturedPieces.jsx
FN:19,CapturedPieces
FN:20,(anonymous_1)
FN:21,(anonymous_2)
FN:27,(anonymous_3)
FN:28,(anonymous_4)
FNF:5
FNH:0
FNDA:0,CapturedPieces
FNDA:0,(anonymous_1)
FNDA:0,(anonymous_2)
FNDA:0,(anonymous_3)
FNDA:0,(anonymous_4)
DA:1,0
DA:10,0
DA:20,0
DA:21,0
DA:24,0
DA:25,0
DA:27,0
DA:28,0
DA:29,0
DA:35,0
LF:10
LH:0
BRDA:42,0,0,0
BRDA:42,0,1,0
BRDA:52,1,0,0
BRDA:52,1,1,0
BRF:4
BRH:0
end_of_record
TN:
SF:src/components/chess/ChessBoard.jsx
FN:12,ChessBoard
FN:30,(anonymous_1)
FN:31,(anonymous_2)
FN:42,(anonymous_3)
FN:45,(anonymous_4)
FN:52,(anonymous_5)
FN:63,(anonymous_6)
FN:69,(anonymous_7)
FNF:8
FNH:0
FNDA:0,ChessBoard
FNDA:0,(anonymous_1)
FNDA:0,(anonymous_2)
FNDA:0,(anonymous_3)
FNDA:0,(anonymous_4)
FNDA:0,(anonymous_5)
FNDA:0,(anonymous_6)
FNDA:0,(anonymous_7)
DA:25,0
DA:27,0
DA:28,0
DA:30,0
DA:31,0
DA:32,0
DA:33,0
DA:34,0
DA:35,0
DA:36,0
DA:37,0
DA:38,0
DA:39,0
DA:42,0
DA:45,0
DA:46,0
DA:48,0
DA:51,0
DA:52,0
DA:55,0
DA:56,0
DA:57,0
DA:59,0
DA:63,0
DA:64,0
DA:65,0
DA:66,0
DA:69,0
DA:70,0
DA:71,0
DA:72,0
DA:75,0
LF:32
LH:0
BRDA:32,0,0,0
BRDA:32,0,1,0
BRDA:33,1,0,0
BRDA:33,1,1,0
BRDA:36,2,0,0
BRDA:36,2,1,0
BRDA:38,3,0,0
BRDA:38,3,1,0
BRDA:46,4,0,0
BRDA:46,4,1,0
BRDA:46,5,0,0
BRDA:46,5,1,0
BRDA:52,6,0,0
BRDA:52,6,1,0
BRDA:55,7,0,0
BRDA:55,7,1,0
BRDA:105,8,0,0
BRDA:105,8,1,0
BRDA:114,9,0,0
BRDA:114,9,1,0
BRDA:117,10,0,0
BRDA:117,10,1,0
BRF:22
BRH:0
end_of_record
TN:
SF:src/components/chess/GameControls.jsx
FN:1,GameControls
FNF:1
FNH:0
FNDA:0,GameControls
DA:7,0
LF:1
LH:0
BRDA:22,0,0,0
BRDA:22,0,1,0
BRF:2
BRH:0
end_of_record
TN:
SF:src/components/chess/GameStatus.jsx
FN:1,GameStatus
FN:2,(anonymous_1)
FN:16,(anonymous_2)
FNF:3
FNH:0
FNDA:0,GameStatus
FNDA:0,(anonymous_1)
FNDA:0,(anonymous_2)
DA:2,0
DA:3,0
DA:4,0
DA:5,0
DA:7,0
DA:8,0
DA:10,0
DA:11,0
DA:13,0
DA:16,0
DA:17,0
DA:18,0
DA:19,0
DA:20,0
DA:23,0
LF:15
LH:0
BRDA:3,0,0,0
BRDA:3,0,1,0
BRDA:4,1,0,0
BRDA:4,1,1,0
BRDA:7,2,0,0
BRDA:7,2,1,0
BRDA:10,3,0,0
BRDA:10,3,1,0
BRDA:17,4,0,0
BRDA:17,4,1,0
BRDA:18,5,0,0
BRDA:18,5,1,0
BRDA:19,6,0,0
BRDA:19,6,1,0
BRF:14
BRH:0
end_of_record
TN:
SF:src/components/chess/MoveHistory.jsx
FN:1,MoveHistory
FN:9,(anonymous_1)
FNF:2
FNH:0
FNDA:0,MoveHistory
FNDA:0,(anonymous_1)
DA:2,0
DA:10,0
LF:2
LH:0
BRDA:6,0,0,0
BRDA:6,0,1,0
BRF:2
BRH:0
end_of_record
TN:
SF:src/components/chess/Square.jsx
FN:10,Square
FNF:1
FNH:0
FNDA:0,Square
DA:1,0
DA:19,0
DA:28,0
DA:30,0
LF:4
LH:0
BRDA:21,0,0,0
BRDA:21,0,1,0
BRDA:22,1,0,0
BRDA:22,1,1,0
BRDA:23,2,0,0
BRDA:23,2,1,0
BRDA:28,3,0,0
BRDA:28,3,1,0
BRDA:36,4,0,0
BRDA:36,4,1,0
BRDA:37,5,0,0
BRDA:37,5,1,0
BRF:12
BRH:0
end_of_record
TN:
SF:src/components/colourclash/ColourClashBoard.jsx
FN:19,pickRandomColor
FN:22,(anonymous_1)
FN:27,generateRound
FN:33,computeRoundTime
FN:41,getRating
FN:50,ColorButton
FN:53,(anonymous_6)
FN:55,(anonymous_7)
FN:61,(anonymous_8)
FN:63,(anonymous_9)
FN:96,(anonymous_10)
FN:102,(anonymous_11)
FN:114,ScorePopup
FN:139,GameOverScreen
FN:189,(anonymous_14)
FN:218,ColourClashBoard
FN:233,(anonymous_16)
FN:240,(anonymous_17)
FN:252,(anonymous_18)
FN:254,(anonymous_19)
FN:255,(anonymous_20)
FN:265,(anonymous_21)
FN:271,(anonymous_22)
FN:275,(anonymous_23)
FN:276,(anonymous_24)
FN:278,(anonymous_25)
FN:284,(anonymous_26)
FN:291,(anonymous_27)
FN:301,(anonymous_28)
FN:302,(anonymous_29)
FN:306,(anonymous_30)
FN:307,(anonymous_31)
FN:308,(anonymous_32)
FN:308,(anonymous_33)
FN:311,(anonymous_34)
FN:314,(anonymous_35)
FN:511,(anonymous_36)
FN:524,(anonymous_37)
FN:531,(anonymous_38)
FNF:39
FNH:0
FNDA:0,pickRandomColor
FNDA:0,(anonymous_1)
FNDA:0,generateRound
FNDA:0,computeRoundTime
FNDA:0,getRating
FNDA:0,ColorButton
FNDA:0,(anonymous_6)
FNDA:0,(anonymous_7)
FNDA:0,(anonymous_8)
FNDA:0,(anonymous_9)
FNDA:0,(anonymous_10)
FNDA:0,(anonymous_11)
FNDA:0,ScorePopup
FNDA:0,GameOverScreen
FNDA:0,(anonymous_14)
FNDA:0,ColourClashBoard
FNDA:0,(anonymous_16)
FNDA:0,(anonymous_17)
FNDA:0,(anonymous_18)
FNDA:0,(anonymous_19)
FNDA:0,(anonymous_20)
FNDA:0,(anonymous_21)
FNDA:0,(anonymous_22)
FNDA:0,(anonymous_23)
FNDA:0,(anonymous_24)
FNDA:0,(anonymous_25)
FNDA:0,(anonymous_26)
FNDA:0,(anonymous_27)
FNDA:0,(anonymous_28)
FNDA:0,(anonymous_29)
FNDA:0,(anonymous_30)
FNDA:0,(anonymous_31)
FNDA:0,(anonymous_32)
FNDA:0,(anonymous_33)
FNDA:0,(anonymous_34)
FNDA:0,(anonymous_35)
FNDA:0,(anonymous_36)
FNDA:0,(anonymous_37)
FNDA:0,(anonymous_38)
DA:5,0
DA:6,0
DA:7,0
DA:8,0
DA:20,0
DA:21,0
DA:22,0
DA:24,0
DA:28,0
DA:29,0
DA:30,0
DA:34,0
DA:35,0
DA:42,0
DA:43,0
DA:44,0
DA:45,0
DA:51,0
DA:53,0
DA:55,0
DA:56,0
DA:57,0
DA:58,0
DA:60,0
DA:61,0
DA:63,0
DA:64,0
DA:65,0
DA:69,0
DA:97,0
DA:98,0
DA:99,0
DA:103,0
DA:104,0
DA:105,0
DA:115,0
DA:140,0
DA:141,0
DA:143,0
DA:190,0
DA:219,0
DA:220,0
DA:221,0
DA:222,0
DA:223,0
DA:224,0
DA:225,0
DA:226,0
DA:228,0
DA:229,0
DA:230,0
DA:231,0
DA:233,0
DA:234,0
DA:235,0
DA:236,0
DA:240,0
DA:241,0
DA:242,0
DA:243,0
DA:244,0
DA:245,0
DA:246,0
DA:247,0
DA:248,0
DA:252,0
DA:253,0
DA:254,0
DA:255,0
DA:256,0
DA:257,0
DA:258,0
DA:259,0
DA:261,0
DA:262,0
DA:265,0
DA:266,0
DA:271,0
DA:272,0
DA:274,0
DA:275,0
DA:276,0
DA:277,0
DA:278,0
DA:279,0
DA:280,0
DA:284,0
DA:285,0
DA:290,0
DA:292,0
DA:294,0
DA:296,0
DA:297,0
DA:299,0
DA:300,0
DA:301,0
DA:302,0
DA:305,0
DA:306,0
DA:307,0
DA:308,0
DA:311,0
DA:314,0
DA:315,0
DA:316,0
DA:324,0
DA:325,0
DA:393,0
DA:394,0
DA:398,0
DA:512,0
DA:524,0
DA:532,0
LF:113
LH:0
BRDA:19,0,0,0
BRDA:21,1,0,0
BRDA:21,1,1,0
BRDA:42,2,0,0
BRDA:42,2,1,0
BRDA:43,3,0,0
BRDA:43,3,1,0
BRDA:44,4,0,0
BRDA:44,4,1,0
BRDA:56,5,0,0
BRDA:56,5,1,0
BRDA:60,6,0,0
BRDA:60,6,1,0
BRDA:80,7,0,0
BRDA:80,7,1,0
BRDA:83,8,0,0
BRDA:83,8,1,0
BRDA:85,9,0,0
BRDA:85,9,1,0
BRDA:89,10,0,0
BRDA:89,10,1,0
BRDA:91,11,0,0
BRDA:91,11,1,0
BRDA:94,12,0,0
BRDA:94,12,1,0
BRDA:97,13,0,0
BRDA:97,13,1,0
BRDA:97,14,0,0
BRDA:97,14,1,0
BRDA:103,15,0,0
BRDA:103,15,1,0
BRDA:103,16,0,0
BRDA:103,16,1,0
BRDA:140,17,0,0
BRDA:140,17,1,0
BRDA:234,18,0,0
BRDA:234,18,1,0
BRDA:235,19,0,0
BRDA:235,19,1,0
BRDA:253,20,0,0
BRDA:253,20,1,0
BRDA:256,21,0,0
BRDA:256,21,1,0
BRDA:266,22,0,0
BRDA:266,22,1,0
BRDA:272,23,0,0
BRDA:272,23,1,0
BRDA:272,24,0,0
BRDA:272,24,1,0
BRDA:285,25,0,0
BRDA:285,25,1,0
BRDA:292,26,0,0
BRDA:292,26,1,0
BRDA:292,27,0,0
BRDA:292,27,1,0
BRDA:292,27,2,0
BRDA:294,28,0,0
BRDA:294,28,1,0
BRDA:297,29,0,0
BRDA:297,29,1,0
BRDA:299,30,0,0
BRDA:299,30,1,0
BRDA:324,31,0,0
BRDA:324,31,1,0
BRDA:393,32,0,0
BRDA:393,32,1,0
BRDA:428,33,0,0
BRDA:428,33,1,0
BRDA:437,34,0,0
BRDA:437,34,1,0
BRDA:446,35,0,0
BRDA:446,35,1,0
BRDA:478,36,0,0
BRDA:478,36,1,0
BRDA:501,37,0,0
BRDA:501,37,1,0
BRDA:516,38,0,0
BRDA:516,38,1,0
BRDA:518,39,0,0
BRDA:518,39,1,0
BRDA:518,40,0,0
BRDA:518,40,1,0
BRDA:520,41,0,0
BRDA:520,41,1,0
BRDA:520,42,0,0
BRDA:520,42,1,0
BRF:86
BRH:0
end_of_record
TN:
SF:src/components/crossword/CrosswordBoard.jsx
FN:145,pickPuzzle
FN:151,getClueCells
FN:171,getCluesForCell
FN:175,(anonymous_3)
FN:184,buildCellNumbers
FN:198,Cell
FN:259,(anonymous_6)
FN:299,ClueList
FN:313,(anonymous_8)
FN:320,(anonymous_9)
FN:357,CrosswordBoard
FN:365,(anonymous_11)
FN:365,(anonymous_12)
FN:370,CrosswordGame
FN:372,(anonymous_14)
FN:373,(anonymous_15)
FN:389,(anonymous_16)
FN:391,(anonymous_17)
FN:398,(anonymous_18)
FN:412,(anonymous_19)
FN:425,(anonymous_20)
FN:427,(anonymous_21)
FN:445,(anonymous_22)
FN:454,(anonymous_23)
FN:461,(anonymous_24)
FN:491,(anonymous_25)
FN:496,(anonymous_26)
FN:506,(anonymous_27)
FN:507,(anonymous_28)
FN:512,(anonymous_29)
FN:516,(anonymous_30)
FN:520,(anonymous_31)
FN:538,(anonymous_32)
FN:543,(anonymous_33)
FN:546,(anonymous_34)
FN:554,(anonymous_35)
FN:559,(anonymous_36)
FN:612,(anonymous_37)
FN:613,(anonymous_38)
FN:620,(anonymous_39)
FN:737,(anonymous_40)
FN:738,(anonymous_41)
FNF:42
FNH:0
FNDA:0,pickPuzzle
FNDA:0,getClueCells
FNDA:0,getCluesForCell
FNDA:0,(anonymous_3)
FNDA:0,buildCellNumbers
FNDA:0,Cell
FNDA:0,(anonymous_6)
FNDA:0,ClueList
FNDA:0,(anonymous_8)
FNDA:0,(anonymous_9)
FNDA:0,CrosswordBoard
FNDA:0,(anonymous_11)
FNDA:0,(anonymous_12)
FNDA:0,CrosswordGame
FNDA:0,(anonymous_14)
FNDA:0,(anonymous_15)
FNDA:0,(anonymous_16)
FNDA:0,(anonymous_17)
FNDA:0,(anonymous_18)
FNDA:0,(anonymous_19)
FNDA:0,(anonymous_20)
FNDA:0,(anonymous_21)
FNDA:0,(anonymous_22)
FNDA:0,(anonymous_23)
FNDA:0,(anonymous_24)
FNDA:0,(anonymous_25)
FNDA:0,(anonymous_26)
FNDA:0,(anonymous_27)
FNDA:0,(anonymous_28)
FNDA:0,(anonymous_29)
FNDA:0,(anonymous_30)
FNDA:0,(anonymous_31)
FNDA:0,(anonymous_32)
FNDA:0,(anonymous_33)
FNDA:0,(anonymous_34)
FNDA:0,(anonymous_35)
FNDA:0,(anonymous_36)
FNDA:0,(anonymous_37)
FNDA:0,(anonymous_38)
FNDA:0,(anonymous_39)
FNDA:0,(anonymous_40)
FNDA:0,(anonymous_41)
DA:8,0
DA:146,0
DA:147,0
DA:152,0
DA:153,0
DA:154,0
DA:155,0
DA:156,0
DA:157,0
DA:158,0
DA:159,0
DA:162,0
DA:163,0
DA:164,0
DA:167,0
DA:172,0
DA:173,0
DA:174,0
DA:175,0
DA:176,0
DA:177,0
DA:180,0
DA:185,0
DA:186,0
DA:187,0
DA:188,0
DA:189,0
DA:190,0
DA:193,0
DA:200,0
DA:201,0
DA:202,0
DA:203,0
DA:205,0
DA:215,0
DA:223,0
DA:300,0
DA:314,0
DA:315,0
DA:316,0
DA:317,0
DA:320,0
DA:358,0
DA:359,0
DA:361,0
DA:365,0
DA:372,0
DA:373,0
DA:375,0
DA:376,0
DA:377,0
DA:378,0
DA:379,0
DA:380,0
DA:382,0
DA:385,0
DA:388,0
DA:390,0
DA:391,0
DA:397,0
DA:399,0
DA:400,0
DA:401,0
DA:402,0
DA:405,0
DA:411,0
DA:413,0
DA:414,0
DA:415,0
DA:417,0
DA:418,0
DA:424,0
DA:426,0
DA:427,0
DA:429,0
DA:430,0
DA:431,0
DA:432,0
DA:433,0
DA:437,0
DA:438,0
DA:444,0
DA:446,0
DA:447,0
DA:449,0
DA:450,0
DA:451,0
DA:452,0
DA:454,0
DA:455,0
DA:456,0
DA:457,0
DA:460,0
DA:461,0
DA:462,0
DA:464,0
DA:467,0
DA:468,0
DA:470,0
DA:471,0
DA:472,0
DA:473,0
DA:474,0
DA:475,0
DA:478,0
DA:479,0
DA:480,0
DA:481,0
DA:482,0
DA:483,0
DA:484,0
DA:485,0
DA:488,0
DA:489,0
DA:490,0
DA:491,0
DA:492,0
DA:493,0
DA:494,0
DA:495,0
DA:496,0
DA:497,0
DA:499,0
DA:506,0
DA:507,0
DA:508,0
DA:509,0
DA:511,0
DA:512,0
DA:516,0
DA:517,0
DA:520,0
DA:521,0
DA:523,0
DA:524,0
DA:525,0
DA:526,0
DA:528,0
DA:530,0
DA:531,0
DA:532,0
DA:533,0
DA:534,0
DA:538,0
DA:539,0
DA:540,0
DA:543,0
DA:544,0
DA:545,0
DA:546,0
DA:548,0
DA:549,0
DA:550,0
DA:553,0
DA:554,0
DA:555,0
DA:557,0
DA:559,0
DA:613,0
DA:614,0
DA:620,0
DA:738,0
DA:739,0
LF:163
LH:0
BRDA:153,0,0,0
BRDA:153,0,1,0
BRDA:156,1,0,0
BRDA:156,1,1,0
BRDA:158,2,0,0
BRDA:158,2,1,0
BRDA:163,3,0,0
BRDA:163,3,1,0
BRDA:175,4,0,0
BRDA:175,4,1,0
BRDA:175,5,0,0
BRDA:175,5,1,0
BRDA:176,6,0,0
BRDA:176,6,1,0
BRDA:189,7,0,0
BRDA:189,7,1,0
BRDA:189,8,0,0
BRDA:189,8,1,0
BRDA:205,9,0,0
BRDA:205,9,1,0
BRDA:207,10,0,0
BRDA:207,10,1,0
BRDA:209,11,0,0
BRDA:209,11,1,0
BRDA:211,12,0,0
BRDA:211,12,1,0
BRDA:215,13,0,0
BRDA:215,13,1,0
BRDA:217,14,0,0
BRDA:217,14,1,0
BRDA:219,15,0,0
BRDA:219,15,1,0
BRDA:225,16,0,0
BRDA:225,16,1,0
BRDA:233,17,0,0
BRDA:233,17,1,0
BRDA:235,18,0,0
BRDA:235,18,1,0
BRDA:239,19,0,0
BRDA:239,19,1,0
BRDA:239,19,2,0
BRDA:247,20,0,0
BRDA:247,20,1,0
BRDA:255,21,0,0
BRDA:255,21,1,0
BRDA:277,22,0,0
BRDA:277,22,1,0
BRDA:283,23,0,0
BRDA:283,23,1,0
BRDA:285,24,0,0
BRDA:285,24,1,0
BRDA:290,25,0,0
BRDA:290,25,1,0
BRDA:323,26,0,0
BRDA:323,26,1,0
BRDA:326,27,0,0
BRDA:326,27,1,0
BRDA:335,28,0,0
BRDA:335,28,1,0
BRDA:336,29,0,0
BRDA:336,29,1,0
BRDA:338,30,0,0
BRDA:338,30,1,0
BRDA:341,31,0,0
BRDA:341,31,1,0
BRDA:401,32,0,0
BRDA:401,32,1,0
BRDA:402,33,0,0
BRDA:402,33,1,0
BRDA:415,34,0,0
BRDA:415,34,1,0
BRDA:427,35,0,0
BRDA:427,35,1,0
BRDA:431,36,0,0
BRDA:431,36,1,0
BRDA:437,37,0,0
BRDA:437,37,1,0
BRDA:446,38,0,0
BRDA:446,38,1,0
BRDA:449,39,0,0
BRDA:449,39,1,0
BRDA:449,40,0,0
BRDA:449,40,1,0
BRDA:452,41,0,0
BRDA:452,41,1,0
BRDA:461,42,0,0
BRDA:461,42,1,0
BRDA:462,43,0,0
BRDA:462,43,1,0
BRDA:467,44,0,0
BRDA:467,44,1,0
BRDA:467,45,0,0
BRDA:467,45,1,0
BRDA:467,45,2,0
BRDA:478,46,0,0
BRDA:478,46,1,0
BRDA:478,47,0,0
BRDA:478,47,1,0
BRDA:488,48,0,0
BRDA:488,48,1,0
BRDA:495,49,0,0
BRDA:495,49,1,0
BRDA:508,50,0,0
BRDA:508,50,1,0
BRDA:508,51,0,0
BRDA:508,51,1,0
BRDA:508,51,2,0
BRDA:517,52,0,0
BRDA:517,52,1,0
BRDA:521,53,0,0
BRDA:521,53,1,0
BRDA:523,54,0,0
BRDA:523,54,1,0
BRDA:523,55,0,0
BRDA:523,55,1,0
BRDA:525,56,0,0
BRDA:525,56,1,0
BRDA:525,57,0,0
BRDA:525,57,1,0
BRDA:526,58,0,0
BRDA:526,58,1,0
BRDA:526,59,0,0
BRDA:526,59,1,0
BRDA:531,60,0,0
BRDA:531,60,1,0
BRDA:531,61,0,0
BRDA:531,61,1,0
BRDA:532,62,0,0
BRDA:532,62,1,0
BRDA:532,63,0,0
BRDA:532,63,1,0
BRDA:533,64,0,0
BRDA:533,64,1,0
BRDA:534,65,0,0
BRDA:534,65,1,0
BRDA:544,66,0,0
BRDA:544,66,1,0
BRDA:545,67,0,0
BRDA:545,67,1,0
BRDA:545,68,0,0
BRDA:545,68,1,0
BRDA:546,69,0,0
BRDA:546,69,1,0
BRDA:546,70,0,0
BRDA:546,70,1,0
BRDA:549,71,0,0
BRDA:549,71,1,0
BRDA:549,72,0,0
BRDA:549,72,1,0
BRDA:549,72,2,0
BRDA:549,72,3,0
BRDA:559,73,0,0
BRDA:559,73,1,0
BRDA:596,74,0,0
BRDA:596,74,1,0
BRDA:621,75,0,0
BRDA:621,75,1,0
BRDA:621,76,0,0
BRDA:621,76,1,0
BRDA:629,77,0,0
BRDA:629,77,1,0
BRDA:663,78,0,0
BRDA:663,78,1,0
BRDA:686,79,0,0
BRDA:686,79,1,0
BRDA:744,80,0,0
BRDA:744,80,1,0
BRDA:745,81,0,0
BRDA:745,81,1,0
BRDA:754,82,0,0
BRDA:754,82,1,0
BRF:171
BRH:0
end_of_record
TN:
SF:src/components/diceroll/DiceRollBoard.jsx
FN:5,DiceRollBoard
FN:15,(anonymous_1)
FN:39,(anonymous_2)
FN:129,(anonymous_3)
FNF:4
FNH:0
FNDA:0,DiceRollBoard
FNDA:0,(anonymous_1)
FNDA:0,(anonymous_2)
FNDA:0,(anonymous_3)
DA:6,0
DA:7,0
DA:8,0
DA:9,0
DA:10,0
DA:11,0
DA:12,0
DA:13,0
DA:15,0
DA:16,0
DA:18,0
DA:19,0
DA:20,0
DA:21,0
DA:23,0
DA:24,0
DA:25,0
DA:27,0
DA:28,0
DA:29,0
DA:30,0
DA:31,0
DA:32,0
DA:33,0
DA:35,0
DA:39,0
DA:40,0
DA:41,0
DA:42,0
DA:43,0
DA:44,0
DA:45,0
DA:48,0
DA:130,0
LF:34
LH:0
BRDA:16,0,0,0
BRDA:16,0,1,0
BRDA:27,1,0,0
BRDA:27,1,1,0
BRDA:29,2,0,0
BRDA:29,2,1,0
BRDA:31,3,0,0
BRDA:31,3,1,0
BRDA:82,4,0,0
BRDA:82,4,1,0
BRDA:87,5,0,0
BRDA:87,5,1,0
BRDA:92,6,0,0
BRDA:92,6,1,0
BRDA:108,7,0,0
BRDA:108,7,1,0
BRDA:108,8,0,0
BRDA:108,8,1,0
BRDA:120,9,0,0
BRDA:120,9,1,0
BRDA:134,10,0,0
BRDA:134,10,1,0
BRDA:135,11,0,0
BRDA:135,11,1,0
BRDA:146,12,0,0
BRDA:146,12,1,0
BRDA:151,13,0,0
BRDA:151,13,1,0
BRF:28
BRH:0
end_of_record
TN:
SF:src/components/flipcoin/FlipCoinBoard.jsx
FN:5,FlipCoinBoard
FN:14,(anonymous_1)
FN:20,(anonymous_2)
FN:27,(anonymous_3)
FN:44,(anonymous_4)
FN:51,(anonymous_5)
FN:118,(anonymous_6)
FN:134,(anonymous_7)
FNF:8
FNH:0
FNDA:0,FlipCoinBoard
FNDA:0,(anonymous_1)
FNDA:0,(anonymous_2)
FNDA:0,(anonymous_3)
FNDA:0,(anonymous_4)
FNDA:0,(anonymous_5)
FNDA:0,(anonymous_6)
FNDA:0,(anonymous_7)
DA:6,0
DA:7,0
DA:8,0
DA:9,0
DA:10,0
DA:11,0
DA:12,0
DA:14,0
DA:15,0
DA:16,0
DA:17,0
DA:20,0
DA:21,0
DA:23,0
DA:24,0
DA:27,0
DA:28,0
DA:29,0
DA:31,0
DA:32,0
DA:33,0
DA:34,0
DA:36,0
DA:37,0
DA:40,0
DA:44,0
DA:45,0
DA:46,0
DA:47,0
DA:48,0
DA:51,0
DA:52,0
DA:53,0
DA:54,0
DA:55,0
DA:56,0
DA:57,0
DA:60,0
DA:118,0
DA:134,0
LF:40
LH:0
BRDA:15,0,0,0
BRDA:15,0,1,0
BRDA:15,1,0,0
BRDA:15,1,1,0
BRDA:21,2,0,0
BRDA:21,2,1,0
BRDA:21,3,0,0
BRDA:21,3,1,0
BRDA:28,4,0,0
BRDA:28,4,1,0
BRDA:31,5,0,0
BRDA:31,5,1,0
BRDA:85,6,0,0
BRDA:85,6,1,0
BRDA:93,7,0,0
BRDA:93,7,1,0
BRDA:98,8,0,0
BRDA:98,8,1,0
BRDA:101,9,0,0
BRDA:101,9,1,0
BRDA:101,10,0,0
BRDA:101,10,1,0
BRDA:106,11,0,0
BRDA:106,11,1,0
BRDA:109,12,0,0
BRDA:109,12,1,0
BRDA:115,13,0,0
BRDA:115,13,1,0
BRDA:121,14,0,0
BRDA:121,14,1,0
BRDA:126,15,0,0
BRDA:126,15,1,0
BRDA:127,16,0,0
BRDA:127,16,1,0
BRDA:137,17,0,0
BRDA:137,17,1,0
BRDA:142,18,0,0
BRDA:142,18,1,0
BRDA:143,19,0,0
BRDA:143,19,1,0
BRDA:153,20,0,0
BRDA:153,20,1,0
BRDA:153,20,2,0
BRDA:160,21,0,0
BRDA:160,21,1,0
BRDA:165,22,0,0
BRDA:165,22,1,0
BRDA:185,23,0,0
BRDA:185,23,1,0
BRDA:188,24,0,0
BRDA:188,24,1,0
BRF:51
BRH:0
end_of_record
TN:
SF:src/components/flipflop/FlipFlopBoard.jsx
FN:16,initializeGame
FN:18,(anonymous_1)
FN:38,Card
FN:41,(anonymous_3)
FN:72,Stats
FN:78,(anonymous_5)
FN:113,FlipFlopBoard
FN:119,(anonymous_7)
FN:119,(anonymous_8)
FN:124,Game
FN:127,(anonymous_10)
FN:128,(anonymous_11)
FN:159,(anonymous_12)
FN:160,(anonymous_13)
FN:279,(anonymous_14)
FNF:15
FNH:0
FNDA:0,initializeGame
FNDA:0,(anonymous_1)
FNDA:0,Card
FNDA:0,(anonymous_3)
FNDA:0,Stats
FNDA:0,(anonymous_5)
FNDA:0,FlipFlopBoard
FNDA:0,(anonymous_7)
FNDA:0,(anonymous_8)
FNDA:0,Game
FNDA:0,(anonymous_10)
FNDA:0,(anonymous_11)
FNDA:0,(anonymous_12)
FNDA:0,(anonymous_13)
FNDA:0,(anonymous_14)
DA:5,0
DA:17,0
DA:18,0
DA:19,0
DA:20,0
DA:23,0
DA:24,0
DA:25,0
DA:27,0
DA:39,0
DA:41,0
DA:73,0
DA:79,0
DA:114,0
DA:116,0
DA:119,0
DA:125,0
DA:127,0
DA:128,0
DA:129,0
DA:130,0
DA:132,0
DA:133,0
DA:136,0
DA:137,0
DA:138,0
DA:139,0
DA:141,0
DA:143,0
DA:144,0
DA:145,0
DA:146,0
DA:148,0
DA:150,0
DA:159,0
DA:160,0
DA:166,0
DA:174,0
DA:181,0
DA:182,0
DA:185,0
DA:186,0
DA:246,0
DA:280,0
LF:44
LH:0
BRDA:41,0,0,0
BRDA:41,0,1,0
BRDA:49,1,0,0
BRDA:49,1,1,0
BRDA:50,2,0,0
BRDA:50,2,1,0
BRDA:57,3,0,0
BRDA:57,3,1,0
BRDA:59,4,0,0
BRDA:59,4,1,0
BRDA:62,5,0,0
BRDA:62,5,1,0
BRDA:65,6,0,0
BRDA:65,6,1,0
BRDA:65,7,0,0
BRDA:65,7,1,0
BRDA:129,8,0,0
BRDA:129,8,1,0
BRDA:130,9,0,0
BRDA:130,9,1,0
BRDA:130,10,0,0
BRDA:130,10,1,0
BRDA:136,11,0,0
BRDA:136,11,1,0
BRDA:143,12,0,0
BRDA:143,12,1,0
BRDA:155,13,0,0
BRDA:155,13,1,0
BRDA:185,14,0,0
BRDA:185,14,1,0
BRDA:234,15,0,0
BRDA:234,15,1,0
BRF:32
BRH:0
end_of_record
TN:
SF:src/components/game2048/Game2048Board.jsx
FN:17,initGrid
FN:26,Tile
FN:61,ScoreBadge
FN:94,useSwipe
FN:97,(anonymous_4)
FN:103,(anonymous_5)
FN:128,Game2048Board
FN:131,(anonymous_7)
FN:141,(anonymous_8)
FN:146,(anonymous_9)
FN:150,(anonymous_10)
FN:160,(anonymous_11)
FN:168,(anonymous_12)
FN:172,(anonymous_13)
FN:174,(anonymous_14)
FN:193,(anonymous_15)
FN:202,(anonymous_16)
FN:209,(anonymous_17)
FN:214,(anonymous_18)
FN:223,(anonymous_19)
FN:291,(anonymous_20)
FNF:21
FNH:0
FNDA:0,initGrid
FNDA:0,Tile
FNDA:0,ScoreBadge
FNDA:0,useSwipe
FNDA:0,(anonymous_4)
FNDA:0,(anonymous_5)
FNDA:0,Game2048Board
FNDA:0,(anonymous_7)
FNDA:0,(anonymous_8)
FNDA:0,(anonymous_9)
FNDA:0,(anonymous_10)
FNDA:0,(anonymous_11)
FNDA:0,(anonymous_12)
FNDA:0,(anonymous_13)
FNDA:0,(anonymous_14)
FNDA:0,(anonymous_15)
FNDA:0,(anonymous_16)
FNDA:0,(anonymous_17)
FNDA:0,(anonymous_18)
FNDA:0,(anonymous_19)
FNDA:0,(anonymous_20)
DA:18,0
DA:19,0
DA:20,0
DA:21,0
DA:27,0
DA:30,0
DA:36,0
DA:62,0
DA:95,0
DA:97,0
DA:98,0
DA:99,0
DA:102,0
DA:104,0
DA:105,0
DA:106,0
DA:107,0
DA:108,0
DA:110,0
DA:111,0
DA:112,0
DA:114,0
DA:115,0
DA:117,0
DA:123,0
DA:129,0
DA:130,0
DA:131,0
DA:132,0
DA:133,0
DA:135,0
DA:136,0
DA:137,0
DA:138,0
DA:141,0
DA:142,0
DA:145,0
DA:147,0
DA:148,0
DA:150,0
DA:151,0
DA:152,0
DA:155,0
DA:158,0
DA:159,0
DA:160,0
DA:161,0
DA:162,0
DA:163,0
DA:166,0
DA:167,0
DA:168,0
DA:171,0
DA:172,0
DA:173,0
DA:174,0
DA:175,0
DA:180,0
DA:181,0
DA:182,0
DA:183,0
DA:186,0
DA:193,0
DA:194,0
DA:202,0
DA:203,0
DA:204,0
DA:205,0
DA:206,0
DA:208,0
DA:209,0
DA:212,0
DA:214,0
DA:215,0
DA:216,0
DA:217,0
DA:218,0
DA:219,0
DA:220,0
DA:223,0
DA:224,0
DA:225,0
DA:228,0
DA:231,0
DA:292,0
LF:85
LH:0
BRDA:27,0,0,0
BRDA:27,0,1,0
BRDA:27,1,0,0
BRDA:27,1,1,0
BRDA:30,2,0,0
BRDA:30,2,1,0
BRDA:32,3,0,0
BRDA:32,3,1,0
BRDA:40,4,0,0
BRDA:40,4,1,0
BRDA:41,5,0,0
BRDA:41,5,1,0
BRDA:46,6,0,0
BRDA:46,6,1,0
BRDA:47,7,0,0
BRDA:47,7,1,0
BRDA:48,8,0,0
BRDA:48,8,1,0
BRDA:54,9,0,0
BRDA:54,9,1,0
BRDA:65,10,0,0
BRDA:65,10,1,0
BRDA:72,11,0,0
BRDA:72,11,1,0
BRDA:104,12,0,0
BRDA:104,12,1,0
BRDA:112,13,0,0
BRDA:112,13,1,0
BRDA:114,14,0,0
BRDA:114,14,1,0
BRDA:115,15,0,0
BRDA:115,15,1,0
BRDA:117,16,0,0
BRDA:117,16,1,0
BRDA:132,17,0,0
BRDA:132,17,1,0
BRDA:132,18,0,0
BRDA:132,18,1,0
BRDA:147,19,0,0
BRDA:147,19,1,0
BRDA:148,20,0,0
BRDA:148,20,1,0
BRDA:148,21,0,0
BRDA:148,21,1,0
BRDA:152,22,0,0
BRDA:152,22,1,0
BRDA:161,23,0,0
BRDA:161,23,1,0
BRDA:161,24,0,0
BRDA:161,24,1,0
BRDA:162,25,0,0
BRDA:162,25,1,0
BRDA:162,26,0,0
BRDA:162,26,1,0
BRDA:162,26,2,0
BRDA:162,26,3,0
BRDA:171,27,0,0
BRDA:171,27,1,0
BRDA:180,28,0,0
BRDA:180,28,1,0
BRDA:180,29,0,0
BRDA:180,29,1,0
BRDA:182,30,0,0
BRDA:182,30,1,0
BRDA:204,31,0,0
BRDA:204,31,1,0
BRDA:303,32,0,0
BRDA:303,32,1,0
BRDA:307,33,0,0
BRDA:307,33,1,0
BRDA:310,34,0,0
BRDA:310,34,1,0
BRDA:320,35,0,0
BRDA:320,35,1,0
BRDA:343,36,0,0
BRDA:343,36,1,0
BRDA:343,36,2,0
BRDA:388,37,0,0
BRDA:388,37,1,0
BRDA:420,38,0,0
BRDA:420,38,1,0
BRDA:423,39,0,0
BRDA:423,39,1,0
BRF:83
BRH:0
end_of_record
TN:
SF:src/components/greatwall/GreatWallBoard.jsx
FN:11,GreatWallBoard
FN:25,(anonymous_1)
FN:47,(anonymous_2)
FN:89,(anonymous_3)
FN:132,(anonymous_4)
FN:136,(anonymous_5)
FN:167,(anonymous_6)
FN:178,(anonymous_7)
FN:183,(anonymous_8)
FN:204,(anonymous_9)
FN:216,(anonymous_10)
FN:225,(anonymous_11)
FN:236,(anonymous_12)
FN:245,(anonymous_13)
FN:256,(anonymous_14)
FN:264,(anonymous_15)
FNF:16
FNH:0
FNDA:0,GreatWallBoard
FNDA:0,(anonymous_1)
FNDA:0,(anonymous_2)
FNDA:0,(anonymous_3)
FNDA:0,(anonymous_4)
FNDA:0,(anonymous_5)
FNDA:0,(anonymous_6)
FNDA:0,(anonymous_7)
FNDA:0,(anonymous_8)
FNDA:0,(anonymous_9)
FNDA:0,(anonymous_10)
FNDA:0,(anonymous_11)
FNDA:0,(anonymous_12)
FNDA:0,(anonymous_13)
FNDA:0,(anonymous_14)
FNDA:0,(anonymous_15)
DA:3,0
DA:4,0
DA:5,0
DA:6,0
DA:7,0
DA:8,0
DA:9,0
DA:12,0
DA:13,0
DA:14,0
DA:15,0
DA:16,0
DA:17,0
DA:25,0
DA:26,0
DA:27,0
DA:29,0
DA:30,0
DA:33,0
DA:34,0
DA:37,0
DA:38,0
DA:41,0
DA:42,0
DA:43,0
DA:44,0
DA:47,0
DA:48,0
DA:49,0
DA:50,0
DA:55,0
DA:56,0
DA:57,0
DA:58,0
DA:60,0
DA:61,0
DA:62,0
DA:63,0
DA:64,0
DA:65,0
DA:68,0
DA:69,0
DA:70,0
DA:71,0
DA:72,0
DA:73,0
DA:74,0
DA:75,0
DA:78,0
DA:79,0
DA:80,0
DA:81,0
DA:82,0
DA:83,0
DA:84,0
DA:85,0
DA:89,0
DA:90,0
DA:91,0
DA:93,0
DA:94,0
DA:95,0
DA:97,0
DA:98,0
DA:99,0
DA:100,0
DA:111,0
DA:127,0
DA:128,0
DA:129,0
DA:132,0
DA:133,0
DA:136,0
DA:137,0
DA:139,0
DA:142,0
DA:143,0
DA:146,0
DA:147,0
DA:149,0
DA:150,0
DA:154,0
DA:160,0
DA:162,0
DA:163,0
DA:167,0
DA:168,0
DA:170,0
DA:176,0
DA:177,0
DA:178,0
DA:183,0
DA:184,0
DA:185,0
DA:189,0
DA:190,0
DA:191,0
DA:192,0
DA:193,0
DA:196,0
DA:197,0
DA:198,0
DA:199,0
DA:204,0
DA:205,0
DA:206,0
DA:209,0
DA:210,0
DA:211,0
DA:213,0
DA:214,0
DA:216,0
DA:217,0
DA:218,0
DA:219,0
DA:225,0
DA:226,0
DA:227,0
DA:228,0
DA:229,0
DA:233,0
DA:234,0
DA:236,0
DA:237,0
DA:238,0
DA:239,0
DA:240,0
DA:245,0
DA:246,0
DA:247,0
DA:248,0
DA:249,0
DA:251,0
DA:252,0
DA:256,0
DA:257,0
DA:258,0
DA:259,0
DA:262,0
DA:264,0
DA:265,0
DA:266,0
DA:267,0
DA:272,0
LF:144
LH:0
BRDA:27,0,0,0
BRDA:27,0,1,0
BRDA:48,1,0,0
BRDA:48,1,1,0
BRDA:60,2,0,0
BRDA:60,2,1,0
BRDA:68,3,0,0
BRDA:68,3,1,0
BRDA:78,4,0,0
BRDA:78,4,1,0
BRDA:91,5,0,0
BRDA:91,5,1,0
BRDA:137,6,0,0
BRDA:137,6,1,0
BRDA:146,7,0,0
BRDA:146,7,1,0
BRDA:146,8,0,0
BRDA:146,8,1,0
BRDA:149,9,0,0
BRDA:149,9,1,0
BRDA:154,10,0,0
BRDA:154,10,1,0
BRDA:155,11,0,0
BRDA:155,11,1,0
BRDA:155,11,2,0
BRDA:155,11,3,0
BRDA:168,12,0,0
BRDA:168,12,1,0
BRDA:170,13,0,0
BRDA:170,13,1,0
BRDA:171,14,0,0
BRDA:171,14,1,0
BRDA:171,14,2,0
BRDA:171,14,3,0
BRDA:183,15,0,0
BRDA:183,15,1,0
BRDA:189,16,0,0
BRDA:189,16,1,0
BRDA:192,17,0,0
BRDA:192,17,1,0
BRDA:206,18,0,0
BRDA:206,18,1,0
BRDA:226,19,0,0
BRDA:226,19,1,0
BRDA:228,20,0,0
BRDA:228,20,1,0
BRDA:228,21,0,0
BRDA:228,21,1,0
BRDA:239,22,0,0
BRDA:239,22,1,0
BRDA:246,23,0,0
BRDA:246,23,1,0
BRDA:247,24,0,0
BRDA:247,24,1,0
BRDA:265,25,0,0
BRDA:265,25,1,0
BRF:56
BRH:0
end_of_record
TN:
SF:src/components/gregsEgg/GregsEggBoard.jsx
FN:20,getRandomEmptyIndex
FN:22,(anonymous_1)
FN:23,(anonymous_2)
FN:29,computeInterval
FN:36,EggCell
FN:42,(anonymous_5)
FN:84,(anonymous_6)
FN:90,(anonymous_7)
FN:104,ScorePopup
FN:129,GameOverScreen
FN:186,(anonymous_10)
FN:215,GregsEggBoard
FN:216,(anonymous_12)
FN:217,(anonymous_13)
FN:235,(anonymous_14)
FN:240,(anonymous_15)
FN:246,(anonymous_16)
FN:248,(anonymous_17)
FN:249,(anonymous_18)
FN:259,(anonymous_19)
FN:263,(anonymous_20)
FN:268,(anonymous_21)
FN:269,(anonymous_22)
FN:272,(anonymous_23)
FN:277,(anonymous_24)
FN:278,(anonymous_25)
FN:281,(anonymous_26)
FN:285,(anonymous_27)
FN:286,(anonymous_28)
FN:287,(anonymous_29)
FN:293,(anonymous_30)
FN:295,(anonymous_31)
FN:296,(anonymous_32)
FN:297,(anonymous_33)
FN:321,(anonymous_34)
FN:328,(anonymous_35)
FN:329,(anonymous_36)
FN:336,(anonymous_37)
FN:342,(anonymous_38)
FN:343,(anonymous_39)
FN:347,(anonymous_40)
FN:348,(anonymous_41)
FN:349,(anonymous_42)
FN:349,(anonymous_43)
FN:359,(anonymous_44)
FN:402,(anonymous_45)
FN:440,(anonymous_46)
FN:464,(anonymous_47)
FN:528,(anonymous_48)
FN:532,(anonymous_49)
FNF:50
FNH:0
FNDA:0,getRandomEmptyIndex
FNDA:0,(anonymous_1)
FNDA:0,(anonymous_2)
FNDA:0,computeInterval
FNDA:0,EggCell
FNDA:0,(anonymous_5)
FNDA:0,(anonymous_6)
FNDA:0,(anonymous_7)
FNDA:0,ScorePopup
FNDA:0,GameOverScreen
FNDA:0,(anonymous_10)
FNDA:0,GregsEggBoard
FNDA:0,(anonymous_12)
FNDA:0,(anonymous_13)
FNDA:0,(anonymous_14)
FNDA:0,(anonymous_15)
FNDA:0,(anonymous_16)
FNDA:0,(anonymous_17)
FNDA:0,(anonymous_18)
FNDA:0,(anonymous_19)
FNDA:0,(anonymous_20)
FNDA:0,(anonymous_21)
FNDA:0,(anonymous_22)
FNDA:0,(anonymous_23)
FNDA:0,(anonymous_24)
FNDA:0,(anonymous_25)
FNDA:0,(anonymous_26)
FNDA:0,(anonymous_27)
FNDA:0,(anonymous_28)
FNDA:0,(anonymous_29)
FNDA:0,(anonymous_30)
FNDA:0,(anonymous_31)
FNDA:0,(anonymous_32)
FNDA:0,(anonymous_33)
FNDA:0,(anonymous_34)
FNDA:0,(anonymous_35)
FNDA:0,(anonymous_36)
FNDA:0,(anonymous_37)
FNDA:0,(anonymous_38)
FNDA:0,(anonymous_39)
FNDA:0,(anonymous_40)
FNDA:0,(anonymous_41)
FNDA:0,(anonymous_42)
FNDA:0,(anonymous_43)
FNDA:0,(anonymous_44)
FNDA:0,(anonymous_45)
FNDA:0,(anonymous_46)
FNDA:0,(anonymous_47)
FNDA:0,(anonymous_48)
FNDA:0,(anonymous_49)
DA:5,0
DA:6,0
DA:7,0
DA:8,0
DA:9,0
DA:11,0
DA:21,0
DA:22,0
DA:23,0
DA:24,0
DA:25,0
DA:30,0
DA:31,0
DA:37,0
DA:38,0
DA:39,0
DA:40,0
DA:42,0
DA:43,0
DA:44,0
DA:45,0
DA:46,0
DA:49,0
DA:85,0
DA:86,0
DA:87,0
DA:91,0
DA:92,0
DA:93,0
DA:105,0
DA:130,0
DA:132,0
DA:140,0
DA:187,0
DA:216,0
DA:217,0
DA:222,0
DA:223,0
DA:224,0
DA:225,0
DA:226,0
DA:227,0
DA:228,0
DA:230,0
DA:231,0
DA:232,0
DA:235,0
DA:236,0
DA:237,0
DA:240,0
DA:241,0
DA:242,0
DA:246,0
DA:247,0
DA:248,0
DA:249,0
DA:250,0
DA:251,0
DA:252,0
DA:253,0
DA:255,0
DA:256,0
DA:259,0
DA:263,0
DA:264,0
DA:266,0
DA:268,0
DA:269,0
DA:270,0
DA:271,0
DA:272,0
DA:273,0
DA:277,0
DA:278,0
DA:280,0
DA:281,0
DA:282,0
DA:285,0
DA:286,0
DA:287,0
DA:288,0
DA:293,0
DA:295,0
DA:296,0
DA:297,0
DA:298,0
DA:305,0
DA:307,0
DA:310,0
DA:311,0
DA:315,0
DA:316,0
DA:319,0
DA:321,0
DA:322,0
DA:327,0
DA:329,0
DA:330,0
DA:331,0
DA:333,0
DA:334,0
DA:336,0
DA:337,0
DA:341,0
DA:342,0
DA:343,0
DA:346,0
DA:347,0
DA:348,0
DA:349,0
DA:352,0
DA:359,0
DA:360,0
DA:361,0
DA:362,0
DA:363,0
DA:364,0
DA:365,0
DA:366,0
DA:367,0
DA:368,0
DA:372,0
DA:373,0
DA:403,0
DA:418,0
DA:419,0
DA:434,0
DA:436,0
DA:441,0
DA:465,0
DA:529,0
DA:532,0
DA:553,0
LF:133
LH:0
BRDA:22,0,0,0
BRDA:22,0,1,0
BRDA:24,1,0,0
BRDA:24,1,1,0
BRDA:43,2,0,0
BRDA:43,2,1,0
BRDA:44,3,0,0
BRDA:44,3,1,0
BRDA:45,4,0,0
BRDA:45,4,1,0
BRDA:51,5,0,0
BRDA:51,5,1,0
BRDA:52,6,0,0
BRDA:52,6,1,0
BRDA:53,7,0,0
BRDA:53,7,1,0
BRDA:59,8,0,0
BRDA:59,8,1,0
BRDA:61,9,0,0
BRDA:61,9,1,0
BRDA:65,10,0,0
BRDA:65,10,1,0
BRDA:65,11,0,0
BRDA:65,11,1,0
BRDA:67,12,0,0
BRDA:67,12,1,0
BRDA:67,13,0,0
BRDA:67,13,1,0
BRDA:69,14,0,0
BRDA:69,14,1,0
BRDA:69,15,0,0
BRDA:69,15,1,0
BRDA:76,16,0,0
BRDA:76,16,1,0
BRDA:78,17,0,0
BRDA:78,17,1,0
BRDA:80,18,0,0
BRDA:80,18,1,0
BRDA:85,19,0,0
BRDA:85,19,1,0
BRDA:85,20,0,0
BRDA:85,20,1,0
BRDA:91,21,0,0
BRDA:91,21,1,0
BRDA:91,22,0,0
BRDA:91,22,1,0
BRDA:130,23,0,0
BRDA:130,23,1,0
BRDA:132,24,0,0
BRDA:132,24,1,0
BRDA:134,25,0,0
BRDA:134,25,1,0
BRDA:136,26,0,0
BRDA:136,26,1,0
BRDA:247,27,0,0
BRDA:247,27,1,0
BRDA:250,28,0,0
BRDA:250,28,1,0
BRDA:264,29,0,0
BRDA:264,29,1,0
BRDA:271,30,0,0
BRDA:271,30,1,0
BRDA:273,31,0,0
BRDA:273,31,1,0
BRDA:280,32,0,0
BRDA:280,32,1,0
BRDA:282,33,0,0
BRDA:282,33,1,0
BRDA:288,34,0,0
BRDA:288,34,1,0
BRDA:288,35,0,0
BRDA:288,35,1,0
BRDA:298,36,0,0
BRDA:298,36,1,0
BRDA:298,37,0,0
BRDA:298,37,1,0
BRDA:330,38,0,0
BRDA:330,38,1,0
BRDA:330,39,0,0
BRDA:330,39,1,0
BRDA:337,40,0,0
BRDA:337,40,1,0
BRDA:341,41,0,0
BRDA:341,41,1,0
BRDA:372,42,0,0
BRDA:372,42,1,0
BRDA:418,43,0,0
BRDA:418,43,1,0
BRDA:434,44,0,0
BRDA:434,44,1,0
BRDA:434,45,0,0
BRDA:434,45,1,0
BRDA:477,46,0,0
BRDA:477,46,1,0
BRDA:477,47,0,0
BRDA:477,47,1,0
BRF:96
BRH:0
end_of_record
TN:
SF:src/components/hangman/HangmanBoard.jsx
FN:12,GallowsSVG
FN:65,LetterKey
FN:95,(anonymous_2)
FN:120,WordDisplay
FN:126,(anonymous_4)
FN:170,LivesBar
FN:173,(anonymous_6)
FN:191,HangmanBoard
FN:199,(anonymous_8)
FN:199,(anonymous_9)
FN:204,Game
FN:211,(anonymous_11)
FN:215,(anonymous_12)
FN:217,(anonymous_13)
FN:218,(anonymous_14)
FN:225,(anonymous_15)
FN:228,(anonymous_16)
FN:242,(anonymous_17)
FN:243,(anonymous_18)
FN:249,(anonymous_19)
FN:252,(anonymous_20)
FN:257,(anonymous_21)
FN:342,(anonymous_22)
FN:396,(anonymous_23)
FN:398,(anonymous_24)
FNF:25
FNH:0
FNDA:0,GallowsSVG
FNDA:0,LetterKey
FNDA:0,(anonymous_2)
FNDA:0,WordDisplay
FNDA:0,(anonymous_4)
FNDA:0,LivesBar
FNDA:0,(anonymous_6)
FNDA:0,HangmanBoard
FNDA:0,(anonymous_8)
FNDA:0,(anonymous_9)
FNDA:0,Game
FNDA:0,(anonymous_11)
FNDA:0,(anonymous_12)
FNDA:0,(anonymous_13)
FNDA:0,(anonymous_14)
FNDA:0,(anonymous_15)
FNDA:0,(anonymous_16)
FNDA:0,(anonymous_17)
FNDA:0,(anonymous_18)
FNDA:0,(anonymous_19)
FNDA:0,(anonymous_20)
FNDA:0,(anonymous_21)
FNDA:0,(anonymous_22)
FNDA:0,(anonymous_23)
FNDA:0,(anonymous_24)
DA:7,0
DA:8,0
DA:13,0
DA:14,0
DA:15,0
DA:17,0
DA:67,0
DA:68,0
DA:69,0
DA:71,0
DA:93,0
DA:95,0
DA:121,0
DA:127,0
DA:128,0
DA:129,0
DA:171,0
DA:174,0
DA:192,0
DA:193,0
DA:195,0
DA:199,0
DA:205,0
DA:207,0
DA:208,0
DA:209,0
DA:211,0
DA:212,0
DA:215,0
DA:216,0
DA:217,0
DA:218,0
DA:219,0
DA:220,0
DA:221,0
DA:222,0
DA:225,0
DA:228,0
DA:229,0
DA:230,0
DA:231,0
DA:232,0
DA:234,0
DA:235,0
DA:236,0
DA:237,0
DA:242,0
DA:243,0
DA:244,0
DA:245,0
DA:246,0
DA:248,0
DA:249,0
DA:252,0
DA:253,0
DA:254,0
DA:257,0
DA:258,0
DA:261,0
DA:262,0
DA:298,0
DA:299,0
DA:340,0
DA:342,0
DA:397,0
DA:399,0
LF:66
LH:0
BRDA:36,0,0,0
BRDA:36,0,1,0
BRDA:40,1,0,0
BRDA:40,1,1,0
BRDA:44,2,0,0
BRDA:44,2,1,0
BRDA:48,3,0,0
BRDA:48,3,1,0
BRDA:52,4,0,0
BRDA:52,4,1,0
BRDA:56,5,0,0
BRDA:56,5,1,0
BRDA:69,6,0,0
BRDA:69,6,1,0
BRDA:71,7,0,0
BRDA:71,7,1,0
BRDA:78,8,0,0
BRDA:78,8,1,0
BRDA:95,9,0,0
BRDA:95,9,1,0
BRDA:97,10,0,0
BRDA:97,10,1,0
BRDA:97,11,0,0
BRDA:97,11,1,0
BRDA:127,12,0,0
BRDA:127,12,1,0
BRDA:128,13,0,0
BRDA:128,13,1,0
BRDA:140,14,0,0
BRDA:140,14,1,0
BRDA:140,15,0,0
BRDA:140,15,1,0
BRDA:144,16,0,0
BRDA:144,16,1,0
BRDA:145,17,0,0
BRDA:145,17,1,0
BRDA:148,18,0,0
BRDA:148,18,1,0
BRDA:178,19,0,0
BRDA:178,19,1,0
BRDA:216,20,0,0
BRDA:216,20,1,0
BRDA:219,21,0,0
BRDA:219,21,1,0
BRDA:221,22,0,0
BRDA:221,22,1,0
BRDA:229,23,0,0
BRDA:229,23,1,0
BRDA:229,24,0,0
BRDA:229,24,1,0
BRDA:234,25,0,0
BRDA:234,25,1,0
BRDA:236,26,0,0
BRDA:236,26,1,0
BRDA:237,27,0,0
BRDA:237,27,1,0
BRDA:244,28,0,0
BRDA:244,28,1,0
BRDA:244,29,0,0
BRDA:244,29,1,0
BRDA:244,29,2,0
BRDA:246,30,0,0
BRDA:246,30,1,0
BRDA:253,31,0,0
BRDA:253,31,1,0
BRDA:254,32,0,0
BRDA:254,32,1,0
BRDA:261,33,0,0
BRDA:261,33,1,0
BRDA:286,34,0,0
BRDA:286,34,1,0
BRDA:298,35,0,0
BRDA:298,35,1,0
BRDA:342,36,0,0
BRDA:342,36,1,0
BRDA:375,37,0,0
BRDA:375,37,1,0
BRF:77
BRH:0
end_of_record
TN:
SF:src/components/kennykeno/KennyKenoBoard.jsx
FN:4,KennyKenoBoard
FN:12,(anonymous_1)
FN:15,(anonymous_2)
FN:21,(anonymous_3)
FN:31,(anonymous_4)
FN:42,(anonymous_5)
FN:60,(anonymous_6)
FN:80,(anonymous_7)
FN:80,(anonymous_8)
FN:83,(anonymous_9)
FN:114,(anonymous_10)
FNF:11
FNH:0
FNDA:0,KennyKenoBoard
FNDA:0,(anonymous_1)
FNDA:0,(anonymous_2)
FNDA:0,(anonymous_3)
FNDA:0,(anonymous_4)
FNDA:0,(anonymous_5)
FNDA:0,(anonymous_6)
FNDA:0,(anonymous_7)
FNDA:0,(anonymous_8)
FNDA:0,(anonymous_9)
FNDA:0,(anonymous_10)
DA:5,0
DA:6,0
DA:7,0
DA:8,0
DA:9,0
DA:10,0
DA:12,0
DA:13,0
DA:14,0
DA:15,0
DA:16,0
DA:17,0
DA:21,0
DA:22,0
DA:23,0
DA:24,0
DA:26,0
DA:27,0
DA:28,0
DA:31,0
DA:32,0
DA:33,0
DA:34,0
DA:35,0
DA:36,0
DA:39,0
DA:42,0
DA:43,0
DA:45,0
DA:47,0
DA:48,0
DA:49,0
DA:50,0
DA:51,0
DA:52,0
DA:54,0
DA:57,0
DA:60,0
DA:61,0
DA:62,0
DA:63,0
DA:64,0
DA:65,0
DA:66,0
DA:69,0
DA:80,0
DA:81,0
DA:83,0
DA:114,0
LF:49
LH:0
BRDA:13,0,0,0
BRDA:13,0,1,0
BRDA:13,1,0,0
BRDA:13,1,1,0
BRDA:14,2,0,0
BRDA:14,2,1,0
BRDA:16,3,0,0
BRDA:16,3,1,0
BRDA:22,4,0,0
BRDA:22,4,1,0
BRDA:35,5,0,0
BRDA:35,5,1,0
BRDA:47,6,0,0
BRDA:47,6,1,0
BRDA:49,7,0,0
BRDA:49,7,1,0
BRDA:51,8,0,0
BRDA:51,8,1,0
BRDA:74,9,0,0
BRDA:74,9,1,0
BRDA:74,9,2,0
BRDA:85,10,0,0
BRDA:85,10,1,0
BRDA:106,11,0,0
BRDA:106,11,1,0
BRDA:110,12,0,0
BRDA:110,12,1,0
BRF:27
BRH:0
end_of_record
TN:
SF:src/components/manjual/ManjualBoard.jsx
FN:18,ManjualBoard
FN:30,(anonymous_1)
FN:31,(anonymous_2)
FN:33,(anonymous_3)
FN:35,(anonymous_4)
FN:36,(anonymous_5)
FN:39,(anonymous_6)
FN:51,(anonymous_7)
FN:55,(anonymous_8)
FN:57,(anonymous_9)
FN:61,(anonymous_10)
FN:65,(anonymous_11)
FN:73,(anonymous_12)
FN:77,(anonymous_13)
FN:90,(anonymous_14)
FN:153,(anonymous_15)
FN:159,(anonymous_16)
FNF:17
FNH:0
FNDA:0,ManjualBoard
FNDA:0,(anonymous_1)
FNDA:0,(anonymous_2)
FNDA:0,(anonymous_3)
FNDA:0,(anonymous_4)
FNDA:0,(anonymous_5)
FNDA:0,(anonymous_6)
FNDA:0,(anonymous_7)
FNDA:0,(anonymous_8)
FNDA:0,(anonymous_9)
FNDA:0,(anonymous_10)
FNDA:0,(anonymous_11)
FNDA:0,(anonymous_12)
FNDA:0,(anonymous_13)
FNDA:0,(anonymous_14)
FNDA:0,(anonymous_15)
FNDA:0,(anonymous_16)
DA:5,0
DA:19,0
DA:20,0
DA:21,0
DA:22,0
DA:23,0
DA:24,0
DA:25,0
DA:26,0
DA:28,0
DA:29,0
DA:30,0
DA:31,0
DA:33,0
DA:34,0
DA:35,0
DA:36,0
DA:37,0
DA:38,0
DA:39,0
DA:40,0
DA:41,0
DA:42,0
DA:43,0
DA:44,0
DA:46,0
DA:47,0
DA:51,0
DA:55,0
DA:56,0
DA:57,0
DA:58,0
DA:59,0
DA:61,0
DA:65,0
DA:66,0
DA:68,0
DA:69,0
DA:70,0
DA:72,0
DA:73,0
DA:77,0
DA:78,0
DA:79,0
DA:80,0
DA:81,0
DA:82,0
DA:83,0
DA:84,0
DA:85,0
DA:88,0
DA:90,0
DA:93,0
DA:95,0
DA:154,0
DA:155,0
DA:156,0
DA:159,0
LF:58
LH:0
BRDA:34,0,0,0
BRDA:34,0,1,0
BRDA:40,1,0,0
BRDA:40,1,1,0
BRDA:56,2,0,0
BRDA:56,2,1,0
BRDA:66,3,0,0
BRDA:66,3,1,0
BRDA:66,4,0,0
BRDA:66,4,1,0
BRDA:72,5,0,0
BRDA:72,5,1,0
BRDA:90,6,0,0
BRDA:90,6,1,0
BRDA:132,7,0,0
BRDA:132,7,1,0
BRDA:151,8,0,0
BRDA:151,8,1,0
BRDA:160,9,0,0
BRDA:160,9,1,0
BRDA:163,10,0,0
BRDA:163,10,1,0
BRDA:164,11,0,0
BRDA:164,11,1,0
BRDA:168,12,0,0
BRDA:168,12,1,0
BRDA:179,13,0,0
BRDA:179,13,1,0
BRDA:183,14,0,0
BRDA:183,14,1,0
BRDA:185,15,0,0
BRDA:185,15,1,0
BRDA:187,16,0,0
BRDA:187,16,1,0
BRDA:196,17,0,0
BRDA:196,17,1,0
BRDA:207,18,0,0
BRDA:207,18,1,0
BRDA:210,19,0,0
BRDA:210,19,1,0
BRF:40
BRH:0
end_of_record
TN:
SF:src/components/martinimatch/MartiniMatchBoard.jsx
FN:15,(anonymous_0)
FN:17,(anonymous_1)
FN:33,(anonymous_2)
FN:36,MartiniMatchBoard
FN:45,(anonymous_4)
FN:55,(anonymous_5)
FN:65,(anonymous_6)
FN:66,(anonymous_7)
FN:72,(anonymous_8)
FN:85,(anonymous_9)
FN:123,(anonymous_10)
FN:126,(anonymous_11)
FNF:12
FNH:0
FNDA:0,(anonymous_0)
FNDA:0,(anonymous_1)
FNDA:0,(anonymous_2)
FNDA:0,MartiniMatchBoard
FNDA:0,(anonymous_4)
FNDA:0,(anonymous_5)
FNDA:0,(anonymous_6)
FNDA:0,(anonymous_7)
FNDA:0,(anonymous_8)
FNDA:0,(anonymous_9)
FNDA:0,(anonymous_10)
FNDA:0,(anonymous_11)
DA:6,0
DA:15,0
DA:16,0
DA:17,0
DA:18,0
DA:25,0
DA:33,0
DA:37,0
DA:38,0
DA:39,0
DA:40,0
DA:41,0
DA:42,0
DA:43,0
DA:45,0
DA:46,0
DA:47,0
DA:48,0
DA:49,0
DA:50,0
DA:51,0
DA:52,0
DA:55,0
DA:56,0
DA:58,0
DA:59,0
DA:60,0
DA:63,0
DA:64,0
DA:65,0
DA:66,0
DA:68,0
DA:70,0
DA:72,0
DA:73,0
DA:74,0
DA:77,0
DA:78,0
DA:79,0
DA:80,0
DA:84,0
DA:85,0
DA:86,0
DA:92,0
DA:124,0
DA:126,0
LF:46
LH:0
BRDA:56,0,0,0
BRDA:56,0,1,0
BRDA:56,1,0,0
BRDA:56,1,1,0
BRDA:56,1,2,0
BRDA:63,2,0,0
BRDA:63,2,1,0
BRDA:70,3,0,0
BRDA:70,3,1,0
BRDA:77,4,0,0
BRDA:77,4,1,0
BRDA:127,5,0,0
BRDA:127,5,1,0
BRDA:129,6,0,0
BRDA:129,6,1,0
BRDA:129,7,0,0
BRDA:129,7,1,0
BRDA:130,8,0,0
BRDA:130,8,1,0
BRDA:132,9,0,0
BRDA:132,9,1,0
BRDA:134,10,0,0
BRDA:134,10,1,0
BRDA:141,11,0,0
BRDA:141,11,1,0
BRDA:141,12,0,0
BRDA:141,12,1,0
BRDA:161,13,0,0
BRDA:161,13,1,0
BRDA:166,14,0,0
BRDA:166,14,1,0
BRDA:169,15,0,0
BRDA:169,15,1,0
BRF:33
BRH:0
end_of_record
TN:
SF:src/components/mathquiz/MathQuizBoard.jsx
FN:17,TierBadge
FN:41,CountdownRing
FN:84,ProgressBar
FN:113,SummaryRow
FN:156,MathQuizBoard
FN:157,(anonymous_5)
FN:164,(anonymous_6)
FN:164,(anonymous_7)
FN:171,Game
FN:193,(anonymous_9)
FN:195,(anonymous_10)
FN:197,(anonymous_11)
FN:200,(anonymous_12)
FN:204,(anonymous_13)
FN:205,(anonymous_14)
FN:211,(anonymous_15)
FN:216,(anonymous_16)
FN:223,(anonymous_17)
FN:231,(anonymous_18)
FN:234,(anonymous_19)
FN:234,(anonymous_20)
FN:235,(anonymous_21)
FN:239,(anonymous_22)
FN:248,(anonymous_23)
FN:249,(anonymous_24)
FN:252,(anonymous_25)
FN:260,(anonymous_26)
FN:265,(anonymous_27)
FN:274,(anonymous_28)
FN:287,(anonymous_29)
FN:287,(anonymous_30)
FN:288,(anonymous_31)
FN:391,(anonymous_32)
FN:418,(anonymous_33)
FN:481,(anonymous_34)
FNF:35
FNH:0
FNDA:0,TierBadge
FNDA:0,CountdownRing
FNDA:0,ProgressBar
FNDA:0,SummaryRow
FNDA:0,MathQuizBoard
FNDA:0,(anonymous_5)
FNDA:0,(anonymous_6)
FNDA:0,(anonymous_7)
FNDA:0,Game
FNDA:0,(anonymous_9)
FNDA:0,(anonymous_10)
FNDA:0,(anonymous_11)
FNDA:0,(anonymous_12)
FNDA:0,(anonymous_13)
FNDA:0,(anonymous_14)
FNDA:0,(anonymous_15)
FNDA:0,(anonymous_16)
FNDA:0,(anonymous_17)
FNDA:0,(anonymous_18)
FNDA:0,(anonymous_19)
FNDA:0,(anonymous_20)
FNDA:0,(anonymous_21)
FNDA:0,(anonymous_22)
FNDA:0,(anonymous_23)
FNDA:0,(anonymous_24)
FNDA:0,(anonymous_25)
FNDA:0,(anonymous_26)
FNDA:0,(anonymous_27)
FNDA:0,(anonymous_28)
FNDA:0,(anonymous_29)
FNDA:0,(anonymous_30)
FNDA:0,(anonymous_31)
FNDA:0,(anonymous_32)
FNDA:0,(anonymous_33)
FNDA:0,(anonymous_34)
DA:6,0
DA:7,0
DA:11,0
DA:18,0
DA:19,0
DA:42,0
DA:43,0
DA:44,0
DA:45,0
DA:47,0
DA:85,0
DA:86,0
DA:114,0
DA:115,0
DA:116,0
DA:157,0
DA:158,0
DA:160,0
DA:164,0
DA:172,0
DA:173,0
DA:174,0
DA:175,0
DA:176,0
DA:177,0
DA:178,0
DA:179,0
DA:180,0
DA:181,0
DA:184,0
DA:186,0
DA:189,0
DA:191,0
DA:193,0
DA:195,0
DA:196,0
DA:197,0
DA:200,0
DA:201,0
DA:202,0
DA:203,0
DA:204,0
DA:205,0
DA:206,0
DA:207,0
DA:211,0
DA:212,0
DA:216,0
DA:217,0
DA:218,0
DA:223,0
DA:224,0
DA:226,0
DA:230,0
DA:231,0
DA:234,0
DA:235,0
DA:239,0
DA:240,0
DA:242,0
DA:243,0
DA:244,0
DA:246,0
DA:247,0
DA:248,0
DA:249,0
DA:251,0
DA:252,0
DA:253,0
DA:255,0
DA:256,0
DA:260,0
DA:261,0
DA:262,0
DA:263,0
DA:265,0
DA:266,0
DA:267,0
DA:268,0
DA:269,0
DA:270,0
DA:274,0
DA:275,0
DA:276,0
DA:277,0
DA:279,0
DA:285,0
DA:286,0
DA:287,0
DA:288,0
DA:291,0
DA:297,0
DA:302,0
DA:392,0
DA:407,0
DA:412,0
DA:416,0
DA:418,0
DA:481,0
LF:99
LH:0
BRDA:18,0,0,0
BRDA:18,0,1,0
BRDA:45,1,0,0
BRDA:45,1,1,0
BRDA:45,2,0,0
BRDA:45,2,1,0
BRDA:114,3,0,0
BRDA:114,3,1,0
BRDA:120,4,0,0
BRDA:120,4,1,0
BRDA:122,5,0,0
BRDA:122,5,1,0
BRDA:125,6,0,0
BRDA:125,6,1,0
BRDA:125,7,0,0
BRDA:125,7,1,0
BRDA:128,8,0,0
BRDA:128,8,1,0
BRDA:128,9,0,0
BRDA:128,9,1,0
BRDA:129,10,0,0
BRDA:129,10,1,0
BRDA:129,11,0,0
BRDA:129,11,1,0
BRDA:135,12,0,0
BRDA:135,12,1,0
BRDA:137,13,0,0
BRDA:137,13,1,0
BRDA:144,14,0,0
BRDA:144,14,1,0
BRDA:217,15,0,0
BRDA:217,15,1,0
BRDA:217,16,0,0
BRDA:217,16,1,0
BRDA:224,17,0,0
BRDA:224,17,1,0
BRDA:224,18,0,0
BRDA:224,18,1,0
BRDA:226,19,0,0
BRDA:226,19,1,0
BRDA:240,20,0,0
BRDA:240,20,1,0
BRDA:240,21,0,0
BRDA:240,21,1,0
BRDA:251,22,0,0
BRDA:251,22,1,0
BRDA:262,23,0,0
BRDA:262,23,1,0
BRDA:275,24,0,0
BRDA:275,24,1,0
BRDA:276,25,0,0
BRDA:276,25,1,0
BRDA:285,26,0,0
BRDA:285,26,1,0
BRDA:288,27,0,0
BRDA:288,27,1,0
BRDA:291,28,0,0
BRDA:291,28,1,0
BRDA:292,29,0,0
BRDA:292,29,1,0
BRDA:293,30,0,0
BRDA:293,30,1,0
BRDA:294,31,0,0
BRDA:294,31,1,0
BRDA:297,32,0,0
BRDA:297,32,1,0
BRDA:298,33,0,0
BRDA:298,33,1,0
BRDA:299,34,0,0
BRDA:299,34,1,0
BRDA:300,35,0,0
BRDA:300,35,1,0
BRDA:314,36,0,0
BRDA:314,36,1,0
BRDA:321,37,0,0
BRDA:321,37,1,0
BRDA:347,38,0,0
BRDA:347,38,1,0
BRDA:395,39,0,0
BRDA:395,39,1,0
BRDA:396,40,0,0
BRDA:396,40,1,0
BRDA:407,41,0,0
BRDA:407,41,1,0
BRDA:408,42,0,0
BRDA:408,42,1,0
BRDA:412,43,0,0
BRDA:412,43,1,0
BRDA:413,44,0,0
BRDA:413,44,1,0
BRDA:418,45,0,0
BRDA:418,45,1,0
BRDA:444,46,0,0
BRDA:444,46,1,0
BRDA:481,47,0,0
BRDA:481,47,1,0
BRDA:490,48,0,0
BRDA:490,48,1,0
BRDA:491,49,0,0
BRDA:491,49,1,0
BRDA:507,50,0,0
BRDA:507,50,1,0
BRDA:513,51,0,0
BRDA:513,51,1,0
BRDA:517,52,0,0
BRDA:517,52,1,0
BRDA:527,53,0,0
BRDA:527,53,1,0
BRDA:542,54,0,0
BRDA:542,54,1,0
BRDA:548,55,0,0
BRDA:548,55,1,0
BRF:112
BRH:0
end_of_record
TN:
SF:src/components/memory/MemoryBoard.jsx
FN:7,MemoryCard
FN:98,SetPicker
FN:101,(anonymous_2)
FN:106,(anonymous_3)
FN:129,StatsBar
FN:139,(anonymous_5)
FN:159,WinScreen
FN:205,(anonymous_7)
FN:231,MemoryBoard
FN:235,(anonymous_9)
FN:237,(anonymous_10)
FN:244,(anonymous_11)
FN:244,(anonymous_12)
FN:245,(anonymous_13)
FN:252,Game
FN:255,(anonymous_15)
FN:266,(anonymous_16)
FN:271,(anonymous_17)
FN:271,(anonymous_18)
FN:272,(anonymous_19)
FN:275,(anonymous_20)
FN:277,(anonymous_21)
FN:285,(anonymous_22)
FN:286,(anonymous_23)
FN:290,(anonymous_24)
FN:294,(anonymous_25)
FN:295,(anonymous_26)
FN:299,(anonymous_27)
FN:300,(anonymous_28)
FN:301,(anonymous_29)
FN:318,(anonymous_30)
FN:319,(anonymous_31)
FN:320,(anonymous_32)
FN:333,(anonymous_33)
FN:353,(anonymous_34)
FN:369,(anonymous_35)
FN:391,(anonymous_36)
FN:395,(anonymous_37)
FNF:38
FNH:0
FNDA:0,MemoryCard
FNDA:0,SetPicker
FNDA:0,(anonymous_2)
FNDA:0,(anonymous_3)
FNDA:0,StatsBar
FNDA:0,(anonymous_5)
FNDA:0,WinScreen
FNDA:0,(anonymous_7)
FNDA:0,MemoryBoard
FNDA:0,(anonymous_9)
FNDA:0,(anonymous_10)
FNDA:0,(anonymous_11)
FNDA:0,(anonymous_12)
FNDA:0,(anonymous_13)
FNDA:0,Game
FNDA:0,(anonymous_15)
FNDA:0,(anonymous_16)
FNDA:0,(anonymous_17)
FNDA:0,(anonymous_18)
FNDA:0,(anonymous_19)
FNDA:0,(anonymous_20)
FNDA:0,(anonymous_21)
FNDA:0,(anonymous_22)
FNDA:0,(anonymous_23)
FNDA:0,(anonymous_24)
FNDA:0,(anonymous_25)
FNDA:0,(anonymous_26)
FNDA:0,(anonymous_27)
FNDA:0,(anonymous_28)
FNDA:0,(anonymous_29)
FNDA:0,(anonymous_30)
FNDA:0,(anonymous_31)
FNDA:0,(anonymous_32)
FNDA:0,(anonymous_33)
FNDA:0,(anonymous_34)
FNDA:0,(anonymous_35)
FNDA:0,(anonymous_36)
FNDA:0,(anonymous_37)
DA:8,0
DA:9,0
DA:11,0
DA:99,0
DA:102,0
DA:103,0
DA:106,0
DA:130,0
DA:131,0
DA:133,0
DA:140,0
DA:160,0
DA:161,0
DA:164,0
DA:169,0
DA:206,0
DA:232,0
DA:233,0
DA:235,0
DA:236,0
DA:237,0
DA:240,0
DA:244,0
DA:253,0
DA:255,0
DA:256,0
DA:257,0
DA:258,0
DA:259,0
DA:260,0
DA:261,0
DA:262,0
DA:263,0
DA:266,0
DA:267,0
DA:268,0
DA:269,0
DA:271,0
DA:272,0
DA:275,0
DA:277,0
DA:278,0
DA:279,0
DA:281,0
DA:282,0
DA:285,0
DA:286,0
DA:289,0
DA:290,0
DA:291,0
DA:293,0
DA:294,0
DA:295,0
DA:297,0
DA:299,0
DA:300,0
DA:301,0
DA:302,0
DA:307,0
DA:308,0
DA:309,0
DA:310,0
DA:311,0
DA:312,0
DA:313,0
DA:318,0
DA:319,0
DA:320,0
DA:321,0
DA:326,0
DA:327,0
DA:333,0
DA:334,0
DA:335,0
DA:336,0
DA:337,0
DA:338,0
DA:339,0
DA:340,0
DA:341,0
DA:345,0
DA:346,0
DA:367,0
DA:369,0
DA:392,0
DA:395,0
LF:86
LH:0
BRDA:9,0,0,0
BRDA:9,0,1,0
BRDA:14,1,0,0
BRDA:14,1,1,0
BRDA:14,1,2,0
BRDA:15,2,0,0
BRDA:15,2,1,0
BRDA:21,3,0,0
BRDA:21,3,1,0
BRDA:21,4,0,0
BRDA:21,4,1,0
BRDA:32,5,0,0
BRDA:32,5,1,0
BRDA:43,6,0,0
BRDA:43,6,1,0
BRDA:46,7,0,0
BRDA:46,7,1,0
BRDA:66,8,0,0
BRDA:66,8,1,0
BRDA:69,9,0,0
BRDA:69,9,1,0
BRDA:72,10,0,0
BRDA:72,10,1,0
BRDA:83,11,0,0
BRDA:83,11,1,0
BRDA:85,12,0,0
BRDA:85,12,1,0
BRDA:109,13,0,0
BRDA:109,13,1,0
BRDA:110,14,0,0
BRDA:110,14,1,0
BRDA:111,15,0,0
BRDA:111,15,1,0
BRDA:115,16,0,0
BRDA:115,16,1,0
BRDA:164,17,0,0
BRDA:164,17,1,0
BRDA:165,18,0,0
BRDA:165,18,1,0
BRDA:166,19,0,0
BRDA:166,19,1,0
BRDA:267,20,0,0
BRDA:267,20,1,0
BRDA:278,21,0,0
BRDA:278,21,1,0
BRDA:279,22,0,0
BRDA:279,22,1,0
BRDA:286,23,0,0
BRDA:286,23,1,0
BRDA:289,24,0,0
BRDA:289,24,1,0
BRDA:297,25,0,0
BRDA:297,25,1,0
BRDA:302,26,0,0
BRDA:302,26,1,0
BRDA:302,27,0,0
BRDA:302,27,1,0
BRDA:312,28,0,0
BRDA:312,28,1,0
BRDA:321,29,0,0
BRDA:321,29,1,0
BRDA:321,30,0,0
BRDA:321,30,1,0
BRDA:345,31,0,0
BRDA:345,31,1,0
BRDA:369,32,0,0
BRDA:369,32,1,0
BRDA:396,33,0,0
BRDA:396,33,1,0
BRF:69
BRH:0
end_of_record
TN:
SF:src/components/minesweeper/MinesweeperBoard.jsx
FN:15,Cell
FN:16,(anonymous_1)
FN:21,(anonymous_2)
FN:77,MinesweeperBoard
FN:81,(anonymous_4)
FN:87,(anonymous_5)
FN:88,(anonymous_6)
FN:88,(anonymous_7)
FN:94,(anonymous_8)
FN:102,(anonymous_9)
FN:114,(anonymous_10)
FN:120,(anonymous_11)
FN:154,(anonymous_12)
FN:156,(anonymous_13)
FN:157,(anonymous_14)
FN:158,(anonymous_15)
FN:224,(anonymous_16)
FN:227,(anonymous_17)
FN:236,(anonymous_18)
FN:260,(anonymous_19)
FN:300,(anonymous_20)
FN:335,(anonymous_21)
FNF:22
FNH:0
FNDA:0,Cell
FNDA:0,(anonymous_1)
FNDA:0,(anonymous_2)
FNDA:0,MinesweeperBoard
FNDA:0,(anonymous_4)
FNDA:0,(anonymous_5)
FNDA:0,(anonymous_6)
FNDA:0,(anonymous_7)
FNDA:0,(anonymous_8)
FNDA:0,(anonymous_9)
FNDA:0,(anonymous_10)
FNDA:0,(anonymous_11)
FNDA:0,(anonymous_12)
FNDA:0,(anonymous_13)
FNDA:0,(anonymous_14)
FNDA:0,(anonymous_15)
FNDA:0,(anonymous_16)
FNDA:0,(anonymous_17)
FNDA:0,(anonymous_18)
FNDA:0,(anonymous_19)
FNDA:0,(anonymous_20)
FNDA:0,(anonymous_21)
DA:16,0
DA:17,0
DA:18,0
DA:21,0
DA:22,0
DA:23,0
DA:26,0
DA:27,0
DA:28,0
DA:29,0
DA:31,0
DA:32,0
DA:33,0
DA:34,0
DA:35,0
DA:36,0
DA:37,0
DA:38,0
DA:39,0
DA:45,0
DA:46,0
DA:49,0
DA:78,0
DA:79,0
DA:81,0
DA:82,0
DA:83,0
DA:84,0
DA:85,0
DA:87,0
DA:88,0
DA:89,0
DA:90,0
DA:93,0
DA:95,0
DA:96,0
DA:101,0
DA:103,0
DA:104,0
DA:105,0
DA:106,0
DA:107,0
DA:108,0
DA:109,0
DA:114,0
DA:115,0
DA:116,0
DA:119,0
DA:121,0
DA:123,0
DA:124,0
DA:127,0
DA:128,0
DA:129,0
DA:130,0
DA:134,0
DA:135,0
DA:136,0
DA:137,0
DA:138,0
DA:139,0
DA:142,0
DA:143,0
DA:145,0
DA:146,0
DA:147,0
DA:153,0
DA:155,0
DA:156,0
DA:157,0
DA:158,0
DA:159,0
DA:169,0
DA:172,0
DA:225,0
DA:227,0
DA:236,0
DA:261,0
DA:300,0
DA:335,0
LF:80
LH:0
BRDA:18,0,0,0
BRDA:18,0,1,0
BRDA:18,1,0,0
BRDA:18,1,1,0
BRDA:18,1,2,0
BRDA:23,2,0,0
BRDA:23,2,1,0
BRDA:23,3,0,0
BRDA:23,3,1,0
BRDA:31,4,0,0
BRDA:31,4,1,0
BRDA:35,5,0,0
BRDA:35,5,1,0
BRDA:38,6,0,0
BRDA:38,6,1,0
BRDA:40,7,0,0
BRDA:40,7,1,0
BRDA:45,8,0,0
BRDA:45,8,1,0
BRDA:95,9,0,0
BRDA:95,9,1,0
BRDA:102,10,0,0
BRDA:121,11,0,0
BRDA:121,11,1,0
BRDA:127,12,0,0
BRDA:127,12,1,0
BRDA:134,13,0,0
BRDA:134,13,1,0
BRDA:145,14,0,0
BRDA:145,14,1,0
BRDA:155,15,0,0
BRDA:155,15,1,0
BRDA:159,16,0,0
BRDA:159,16,1,0
BRDA:159,17,0,0
BRDA:159,17,1,0
BRDA:228,18,0,0
BRDA:228,18,1,0
BRDA:273,19,0,0
BRDA:273,19,1,0
BRDA:308,20,0,0
BRDA:308,20,1,0
BRF:42
BRH:0
end_of_record
TN:
SF:src/components/nathanielninja/NathanielNinjaBoard.jsx
FN:5,(anonymous_0)
FN:8,NathanielNinjaBoard
FN:21,(anonymous_2)
FN:29,(anonymous_3)
FN:30,(anonymous_4)
FN:31,(anonymous_5)
FN:35,(anonymous_6)
FN:41,(anonymous_7)
FN:42,(anonymous_8)
FN:51,(anonymous_9)
FN:54,(anonymous_10)
FN:56,(anonymous_11)
FN:67,(anonymous_12)
FN:81,(anonymous_13)
FN:133,(anonymous_14)
FN:210,(anonymous_15)
FN:250,(anonymous_16)
FN:258,(anonymous_17)
FN:333,(anonymous_18)
FN:336,(anonymous_19)
FN:350,(anonymous_20)
FN:354,(anonymous_21)
FNF:22
FNH:0
FNDA:0,(anonymous_0)
FNDA:0,NathanielNinjaBoard
FNDA:0,(anonymous_2)
FNDA:0,(anonymous_3)
FNDA:0,(anonymous_4)
FNDA:0,(anonymous_5)
FNDA:0,(anonymous_6)
FNDA:0,(anonymous_7)
FNDA:0,(anonymous_8)
FNDA:0,(anonymous_9)
FNDA:0,(anonymous_10)
FNDA:0,(anonymous_11)
FNDA:0,(anonymous_12)
FNDA:0,(anonymous_13)
FNDA:0,(anonymous_14)
FNDA:0,(anonymous_15)
FNDA:0,(anonymous_16)
FNDA:0,(anonymous_17)
FNDA:0,(anonymous_18)
FNDA:0,(anonymous_19)
FNDA:0,(anonymous_20)
FNDA:0,(anonymous_21)
DA:5,0
DA:9,0
DA:10,0
DA:11,0
DA:12,0
DA:13,0
DA:14,0
DA:15,0
DA:16,0
DA:17,0
DA:18,0
DA:21,0
DA:22,0
DA:23,0
DA:24,0
DA:25,0
DA:27,0
DA:29,0
DA:30,0
DA:31,0
DA:35,0
DA:36,0
DA:37,0
DA:38,0
DA:41,0
DA:42,0
DA:43,0
DA:44,0
DA:45,0
DA:47,0
DA:51,0
DA:54,0
DA:56,0
DA:57,0
DA:59,0
DA:60,0
DA:61,0
DA:62,0
DA:63,0
DA:66,0
DA:67,0
DA:68,0
DA:72,0
DA:75,0
DA:76,0
DA:77,0
DA:81,0
DA:82,0
DA:83,0
DA:84,0
DA:85,0
DA:86,0
DA:87,0
DA:91,0
DA:92,0
DA:134,0
DA:168,0
DA:169,0
DA:211,0
DA:245,0
DA:250,0
DA:259,0
DA:334,0
DA:336,0
DA:351,0
DA:352,0
DA:355,0
DA:356,0
LF:68
LH:0
BRDA:36,0,0,0
BRDA:36,0,1,0
BRDA:43,1,0,0
BRDA:43,1,1,0
BRDA:57,2,0,0
BRDA:57,2,1,0
BRDA:66,3,0,0
BRDA:66,3,1,0
BRDA:91,4,0,0
BRDA:91,4,1,0
BRDA:168,5,0,0
BRDA:168,5,1,0
BRDA:250,6,0,0
BRDA:250,6,1,0
BRDA:257,7,0,0
BRDA:257,7,1,0
BRF:16
BRH:0
end_of_record
TN:
SF:src/components/nickofttime/NickOfTTimeBoard.jsx
FN:14,calcScore
FN:26,getRating
FN:35,TimingBar
FN:127,ResultBadge
FN:145,RoundDots
FN:148,(anonymous_5)
FN:179,NickOfTTimeBoard
FN:196,(anonymous_7)
FN:203,(anonymous_8)
FN:216,(anonymous_9)
FN:224,(anonymous_10)
FN:232,(anonymous_11)
FN:235,(anonymous_12)
FN:236,(anonymous_13)
FN:238,(anonymous_14)
FN:238,(anonymous_15)
FN:239,(anonymous_16)
FN:243,(anonymous_17)
FN:245,(anonymous_18)
FN:251,(anonymous_19)
FN:258,(anonymous_20)
FN:260,(anonymous_21)
FN:269,(anonymous_22)
FN:273,(anonymous_23)
FN:284,(anonymous_24)
FN:285,(anonymous_25)
FN:289,(anonymous_26)
FN:300,(anonymous_27)
FN:301,(anonymous_28)
FN:309,(anonymous_29)
FN:362,(anonymous_30)
FN:447,(anonymous_31)
FN:533,(anonymous_32)
FN:548,(anonymous_33)
FN:552,(anonymous_34)
FNF:35
FNH:0
FNDA:0,calcScore
FNDA:0,getRating
FNDA:0,TimingBar
FNDA:0,ResultBadge
FNDA:0,RoundDots
FNDA:0,(anonymous_5)
FNDA:0,NickOfTTimeBoard
FNDA:0,(anonymous_7)
FNDA:0,(anonymous_8)
FNDA:0,(anonymous_9)
FNDA:0,(anonymous_10)
FNDA:0,(anonymous_11)
FNDA:0,(anonymous_12)
FNDA:0,(anonymous_13)
FNDA:0,(anonymous_14)
FNDA:0,(anonymous_15)
FNDA:0,(anonymous_16)
FNDA:0,(anonymous_17)
FNDA:0,(anonymous_18)
FNDA:0,(anonymous_19)
FNDA:0,(anonymous_20)
FNDA:0,(anonymous_21)
FNDA:0,(anonymous_22)
FNDA:0,(anonymous_23)
FNDA:0,(anonymous_24)
FNDA:0,(anonymous_25)
FNDA:0,(anonymous_26)
FNDA:0,(anonymous_27)
FNDA:0,(anonymous_28)
FNDA:0,(anonymous_29)
FNDA:0,(anonymous_30)
FNDA:0,(anonymous_31)
FNDA:0,(anonymous_32)
FNDA:0,(anonymous_33)
FNDA:0,(anonymous_34)
DA:5,0
DA:6,0
DA:7,0
DA:8,0
DA:11,0
DA:15,0
DA:16,0
DA:17,0
DA:18,0
DA:19,0
DA:20,0
DA:21,0
DA:22,0
DA:23,0
DA:27,0
DA:28,0
DA:29,0
DA:30,0
DA:38,0
DA:39,0
DA:40,0
DA:43,0
DA:49,0
DA:128,0
DA:129,0
DA:130,0
DA:146,0
DA:149,0
DA:150,0
DA:152,0
DA:159,0
DA:180,0
DA:181,0
DA:182,0
DA:183,0
DA:184,0
DA:185,0
DA:186,0
DA:187,0
DA:188,0
DA:190,0
DA:191,0
DA:192,0
DA:193,0
DA:196,0
DA:197,0
DA:198,0
DA:199,0
DA:201,0
DA:203,0
DA:204,0
DA:205,0
DA:206,0
DA:207,0
DA:209,0
DA:210,0
DA:211,0
DA:213,0
DA:214,0
DA:215,0
DA:216,0
DA:217,0
DA:221,0
DA:224,0
DA:225,0
DA:226,0
DA:227,0
DA:232,0
DA:233,0
DA:234,0
DA:235,0
DA:236,0
DA:238,0
DA:239,0
DA:243,0
DA:244,0
DA:245,0
DA:246,0
DA:247,0
DA:248,0
DA:249,0
DA:251,0
DA:252,0
DA:253,0
DA:258,0
DA:259,0
DA:260,0
DA:261,0
DA:262,0
DA:263,0
DA:265,0
DA:266,0
DA:269,0
DA:273,0
DA:274,0
DA:275,0
DA:276,0
DA:278,0
DA:279,0
DA:281,0
DA:282,0
DA:283,0
DA:284,0
DA:285,0
DA:286,0
DA:289,0
DA:290,0
DA:291,0
DA:292,0
DA:293,0
DA:294,0
DA:295,0
DA:296,0
DA:300,0
DA:301,0
DA:302,0
DA:303,0
DA:304,0
DA:305,0
DA:308,0
DA:309,0
DA:313,0
DA:314,0
DA:363,0
DA:380,0
DA:381,0
DA:403,0
DA:404,0
DA:405,0
DA:448,0
DA:489,0
DA:533,0
DA:549,0
DA:550,0
DA:553,0
DA:554,0
LF:136
LH:0
BRDA:18,0,0,0
BRDA:18,0,1,0
BRDA:20,1,0,0
BRDA:20,1,1,0
BRDA:21,2,0,0
BRDA:21,2,1,0
BRDA:22,3,0,0
BRDA:22,3,1,0
BRDA:27,4,0,0
BRDA:27,4,1,0
BRDA:28,5,0,0
BRDA:28,5,1,0
BRDA:29,6,0,0
BRDA:29,6,1,0
BRDA:43,7,0,0
BRDA:43,7,1,0
BRDA:45,8,0,0
BRDA:45,8,1,0
BRDA:107,9,0,0
BRDA:107,9,1,0
BRDA:112,10,0,0
BRDA:112,10,1,0
BRDA:112,10,2,0
BRDA:128,11,0,0
BRDA:128,11,1,0
BRDA:135,12,0,0
BRDA:135,12,1,0
BRDA:140,13,0,0
BRDA:140,13,1,0
BRDA:152,14,0,0
BRDA:152,14,1,0
BRDA:153,15,0,0
BRDA:153,15,1,0
BRDA:156,16,0,0
BRDA:156,16,1,0
BRDA:163,17,0,0
BRDA:163,17,1,0
BRDA:164,18,0,0
BRDA:164,18,1,0
BRDA:168,19,0,0
BRDA:168,19,1,0
BRDA:198,20,0,0
BRDA:198,20,1,0
BRDA:209,21,0,0
BRDA:209,21,1,0
BRDA:209,22,0,0
BRDA:209,22,1,0
BRDA:211,23,0,0
BRDA:211,23,1,0
BRDA:211,24,0,0
BRDA:211,24,1,0
BRDA:225,25,0,0
BRDA:225,25,1,0
BRDA:233,26,0,0
BRDA:233,26,1,0
BRDA:234,27,0,0
BRDA:234,27,1,0
BRDA:244,28,0,0
BRDA:244,28,1,0
BRDA:259,29,0,0
BRDA:259,29,1,0
BRDA:262,30,0,0
BRDA:262,30,1,0
BRDA:274,31,0,0
BRDA:274,31,1,0
BRDA:274,32,0,0
BRDA:274,32,1,0
BRDA:283,33,0,0
BRDA:283,33,1,0
BRDA:302,34,0,0
BRDA:302,34,1,0
BRDA:302,35,0,0
BRDA:302,35,1,0
BRDA:304,36,0,0
BRDA:304,36,1,0
BRDA:305,37,0,0
BRDA:305,37,1,0
BRDA:313,38,0,0
BRDA:313,38,1,0
BRDA:380,39,0,0
BRDA:380,39,1,0
BRDA:396,40,0,0
BRDA:396,40,1,0
BRDA:403,41,0,0
BRDA:403,41,1,0
BRDA:456,42,0,0
BRDA:456,42,1,0
BRDA:459,43,0,0
BRDA:459,43,1,0
BRDA:492,44,0,0
BRDA:492,44,1,0
BRDA:493,45,0,0
BRDA:493,45,1,0
BRDA:531,46,0,0
BRDA:531,46,1,0
BRDA:566,47,0,0
BRDA:566,47,1,0
BRDA:571,48,0,0
BRDA:571,48,1,0
BRDA:575,49,0,0
BRDA:575,49,1,0
BRDA:592,50,0,0
BRDA:592,50,1,0
BRF:103
BRH:0
end_of_record
TN:
SF:src/components/numbercrunch/NumberCrunchBoard.jsx
FN:12,generatePuzzle
FN:24,(anonymous_1)
FN:31,shuffle
FN:41,getAllReachable
FN:43,search
FN:44,(anonymous_5)
FN:50,(anonymous_6)
FN:53,(anonymous_7)
FN:65,OpButton
FN:93,NumberTile
FN:144,NumberCrunchBoard
FN:145,(anonymous_11)
FN:148,(anonymous_12)
FN:150,(anonymous_13)
FN:154,Game
FN:158,(anonymous_15)
FN:159,(anonymous_16)
FN:168,(anonymous_17)
FN:170,(anonymous_18)
FN:172,(anonymous_19)
FN:175,(anonymous_20)
FN:177,(anonymous_21)
FN:181,(anonymous_22)
FN:188,(anonymous_23)
FN:233,(anonymous_24)
FN:239,(anonymous_25)
FN:244,(anonymous_26)
FN:248,(anonymous_27)
FN:252,(anonymous_28)
FN:252,(anonymous_29)
FN:255,(anonymous_30)
FN:258,(anonymous_31)
FN:267,(anonymous_32)
FN:272,(anonymous_33)
FN:273,(anonymous_34)
FN:286,(anonymous_35)
FN:316,(anonymous_36)
FN:335,(anonymous_37)
FN:348,(anonymous_38)
FN:356,(anonymous_39)
FN:361,(anonymous_40)
FN:449,(anonymous_41)
FNF:42
FNH:0
FNDA:0,generatePuzzle
FNDA:0,(anonymous_1)
FNDA:0,shuffle
FNDA:0,getAllReachable
FNDA:0,search
FNDA:0,(anonymous_5)
FNDA:0,(anonymous_6)
FNDA:0,(anonymous_7)
FNDA:0,OpButton
FNDA:0,NumberTile
FNDA:0,NumberCrunchBoard
FNDA:0,(anonymous_11)
FNDA:0,(anonymous_12)
FNDA:0,(anonymous_13)
FNDA:0,Game
FNDA:0,(anonymous_15)
FNDA:0,(anonymous_16)
FNDA:0,(anonymous_17)
FNDA:0,(anonymous_18)
FNDA:0,(anonymous_19)
FNDA:0,(anonymous_20)
FNDA:0,(anonymous_21)
FNDA:0,(anonymous_22)
FNDA:0,(anonymous_23)
FNDA:0,(anonymous_24)
FNDA:0,(anonymous_25)
FNDA:0,(anonymous_26)
FNDA:0,(anonymous_27)
FNDA:0,(anonymous_28)
FNDA:0,(anonymous_29)
FNDA:0,(anonymous_30)
FNDA:0,(anonymous_31)
FNDA:0,(anonymous_32)
FNDA:0,(anonymous_33)
FNDA:0,(anonymous_34)
FNDA:0,(anonymous_35)
FNDA:0,(anonymous_36)
FNDA:0,(anonymous_37)
FNDA:0,(anonymous_38)
FNDA:0,(anonymous_39)
FNDA:0,(anonymous_40)
FNDA:0,(anonymous_41)
DA:13,0
DA:14,0
DA:17,0
DA:18,0
DA:19,0
DA:20,0
DA:23,0
DA:24,0
DA:25,0
DA:27,0
DA:28,0
DA:32,0
DA:33,0
DA:34,0
DA:35,0
DA:37,0
DA:42,0
DA:44,0
DA:45,0
DA:46,0
DA:47,0
DA:48,0
DA:49,0
DA:50,0
DA:51,0
DA:52,0
DA:53,0
DA:54,0
DA:59,0
DA:60,0
DA:66,0
DA:95,0
DA:96,0
DA:97,0
DA:99,0
DA:142,0
DA:145,0
DA:146,0
DA:148,0
DA:149,0
DA:150,0
DA:155,0
DA:158,0
DA:159,0
DA:161,0
DA:162,0
DA:163,0
DA:164,0
DA:165,0
DA:166,0
DA:168,0
DA:170,0
DA:171,0
DA:172,0
DA:175,0
DA:176,0
DA:177,0
DA:178,0
DA:181,0
DA:182,0
DA:183,0
DA:184,0
DA:187,0
DA:188,0
DA:189,0
DA:193,0
DA:194,0
DA:195,0
DA:199,0
DA:200,0
DA:201,0
DA:205,0
DA:206,0
DA:209,0
DA:210,0
DA:211,0
DA:212,0
DA:213,0
DA:214,0
DA:215,0
DA:216,0
DA:217,0
DA:219,0
DA:222,0
DA:223,0
DA:224,0
DA:225,0
DA:226,0
DA:229,0
DA:230,0
DA:233,0
DA:234,0
DA:236,0
DA:238,0
DA:239,0
DA:240,0
DA:241,0
DA:243,0
DA:244,0
DA:248,0
DA:249,0
DA:252,0
DA:253,0
DA:255,0
DA:257,0
DA:258,0
DA:259,0
DA:260,0
DA:261,0
DA:263,0
DA:266,0
DA:267,0
DA:268,0
DA:269,0
DA:272,0
DA:273,0
DA:274,0
DA:275,0
DA:276,0
DA:279,0
DA:282,0
DA:284,0
DA:286,0
DA:317,0
DA:336,0
DA:348,0
DA:357,0
DA:361,0
DA:450,0
LF:129
LH:0
BRDA:17,0,0,0
BRDA:17,0,1,0
BRDA:24,1,0,0
BRDA:24,1,1,0
BRDA:25,2,0,0
BRDA:25,2,1,0
BRDA:47,3,0,0
BRDA:47,3,1,0
BRDA:50,4,0,0
BRDA:50,4,1,0
BRDA:52,5,0,0
BRDA:52,5,1,0
BRDA:52,6,0,0
BRDA:52,6,1,0
BRDA:54,7,0,0
BRDA:54,7,1,0
BRDA:69,8,0,0
BRDA:69,8,1,0
BRDA:71,9,0,0
BRDA:71,9,1,0
BRDA:110,10,0,0
BRDA:110,10,1,0
BRDA:111,11,0,0
BRDA:111,11,1,0
BRDA:112,12,0,0
BRDA:112,12,1,0
BRDA:119,13,0,0
BRDA:119,13,1,0
BRDA:176,14,0,0
BRDA:176,14,1,0
BRDA:177,15,0,0
BRDA:177,15,1,0
BRDA:182,16,0,0
BRDA:182,16,1,0
BRDA:184,17,0,0
BRDA:184,17,1,0
BRDA:187,18,0,0
BRDA:187,18,1,0
BRDA:188,19,0,0
BRDA:188,19,1,0
BRDA:193,20,0,0
BRDA:193,20,1,0
BRDA:199,21,0,0
BRDA:199,21,1,0
BRDA:209,22,0,0
BRDA:209,22,1,0
BRDA:210,23,0,0
BRDA:210,23,1,0
BRDA:211,24,0,0
BRDA:211,24,1,0
BRDA:212,25,0,0
BRDA:212,25,1,0
BRDA:213,26,0,0
BRDA:213,26,1,0
BRDA:213,27,0,0
BRDA:213,27,1,0
BRDA:222,28,0,0
BRDA:222,28,1,0
BRDA:234,29,0,0
BRDA:234,29,1,0
BRDA:234,30,0,0
BRDA:234,30,1,0
BRDA:243,31,0,0
BRDA:243,31,1,0
BRDA:249,32,0,0
BRDA:249,32,1,0
BRDA:252,33,0,0
BRDA:252,33,1,0
BRDA:253,34,0,0
BRDA:253,34,1,0
BRDA:259,35,0,0
BRDA:259,35,1,0
BRDA:259,36,0,0
BRDA:259,36,1,0
BRDA:279,37,0,0
BRDA:279,37,1,0
BRDA:282,38,0,0
BRDA:282,38,1,0
BRDA:286,39,0,0
BRDA:286,39,1,0
BRDA:294,40,0,0
BRDA:294,40,1,0
BRDA:311,41,0,0
BRDA:311,41,1,0
BRDA:323,42,0,0
BRDA:323,42,1,0
BRDA:340,43,0,0
BRDA:340,43,1,0
BRDA:342,44,0,0
BRDA:342,44,1,0
BRDA:344,45,0,0
BRDA:344,45,1,0
BRDA:354,46,0,0
BRDA:354,46,1,0
BRDA:368,47,0,0
BRDA:368,47,1,0
BRDA:392,48,0,0
BRDA:392,48,1,0
BRDA:392,48,2,0
BRDA:392,48,3,0
BRDA:395,49,0,0
BRDA:395,49,1,0
BRDA:403,50,0,0
BRDA:403,50,1,0
BRDA:403,50,2,0
BRDA:413,51,0,0
BRDA:413,51,1,0
BRDA:437,52,0,0
BRDA:437,52,1,0
BRDA:437,53,0,0
BRDA:437,53,1,0
BRDA:444,54,0,0
BRDA:444,54,1,0
BRF:113
BRH:0
end_of_record
TN:
SF:src/components/puppyfetch/PuppyFetchBoard.jsx
FN:4,initializeGame
FN:6,(anonymous_1)
FN:26,Card
FN:29,(anonymous_3)
FN:60,Stats
FN:66,(anonymous_5)
FN:101,PuppyFetchBoard
FN:107,(anonymous_7)
FN:107,(anonymous_8)
FN:112,Game
FN:115,(anonymous_10)
FN:116,(anonymous_11)
FN:147,(anonymous_12)
FN:148,(anonymous_13)
FN:267,(anonymous_14)
FNF:15
FNH:0
FNDA:0,initializeGame
FNDA:0,(anonymous_1)
FNDA:0,Card
FNDA:0,(anonymous_3)
FNDA:0,Stats
FNDA:0,(anonymous_5)
FNDA:0,PuppyFetchBoard
FNDA:0,(anonymous_7)
FNDA:0,(anonymous_8)
FNDA:0,Game
FNDA:0,(anonymous_10)
FNDA:0,(anonymous_11)
FNDA:0,(anonymous_12)
FNDA:0,(anonymous_13)
FNDA:0,(anonymous_14)
DA:5,0
DA:6,0
DA:7,0
DA:8,0
DA:11,0
DA:12,0
DA:13,0
DA:15,0
DA:27,0
DA:29,0
DA:61,0
DA:67,0
DA:102,0
DA:104,0
DA:107,0
DA:113,0
DA:115,0
DA:116,0
DA:117,0
DA:118,0
DA:120,0
DA:121,0
DA:124,0
DA:125,0
DA:126,0
DA:127,0
DA:129,0
DA:131,0
DA:132,0
DA:133,0
DA:134,0
DA:136,0
DA:138,0
DA:147,0
DA:148,0
DA:154,0
DA:162,0
DA:169,0
DA:170,0
DA:173,0
DA:174,0
DA:234,0
DA:268,0
LF:43
LH:0
BRDA:29,0,0,0
BRDA:29,0,1,0
BRDA:37,1,0,0
BRDA:37,1,1,0
BRDA:38,2,0,0
BRDA:38,2,1,0
BRDA:45,3,0,0
BRDA:45,3,1,0
BRDA:47,4,0,0
BRDA:47,4,1,0
BRDA:50,5,0,0
BRDA:50,5,1,0
BRDA:53,6,0,0
BRDA:53,6,1,0
BRDA:53,7,0,0
BRDA:53,7,1,0
BRDA:117,8,0,0
BRDA:117,8,1,0
BRDA:118,9,0,0
BRDA:118,9,1,0
BRDA:118,10,0,0
BRDA:118,10,1,0
BRDA:124,11,0,0
BRDA:124,11,1,0
BRDA:131,12,0,0
BRDA:131,12,1,0
BRDA:143,13,0,0
BRDA:143,13,1,0
BRDA:173,14,0,0
BRDA:173,14,1,0
BRDA:222,15,0,0
BRDA:222,15,1,0
BRF:32
BRH:0
end_of_record
TN:
SF:src/components/rochellespinner/RochellesSpinnerBoard.jsx
FN:5,RochellesSpinnerBoard
FN:17,(anonymous_1)
FN:33,(anonymous_2)
FN:49,(anonymous_3)
FN:55,(anonymous_4)
FN:115,(anonymous_5)
FNF:6
FNH:0
FNDA:0,RochellesSpinnerBoard
FNDA:0,(anonymous_1)
FNDA:0,(anonymous_2)
FNDA:0,(anonymous_3)
FNDA:0,(anonymous_4)
FNDA:0,(anonymous_5)
DA:6,0
DA:7,0
DA:8,0
DA:9,0
DA:10,0
DA:11,0
DA:12,0
DA:14,0
DA:15,0
DA:17,0
DA:18,0
DA:20,0
DA:21,0
DA:22,0
DA:25,0
DA:26,0
DA:27,0
DA:28,0
DA:30,0
DA:33,0
DA:34,0
DA:36,0
DA:37,0
DA:38,0
DA:39,0
DA:41,0
DA:42,0
DA:45,0
DA:49,0
DA:50,0
DA:51,0
DA:52,0
DA:55,0
DA:56,0
DA:57,0
DA:58,0
DA:59,0
DA:60,0
DA:61,0
DA:64,0
DA:115,0
LF:41
LH:0
BRDA:18,0,0,0
BRDA:18,0,1,0
BRDA:36,1,0,0
BRDA:36,1,1,0
BRDA:89,2,0,0
BRDA:89,2,1,0
BRDA:113,3,0,0
BRDA:113,3,1,0
BRDA:130,4,0,0
BRDA:130,4,1,0
BRDA:145,5,0,0
BRDA:145,5,1,0
BRDA:149,6,0,0
BRDA:149,6,1,0
BRDA:169,7,0,0
BRDA:169,7,1,0
BRDA:172,8,0,0
BRDA:172,8,1,0
BRF:18
BRH:0
end_of_record
TN:
SF:src/components/samiam/SamIAmBoard.jsx
FNF:0
FNH:0
LF:0
LH:0
BRF:0
BRH:0
end_of_record
TN:
SF:src/components/scramble/ScrambleBoard.jsx
FN:10,PoolTile
FN:14,(anonymous_1)
FN:54,AnswerSlot
FN:58,(anonymous_3)
FN:97,ScrambleBoard
FN:98,(anonymous_5)
FN:101,(anonymous_6)
FN:105,(anonymous_7)
FN:111,Game
FN:115,(anonymous_9)
FN:117,(anonymous_10)
FN:121,(anonymous_11)
FN:130,(anonymous_12)
FN:132,(anonymous_13)
FN:134,(anonymous_14)
FN:139,(anonymous_15)
FN:139,(anonymous_16)
FN:150,(anonymous_17)
FN:160,(anonymous_18)
FN:165,(anonymous_19)
FN:167,(anonymous_20)
FN:173,(anonymous_21)
FN:174,(anonymous_22)
FN:189,(anonymous_23)
FN:190,(anonymous_24)
FN:192,(anonymous_25)
FN:195,(anonymous_26)
FN:204,(anonymous_27)
FN:208,(anonymous_28)
FN:210,(anonymous_29)
FN:212,(anonymous_30)
FN:214,(anonymous_31)
FN:221,(anonymous_32)
FN:223,(anonymous_33)
FN:230,(anonymous_34)
FN:234,(anonymous_35)
FN:246,(anonymous_36)
FN:250,(anonymous_37)
FN:267,(anonymous_38)
FN:267,(anonymous_39)
FN:306,(anonymous_40)
FN:344,(anonymous_41)
FN:347,(anonymous_42)
FN:357,(anonymous_43)
FN:360,(anonymous_44)
FN:376,(anonymous_45)
FN:396,(anonymous_46)
FNF:47
FNH:0
FNDA:0,PoolTile
FNDA:0,(anonymous_1)
FNDA:0,AnswerSlot
FNDA:0,(anonymous_3)
FNDA:0,ScrambleBoard
FNDA:0,(anonymous_5)
FNDA:0,(anonymous_6)
FNDA:0,(anonymous_7)
FNDA:0,Game
FNDA:0,(anonymous_9)
FNDA:0,(anonymous_10)
FNDA:0,(anonymous_11)
FNDA:0,(anonymous_12)
FNDA:0,(anonymous_13)
[...]
BRF:17
BRH:0
end_of_record
TN:
SF:src/components/wordsearch/WordSearchBoard.jsx
FN:8,cellsToWord
FN:9,(anonymous_1)
FN:13,sameCells
FN:15,(anonymous_3)
FN:19,normaliseLine
FN:21,(anonymous_5)
FN:22,(anonymous_6)
FN:30,(anonymous_7)
FN:34,(anonymous_8)
FN:38,(anonymous_9)
FN:45,ThemePicker
FN:48,(anonymous_11)
FN:53,(anonymous_12)
FN:76,WordList
FN:79,(anonymous_14)
FN:109,WinScreen
FN:163,GridCell
FN:219,WordSearchBoard
FN:223,(anonymous_18)
FN:225,(anonymous_19)
FN:232,(anonymous_20)
FN:232,(anonymous_21)
FN:239,Game
FN:259,(anonymous_23)
FN:265,(anonymous_24)
FN:267,(anonymous_25)
FN:292,(anonymous_26)
FN:296,(anonymous_27)
FN:308,(anonymous_28)
FN:343,(anonymous_29)
FN:349,(anonymous_30)
FN:350,(anonymous_31)
FN:352,(anonymous_32)
FN:357,(anonymous_33)
FN:358,(anonymous_34)
FN:364,(anonymous_35)
FN:369,(anonymous_36)
FN:369,(anonymous_37)
FN:370,(anonymous_38)
FN:370,(anonymous_39)
FN:371,(anonymous_40)
FN:371,(anonymous_41)
FN:382,(anonymous_42)
FN:410,(anonymous_43)
FN:461,(anonymous_44)
FN:462,(anonymous_45)
FN:469,(anonymous_46)
FN:470,(anonymous_47)
FNF:48
FNH:0
FNDA:0,cellsToWord
FNDA:0,(anonymous_1)
FNDA:0,sameCells
FNDA:0,(anonymous_3)
FNDA:0,normaliseLine
FNDA:0,(anonymous_5)
FNDA:0,(anonymous_6)
FNDA:0,(anonymous_7)
FNDA:0,(anonymous_8)
FNDA:0,(anonymous_9)
FNDA:0,ThemePicker
FNDA:0,(anonymous_11)
FNDA:0,(anonymous_12)
FNDA:0,WordList
FNDA:0,(anonymous_14)
FNDA:0,WinScreen
FNDA:0,GridCell
FNDA:0,WordSearchBoard
FNDA:0,(anonymous_18)
FNDA:0,(anonymous_19)
FNDA:0,(anonymous_20)
FNDA:0,(anonymous_21)
FNDA:0,Game
FNDA:0,(anonymous_23)
FNDA:0,(anonymous_24)
FNDA:0,(anonymous_25)
FNDA:0,(anonymous_26)
FNDA:0,(anonymous_27)
FNDA:0,(anonymous_28)
FNDA:0,(anonymous_29)
FNDA:0,(anonymous_30)
FNDA:0,(anonymous_31)
FNDA:0,(anonymous_32)
FNDA:0,(anonymous_33)
FNDA:0,(anonymous_34)
FNDA:0,(anonymous_35)
FNDA:0,(anonymous_36)
FNDA:0,(anonymous_37)
FNDA:0,(anonymous_38)
FNDA:0,(anonymous_39)
FNDA:0,(anonymous_40)
FNDA:0,(anonymous_41)
FNDA:0,(anonymous_42)
FNDA:0,(anonymous_43)
FNDA:0,(anonymous_44)
FNDA:0,(anonymous_45)
FNDA:0,(anonymous_46)
FNDA:0,(anonymous_47)
DA:9,0
DA:14,0
DA:15,0
DA:20,0
DA:21,0
DA:22,0
DA:23,0
DA:24,0
DA:25,0
DA:26,0
DA:29,0
DA:30,0
DA:33,0
DA:34,0
DA:37,0
DA:38,0
DA:40,0
DA:46,0
DA:49,0
DA:50,0
DA:53,0
DA:77,0
DA:80,0
DA:81,0
DA:110,0
DA:164,0
DA:165,0
DA:166,0
DA:167,0
DA:169,0
DA:170,0
DA:171,0
DA:172,0
DA:173,0
DA:174,0
DA:175,0
DA:176,0
DA:177,0
DA:178,0
DA:179,0
DA:180,0
DA:183,0
DA:220,0
DA:221,0
DA:223,0
DA:224,0
DA:225,0
DA:228,0
DA:232,0
DA:240,0
DA:241,0
DA:242,0
DA:245,0
DA:247,0
DA:249,0
DA:251,0
DA:252,0
DA:253,0
DA:255,0
DA:259,0
DA:260,0
DA:261,0
DA:264,0
DA:266,0
DA:267,0
DA:269,0
DA:270,0
DA:271,0
DA:272,0
DA:273,0
DA:276,0
DA:277,0
DA:280,0
DA:282,0
DA:283,0
DA:284,0
DA:286,0
DA:292,0
DA:293,0
DA:294,0
DA:296,0
DA:297,0
DA:298,0
DA:301,0
DA:302,0
DA:304,0
DA:305,0
DA:308,0
DA:309,0
DA:310,0
DA:311,0
DA:317,0
DA:318,0
DA:319,0
DA:320,0
DA:321,0
DA:322,0
DA:323,0
DA:324,0
DA:326,0
DA:328,0
DA:329,0
DA:333,0
DA:338,0
DA:342,0
DA:343,0
DA:344,0
DA:349,0
DA:350,0
DA:351,0
DA:352,0
DA:357,0
DA:358,0
DA:359,0
DA:360,0
DA:361,0
DA:362,0
DA:363,0
DA:364,0
DA:369,0
DA:370,0
DA:371,0
DA:375,0
DA:376,0
DA:405,0
DA:410,0
DA:462,0
DA:463,0
DA:469,0
DA:470,0
LF:130
LH:0
BRDA:14,0,0,0
BRDA:14,0,1,0
BRDA:15,1,0,0
BRDA:15,1,1,0
BRDA:20,2,0,0
BRDA:20,2,1,0
BRDA:29,3,0,0
BRDA:29,3,1,0
BRDA:29,4,0,0
BRDA:29,4,1,0
BRDA:33,5,0,0
BRDA:33,5,1,0
BRDA:33,6,0,0
BRDA:33,6,1,0
BRDA:37,7,0,0
BRDA:37,7,1,0
BRDA:37,8,0,0
BRDA:37,8,1,0
BRDA:56,9,0,0
BRDA:56,9,1,0
BRDA:57,10,0,0
BRDA:57,10,1,0
BRDA:58,11,0,0
BRDA:58,11,1,0
BRDA:62,12,0,0
BRDA:62,12,1,0
BRDA:92,13,0,0
BRDA:92,13,1,0
BRDA:93,14,0,0
BRDA:93,14,1,0
BRDA:94,15,0,0
BRDA:94,15,1,0
BRDA:98,16,0,0
BRDA:98,16,1,0
BRDA:169,17,0,0
BRDA:169,17,1,0
BRDA:173,18,0,0
BRDA:173,18,1,0
BRDA:178,19,0,0
BRDA:178,19,1,0
BRDA:203,20,0,0
BRDA:203,20,1,0
BRDA:205,21,0,0
BRDA:205,21,1,0
BRDA:266,22,0,0
BRDA:266,22,1,0
BRDA:270,23,0,0
BRDA:270,23,1,0
BRDA:276,24,0,0
BRDA:276,24,1,0
BRDA:277,25,0,0
BRDA:277,25,1,0
BRDA:280,26,0,0
BRDA:280,26,1,0
BRDA:280,27,0,0
BRDA:280,27,1,0
BRDA:280,27,2,0
BRDA:293,28,0,0
BRDA:293,28,1,0
BRDA:297,29,0,0
BRDA:297,29,1,0
BRDA:302,30,0,0
BRDA:302,30,1,0
BRDA:312,31,0,0
BRDA:312,31,1,0
BRDA:312,31,2,0
BRDA:317,32,0,0
BRDA:317,32,1,0
BRDA:317,33,0,0
BRDA:317,33,1,0
BRDA:323,34,0,0
BRDA:323,34,1,0
BRDA:326,35,0,0
BRDA:326,35,1,0
BRDA:328,36,0,0
BRDA:328,36,1,0
BRDA:328,37,0,0
BRDA:328,37,1,0
BRDA:359,38,0,0
BRDA:359,38,1,0
BRDA:369,39,0,0
BRDA:369,39,1,0
BRDA:370,40,0,0
BRDA:370,40,1,0
BRDA:371,41,0,0
BRDA:371,41,1,0
BRDA:375,42,0,0
BRDA:375,42,1,0
BRDA:410,43,0,0
BRDA:410,43,1,0
BRF:90
BRH:0
end_of_record
TN:
SF:src/data/anagramWords.js
FNF:0
FNH:0
DA:6,0
LF:1
LH:0
BRF:0
BRH:0
end_of_record
TN:
SF:src/data/game2048Data.js
FN:28,emptyGrid
FN:33,idx
FN:38,emptyCells
FN:39,(anonymous_3)
FN:43,spawnTile
FN:54,slideRow
FN:56,(anonymous_6)
FN:77,rotateCW
FN:88,rotateCCW
FN:103,applyMove
FN:119,(anonymous_10)
FN:137,(anonymous_11)
FN:142,hasMovesLeft
FN:155,maxTile
FN:156,(anonymous_14)
FNF:15
FNH:0
FNDA:0,emptyGrid
FNDA:0,idx
FNDA:0,emptyCells
FNDA:0,(anonymous_3)
FNDA:0,spawnTile
FNDA:0,slideRow
FNDA:0,(anonymous_6)
FNDA:0,rotateCW
FNDA:0,rotateCCW
FNDA:0,applyMove
FNDA:0,(anonymous_10)
FNDA:0,(anonymous_11)
FNDA:0,hasMovesLeft
FNDA:0,maxTile
FNDA:0,(anonymous_14)
DA:3,0
DA:17,0
DA:25,0
DA:29,0
DA:34,0
DA:39,0
DA:44,0
DA:45,0
DA:46,0
DA:47,0
DA:48,0
DA:49,0
DA:50,0
DA:56,0
DA:57,0
DA:58,0
DA:59,0
DA:60,0
DA:61,0
DA:62,0
DA:63,0
DA:64,0
DA:65,0
DA:67,0
DA:68,0
DA:72,0
DA:73,0
DA:78,0
DA:79,0
DA:80,0
DA:81,0
DA:84,0
DA:89,0
DA:90,0
DA:91,0
DA:92,0
DA:95,0
DA:105,0
DA:106,0
DA:108,0
DA:109,0
DA:110,0
DA:111,0
DA:112,0
DA:115,0
DA:116,0
DA:118,0
DA:119,0
DA:120,0
DA:121,0
DA:122,0
DA:123,0
DA:128,0
DA:129,0
DA:130,0
DA:131,0
DA:132,0
DA:133,0
DA:134,0
DA:137,0
DA:138,0
DA:143,0
DA:144,0
DA:145,0
DA:146,0
DA:147,0
DA:148,0
DA:151,0
DA:156,0
LF:69
LH:0
BRDA:39,0,0,0
BRDA:39,0,1,0
BRDA:45,1,0,0
BRDA:45,1,1,0
BRDA:47,2,0,0
BRDA:47,2,1,0
BRDA:61,3,0,0
BRDA:61,3,1,0
BRDA:61,4,0,0
BRDA:61,4,1,0
BRDA:106,5,0,0
BRDA:106,5,1,0
BRDA:109,6,0,0
BRDA:109,6,1,0
BRDA:111,7,0,0
BRDA:111,7,1,0
BRDA:129,8,0,0
BRDA:129,8,1,0
BRDA:131,9,0,0
BRDA:131,9,1,0
BRDA:133,10,0,0
BRDA:133,10,1,0
BRDA:143,11,0,0
BRDA:143,11,1,0
BRDA:147,12,0,0
BRDA:147,12,1,0
BRDA:147,13,0,0
BRDA:147,13,1,0
BRDA:148,14,0,0
BRDA:148,14,1,0
BRDA:148,15,0,0
BRDA:148,15,1,0
BRDA:156,16,0,0
BRDA:156,16,1,0
BRF:34
BRH:0
end_of_record
TN:
SF:src/data/hangmanWords.js
FN:119,pickWord
FNF:1
FNH:0
FNDA:0,pickWord
DA:6,0
DA:120,0
LF:2
LH:0
BRF:0
BRH:0
end_of_record
TN:
SF:src/data/mathQuizProblems.js
FN:83,pickProblems
FN:84,(anonymous_1)
FN:84,(anonymous_2)
FN:89,(anonymous_3)
FN:101,shuffle
FNF:5
FNH:0
FNDA:0,pickProblems
FNDA:0,(anonymous_1)
FNDA:0,(anonymous_2)
FNDA:0,(anonymous_3)
FNDA:0,shuffle
DA:11,0
DA:84,0
DA:86,0
DA:88,0
DA:89,0
DA:90,0
DA:94,0
DA:95,0
DA:98,0
DA:102,0
DA:103,0
DA:104,0
DA:105,0
DA:107,0
LF:14
LH:0
BRDA:83,0,0,0
BRDA:94,1,0,0
BRDA:94,1,1,0
BRF:3
BRH:0
end_of_record
TN:
SF:src/data/memoryCards.js
FN:44,buildDeck
FN:45,(anonymous_1)
FN:61,pickRandomSet
FNF:3
FNH:0
FNDA:0,buildDeck
FNDA:0,(anonymous_1)
FNDA:0,pickRandomSet
DA:7,0
DA:45,0
DA:53,0
DA:54,0
DA:55,0
DA:57,0
DA:62,0
LF:7
LH:0
BRF:0
BRH:0
end_of_record
TN:
SF:src/data/minesweeperData.js
FN:15,buildEmptyGrid
FN:16,(anonymous_1)
FN:17,(anonymous_2)
FN:32,placeMines
FN:59,(anonymous_4)
FN:63,(anonymous_5)
FN:64,(anonymous_6)
FN:96,revealFrom
FN:97,(anonymous_8)
FN:97,(anonymous_9)
FN:131,revealAllMines
FN:132,(anonymous_11)
FN:133,(anonymous_12)
FN:141,checkWin
FN:142,(anonymous_14)
FN:143,(anonymous_15)
FN:148,flagsRemaining
FN:150,(anonymous_17)
FN:150,(anonymous_18)
FNF:19
FNH:0
FNDA:0,buildEmptyGrid
FNDA:0,(anonymous_1)
FNDA:0,(anonymous_2)
FNDA:0,placeMines
FNDA:0,(anonymous_4)
FNDA:0,(anonymous_5)
FNDA:0,(anonymous_6)
FNDA:0,revealFrom
FNDA:0,(anonymous_8)
FNDA:0,(anonymous_9)
FNDA:0,revealAllMines
FNDA:0,(anonymous_11)
FNDA:0,(anonymous_12)
FNDA:0,checkWin
FNDA:0,(anonymous_14)
FNDA:0,(anonymous_15)
FNDA:0,flagsRemaining
FNDA:0,(anonymous_17)
FNDA:0,(anonymous_18)
DA:5,0
DA:16,0
DA:17,0
DA:34,0
DA:35,0
DA:36,0
DA:37,0
DA:38,0
DA:39,0
DA:40,0
DA:46,0
DA:47,0
DA:48,0
DA:49,0
DA:54,0
DA:55,0
DA:56,0
DA:58,0
DA:59,0
DA:63,0
DA:64,0
DA:71,0
DA:72,0
DA:73,0
DA:74,0
DA:75,0
DA:76,0
DA:77,0
DA:78,0
DA:79,0
DA:80,0
DA:84,0
DA:88,0
DA:97,0
DA:98,0
DA:99,0
DA:101,0
DA:102,0
DA:103,0
DA:104,0
DA:105,0
DA:107,0
DA:108,0
DA:109,0
DA:111,0
DA:112,0
DA:113,0
DA:114,0
DA:115,0
DA:116,0
DA:117,0
DA:118,0
DA:125,0
DA:132,0
DA:133,0
DA:142,0
DA:143,0
DA:149,0
DA:150,0
DA:151,0
DA:157,0
LF:61
LH:0
BRDA:39,0,0,0
BRDA:39,0,1,0
BRDA:39,1,0,0
BRDA:39,1,1,0
BRDA:39,1,2,0
BRDA:39,1,3,0
BRDA:49,2,0,0
BRDA:49,2,1,0
BRDA:73,3,0,0
BRDA:73,3,1,0
BRDA:79,4,0,0
BRDA:79,4,1,0
BRDA:79,5,0,0
BRDA:79,5,1,0
BRDA:79,5,2,0
BRDA:79,5,3,0
BRDA:79,5,4,0
BRDA:104,6,0,0
BRDA:104,6,1,0
BRDA:108,7,0,0
BRDA:108,7,1,0
BRDA:108,8,0,0
BRDA:108,8,1,0
BRDA:111,9,0,0
BRDA:111,9,1,0
BRDA:111,10,0,0
BRDA:111,10,1,0
BRDA:114,11,0,0
BRDA:114,11,1,0
BRDA:114,12,0,0
BRDA:114,12,1,0
BRDA:117,13,0,0
BRDA:117,13,1,0
BRDA:117,14,0,0
BRDA:117,14,1,0
BRDA:117,14,2,0
BRDA:117,14,3,0
BRDA:133,15,0,0
BRDA:133,15,1,0
BRDA:143,16,0,0
BRDA:143,16,1,0
BRDA:150,17,0,0
BRDA:150,17,1,0
BRF:43
BRH:0
end_of_record
TN:
SF:src/data/puppyFetchData.js
FNF:0
FNH:0
DA:3,0
LF:1
LH:0
BRF:0
BRH:0
end_of_record
TN:
SF:src/data/puzzles.js
FNF:0
FNH:0
DA:1,0
DA:204,0
LF:2
LH:0
BRF:0
BRH:0
end_of_record
TN:
SF:src/data/scrambleWords.js
FN:119,pickDailyWord
FN:129,scrambleWord
FNF:2
FNH:0
FNDA:0,pickDailyWord
FNDA:0,scrambleWord
DA:6,0
DA:120,0
DA:121,0
DA:122,0
DA:123,0
DA:130,0
DA:132,0
DA:133,0
DA:134,0
DA:135,0
DA:136,0
DA:138,0
DA:139,0
DA:141,0
LF:14
LH:0
BRDA:140,0,0,0
BRDA:140,0,1,0
BRF:2
BRH:0
end_of_record
TN:
SF:src/data/spellingBeeData.js
FN:37,(anonymous_0)
FN:37,(anonymous_1)
FN:63,(anonymous_2)
FN:63,(anonymous_3)
FN:101,(anonymous_4)
FN:101,(anonymous_5)
FN:137,(anonymous_6)
FN:137,(anonymous_7)
FN:174,(anonymous_8)
FN:174,(anonymous_9)
FN:216,(anonymous_10)
FN:216,(anonymous_11)
FN:255,(anonymous_12)
FN:255,(anonymous_13)
FN:288,(anonymous_14)
FN:288,(anonymous_15)
FN:295,pickPuzzle
FN:305,validateWord
FN:320,wordScore
FN:323,(anonymous_19)
FN:331,isPangram
FN:334,(anonymous_21)
FN:340,maxScore
FN:341,(anonymous_23)
FN:347,getRank
FNF:25
FNH:0
FNDA:0,(anonymous_0)
FNDA:0,(anonymous_1)
FNDA:0,(anonymous_2)
FNDA:0,(anonymous_3)
FNDA:0,(anonymous_4)
FNDA:0,(anonymous_5)
FNDA:0,(anonymous_6)
FNDA:0,(anonymous_7)
FNDA:0,(anonymous_8)
FNDA:0,(anonymous_9)
FNDA:0,(anonymous_10)
FNDA:0,(anonymous_11)
FNDA:0,(anonymous_12)
FNDA:0,(anonymous_13)
FNDA:0,(anonymous_14)
FNDA:0,(anonymous_15)
FNDA:0,pickPuzzle
FNDA:0,validateWord
FNDA:0,wordScore
FNDA:0,(anonymous_19)
FNDA:0,isPangram
FNDA:0,(anonymous_21)
FNDA:0,maxScore
FNDA:0,(anonymous_23)
FNDA:0,getRank
DA:18,0
DA:37,0
DA:63,0
DA:101,0
DA:137,0
DA:174,0
DA:216,0
DA:255,0
DA:288,0
DA:296,0
DA:306,0
DA:307,0
DA:308,0
DA:309,0
DA:310,0
DA:311,0
DA:313,0
DA:314,0
DA:321,0
DA:322,0
DA:323,0
DA:324,0
DA:325,0
DA:332,0
DA:333,0
DA:334,0
DA:341,0
DA:348,0
DA:349,0
DA:350,0
DA:351,0
DA:352,0
DA:353,0
DA:354,0
DA:355,0
LF:35
LH:0
BRDA:307,0,0,0
BRDA:307,0,1,0
BRDA:308,1,0,0
BRDA:308,1,1,0
BRDA:311,2,0,0
BRDA:311,2,1,0
BRDA:313,3,0,0
BRDA:313,3,1,0
BRDA:324,4,0,0
BRDA:324,4,1,0
BRDA:325,5,0,0
BRDA:325,5,1,0
BRDA:348,6,0,0
BRDA:348,6,1,0
BRDA:349,7,0,0
BRDA:349,7,1,0
BRDA:350,8,0,0
BRDA:350,8,1,0
BRDA:351,9,0,0
BRDA:351,9,1,0
BRDA:352,10,0,0
BRDA:352,10,1,0
BRDA:353,11,0,0
BRDA:353,11,1,0
BRDA:354,12,0,0
BRDA:354,12,1,0
BRF:26
BRH:0
end_of_record
TN:
SF:src/data/triviaQuestions.js
FN:588,pickQuestions
FN:589,(anonymous_1)
FNF:2
FNH:0
FNDA:0,pickQuestions
FNDA:0,(anonymous_1)
DA:5,0
DA:583,0
DA:589,0
DA:590,0
LF:4
LH:0
BRDA:588,0,0,0
BRF:1
BRH:0
end_of_record
TN:
SF:src/data/typeRacePhrases.js
FN:58,pickPhrase
FN:60,(anonymous_1)
FNF:2
FNH:0
FNDA:0,pickPhrase
FNDA:0,(anonymous_1)
DA:5,0
DA:59,0
DA:60,0
DA:62,0
LF:4
LH:0
BRDA:58,0,0,0
BRDA:59,1,0,0
BRDA:59,1,1,0
BRF:3
BRH:0
end_of_record
TN:
SF:src/data/wordChainPuzzles.js
FNF:0
FNH:0
DA:7,0
DA:132,0
LF:2
LH:0
BRF:0
BRH:0
end_of_record
TN:
SF:src/data/wordSearchPuzzles.js
FN:154,pickPuzzle
FN:155,(anonymous_1)
FN:162,getWordCells
FN:163,(anonymous_3)
FNF:4
FNH:0
FNDA:0,pickPuzzle
FNDA:0,(anonymous_1)
FNDA:0,getWordCells
FNDA:0,(anonymous_3)
DA:10,0
DA:155,0
DA:156,0
DA:163,0
LF:4
LH:0
BRDA:154,0,0,0
BRDA:155,1,0,0
BRDA:155,1,1,0
BRDA:164,2,0,0
BRDA:164,2,1,0
BRDA:165,3,0,0
BRDA:165,3,1,0
BRDA:165,4,0,0
BRDA:165,4,1,0
BRF:9
BRH:0
end_of_record
TN:
SF:src/data/wordleWords.js
FNF:0
FNH:0
DA:2,0
DA:52,0
DA:210,0
LF:3
LH:0
BRF:0
BRH:0
end_of_record
TN:
SF:src/hooks/useChessGame.js
FN:4,useChessGame
FN:5,(anonymous_1)
FN:12,(anonymous_2)
FN:29,(anonymous_3)
FN:56,(anonymous_4)
FN:77,(anonymous_5)
FN:84,(anonymous_6)
FN:96,(anonymous_7)
FN:141,(anonymous_8)
FNF:9
FNH:0
FNDA:0,useChessGame
FNDA:0,(anonymous_1)
FNDA:0,(anonymous_2)
FNDA:0,(anonymous_3)
FNDA:0,(anonymous_4)
FNDA:0,(anonymous_5)
FNDA:0,(anonymous_6)
FNDA:0,(anonymous_7)
FNDA:0,(anonymous_8)
DA:5,0
DA:6,0
DA:7,0
DA:8,0
DA:9,0
DA:10,0
DA:12,0
DA:13,0
DA:14,0
DA:15,0
DA:16,0
DA:17,0
DA:18,0
DA:20,0
DA:24,0
DA:28,0
DA:30,0
DA:32,0
DA:35,0
DA:40,0
DA:41,0
DA:45,0
DA:46,0
DA:47,0
DA:49,0
DA:55,0
DA:57,0
DA:59,0
DA:61,0
DA:62,0
DA:65,0
DA:72,0
DA:73,0
DA:76,0
DA:77,0
DA:84,0
DA:87,0
DA:88,0
DA:91,0
DA:96,0
DA:97,0
DA:100,0
DA:101,0
DA:102,0
DA:104,0
DA:110,0
DA:111,0
DA:114,0
DA:115,0
DA:116,0
DA:118,0
DA:119,0
DA:120,0
DA:121,0
DA:127,0
DA:128,0
DA:129,0
DA:131,0
DA:134,0
DA:135,0
DA:136,0
DA:137,0
DA:138,0
DA:141,0
DA:142,0
DA:143,0
DA:144,0
DA:145,0
DA:146,0
DA:147,0
DA:150,0
LF:71
LH:0
BRDA:13,0,0,0
BRDA:13,0,1,0
BRDA:15,1,0,0
BRDA:15,1,1,0
BRDA:17,2,0,0
BRDA:17,2,1,0
BRDA:24,3,0,0
BRDA:24,3,1,0
BRDA:30,4,0,0
BRDA:30,4,1,0
BRDA:30,5,0,0
BRDA:30,5,1,0
BRDA:35,6,0,0
BRDA:35,6,1,0
BRDA:36,7,0,0
BRDA:36,7,1,0
BRDA:36,7,2,0
BRDA:45,8,0,0
BRDA:45,8,1,0
BRDA:45,9,0,0
BRDA:45,9,1,0
BRDA:47,10,0,0
BRDA:47,10,1,0
BRDA:57,11,0,0
BRDA:57,11,1,0
BRDA:61,12,0,0
BRDA:61,12,1,0
BRDA:76,13,0,0
BRDA:76,13,1,0
BRDA:87,14,0,0
BRDA:87,14,1,0
BRDA:97,15,0,0
BRDA:97,15,1,0
BRDA:128,16,0,0
BRDA:128,16,1,0
BRDA:131,17,0,0
BRDA:131,17,1,0
BRF:37
BRH:0
end_of_record
TN:
SF:src/hooks/useDarkMode.js
FN:5,useDarkMode
FN:6,(anonymous_1)
FN:12,(anonymous_2)
FN:22,(anonymous_3)
FN:22,(anonymous_4)
FNF:5
FNH:5
FNDA:8,useDarkMode
FNDA:6,(anonymous_1)
FNDA:8,(anonymous_2)
FNDA:2,(anonymous_3)
FNDA:2,(anonymous_4)
DA:3,1
DA:6,8
DA:7,6
DA:8,6
DA:9,2
DA:12,8
DA:13,8
DA:14,8
DA:15,4
DA:17,4
DA:19,8
DA:22,8
DA:24,8
LF:13
LH:13
BRDA:8,0,0,4
BRDA:8,0,1,2
BRDA:14,1,0,4
BRDA:14,1,1,4
BRF:4
BRH:4
end_of_record
TN:
SF:src/utils/chessRules.js
FN:2,initializeBoard
FN:5,(anonymous_1)
FN:39,getValidMoves
FN:67,(anonymous_3)
FN:68,(anonymous_4)
FN:76,getPawnMoves
FN:115,getRookMoves
FN:146,getKnightMoves
FN:174,getBishopMoves
FN:205,getQueenMoves
FN:212,getKingMoves
FN:241,isValidMove
FN:246,(anonymous_12)
FN:250,makeMove
FN:251,(anonymous_14)
FN:269,getNotation
FN:296,findKing
FN:309,isSquareUnderAttack
FN:315,(anonymous_18)
FN:325,getValidMovesWithoutCheckFilter
FN:356,isCheck
FN:365,isCheckmate
FN:383,isStalemate
FNF:23
FNH:0
FNDA:0,initializeBoard
FNDA:0,(anonymous_1)
FNDA:0,getValidMoves
FNDA:0,(anonymous_3)
FNDA:0,(anonymous_4)
FNDA:0,getPawnMoves
FNDA:0,getRookMoves
FNDA:0,getKnightMoves
FNDA:0,getBishopMoves
FNDA:0,getQueenMoves
FNDA:0,getKingMoves
FNDA:0,isValidMove
FNDA:0,(anonymous_12)
FNDA:0,makeMove
FNDA:0,(anonymous_14)
FNDA:0,getNotation
FNDA:0,findKing
FNDA:0,isSquareUnderAttack
FNDA:0,(anonymous_18)
FNDA:0,getValidMovesWithoutCheckFilter
FNDA:0,isCheck
FNDA:0,isCheckmate
FNDA:0,isStalemate
DA:3,0
DA:5,0
DA:8,0
DA:9,0
DA:10,0
DA:11,0
DA:12,0
DA:13,0
DA:14,0
DA:15,0
DA:17,0
DA:18,0
DA:22,0
DA:23,0
DA:26,0
DA:27,0
DA:28,0
DA:29,0
DA:30,0
DA:31,0
DA:32,0
DA:33,0
DA:35,0
DA:40,0
DA:41,0
DA:43,0
DA:45,0
DA:47,0
DA:48,0
DA:50,0
DA:51,0
DA:53,0
DA:54,0
DA:56,0
DA:57,0
DA:59,0
DA:60,0
DA:62,0
DA:63,0
DA:67,0
DA:68,0
DA:69,0
DA:70,0
DA:71,0
DA:72,0
DA:77,0
DA:78,0
DA:79,0
DA:82,0
DA:83,0
DA:84,0
DA:87,0
DA:88,0
DA:89,0
DA:90,0
DA:96,0
DA:97,0
DA:98,0
DA:99,0
DA:105,0
DA:106,0
DA:107,0
DA:112,0
DA:116,0
DA:117,0
DA:124,0
DA:125,0
DA:126,0
DA:127,0
DA:129,0
DA:131,0
DA:132,0
DA:133,0
DA:134,0
DA:135,0
DA:136,0
DA:138,0
DA:143,0
DA:147,0
DA:148,0
DA:159,0
DA:160,0
DA:161,0
DA:163,0
DA:164,0
DA:165,0
DA:166,0
DA:171,0
DA:175,0
DA:176,0
DA:183,0
DA:184,0
DA:185,0
DA:186,0
DA:188,0
DA:190,0
DA:191,0
DA:192,0
DA:193,0
DA:194,0
DA:195,0
DA:197,0
DA:202,0
DA:206,0
DA:213,0
DA:214,0
DA:225,0
DA:226,0
DA:227,0
DA:229,0
DA:230,0
DA:231,0
DA:232,0
DA:237,0
DA:242,0
DA:243,0
DA:245,0
DA:246,0
DA:251,0
DA:252,0
DA:253,0
DA:255,0
DA:256,0
DA:259,0
DA:260,0
DA:263,0
DA:265,0
DA:270,0
DA:271,0
DA:273,0
DA:275,0
DA:277,0
DA:278,0
DA:279,0
DA:281,0
DA:284,0
DA:285,0
DA:286,0
DA:288,0
DA:292,0
DA:297,0
DA:298,0
DA:299,0
DA:300,0
DA:301,0
DA:305,0
DA:310,0
DA:311,0
DA:312,0
DA:313,0
DA:314,0
DA:315,0
DA:316,0
DA:321,0
DA:326,0
DA:327,0
DA:329,0
DA:331,0
DA:333,0
DA:334,0
DA:336,0
DA:337,0
DA:339,0
DA:340,0
DA:342,0
DA:343,0
DA:345,0
DA:346,0
DA:348,0
DA:349,0
DA:352,0
DA:357,0
DA:358,0
DA:360,0
DA:361,0
DA:366,0
DA:369,0
DA:370,0
DA:371,0
DA:372,0
DA:373,0
DA:374,0
DA:379,0
DA:384,0
DA:387,0
DA:388,0
DA:389,0
DA:390,0
DA:391,0
DA:392,0
DA:397,0
LF:191
LH:0
BRDA:41,0,0,0
BRDA:41,0,1,0
BRDA:41,1,0,0
BRDA:41,1,1,0
BRDA:45,2,0,0
BRDA:45,2,1,0
BRDA:45,2,2,0
BRDA:45,2,3,0
BRDA:45,2,4,0
BRDA:45,2,5,0
BRDA:78,3,0,0
BRDA:78,3,1,0
BRDA:79,4,0,0
BRDA:79,4,1,0
BRDA:83,5,0,0
BRDA:83,5,1,0
BRDA:83,6,0,0
BRDA:83,6,1,0
BRDA:83,6,2,0
BRDA:87,7,0,0
BRDA:87,7,1,0
BRDA:89,8,0,0
BRDA:89,8,1,0
BRDA:99,9,0,0
BRDA:99,9,1,0
BRDA:100,10,0,0
BRDA:100,10,1,0
BRDA:100,10,2,0
BRDA:100,10,3,0
BRDA:106,11,0,0
BRDA:106,11,1,0
BRDA:106,12,0,0
BRDA:106,12,1,0
BRDA:129,13,0,0
BRDA:129,13,1,0
BRDA:129,14,0,0
BRDA:129,14,1,0
BRDA:129,14,2,0
BRDA:129,14,3,0
BRDA:132,15,0,0
BRDA:132,15,1,0
BRDA:134,16,0,0
BRDA:134,16,1,0
BRDA:163,17,0,0
BRDA:163,17,1,0
BRDA:163,18,0,0
BRDA:163,18,1,0
BRDA:163,18,2,0
BRDA:163,18,3,0
BRDA:165,19,0,0
BRDA:165,19,1,0
BRDA:165,20,0,0
BRDA:165,20,1,0
BRDA:188,21,0,0
BRDA:188,21,1,0
BRDA:188,22,0,0
BRDA:188,22,1,0
BRDA:188,22,2,0
BRDA:188,22,3,0
BRDA:191,23,0,0
BRDA:191,23,1,0
BRDA:193,24,0,0
BRDA:193,24,1,0
BRDA:229,25,0,0
BRDA:229,25,1,0
BRDA:229,26,0,0
BRDA:229,26,1,0
BRDA:229,26,2,0
BRDA:229,26,3,0
BRDA:231,27,0,0
BRDA:231,27,1,0
BRDA:231,28,0,0
BRDA:231,28,1,0
BRDA:243,29,0,0
BRDA:243,29,1,0
BRDA:243,30,0,0
BRDA:243,30,1,0
BRDA:246,31,0,0
BRDA:246,31,1,0
BRDA:259,32,0,0
BRDA:259,32,1,0
BRDA:259,33,0,0
BRDA:259,33,1,0
BRDA:259,33,2,0
BRDA:277,34,0,0
BRDA:277,34,1,0
BRDA:278,35,0,0
BRDA:278,35,1,0
BRDA:285,36,0,0
BRDA:285,36,1,0
BRDA:300,37,0,0
BRDA:300,37,1,0
BRDA:300,38,0,0
BRDA:300,38,1,0
BRDA:300,38,2,0
BRDA:313,39,0,0
BRDA:313,39,1,0
BRDA:313,40,0,0
BRDA:313,40,1,0
BRDA:315,41,0,0
BRDA:315,41,1,0
BRDA:315,42,0,0
BRDA:315,42,1,0
BRDA:327,43,0,0
BRDA:327,43,1,0
BRDA:327,44,0,0
BRDA:327,44,1,0
BRDA:331,45,0,0
BRDA:331,45,1,0
BRDA:331,45,2,0
BRDA:331,45,3,0
BRDA:331,45,4,0
BRDA:331,45,5,0
BRDA:358,46,0,0
BRDA:358,46,1,0
BRDA:360,47,0,0
BRDA:360,47,1,0
BRDA:366,48,0,0
BRDA:366,48,1,0
BRDA:372,49,0,0
BRDA:372,49,1,0
BRDA:372,50,0,0
BRDA:372,50,1,0
BRDA:374,51,0,0
BRDA:374,51,1,0
BRDA:384,52,0,0
BRDA:384,52,1,0
BRDA:390,53,0,0
BRDA:390,53,1,0
BRDA:390,54,0,0
BRDA:390,54,1,0
BRDA:392,55,0,0
BRDA:392,55,1,0
BRF:133
BRH:0
end_of_record
TN:
SF:src/utils/gameHelpers.js
FN:10,shuffleArray
FN:25,randomBetween
FN:36,isInRange
FN:45,capitalize
FN:56,debounce
FN:58,(anonymous_5)
FN:60,(anonymous_6)
FNF:7
FNH:7
FNDA:5,shuffleArray
FNDA:202,randomBetween
FNDA:7,isInRange
FNDA:8,capitalize
FNDA:3,debounce
FNDA:4,(anonymous_5)
FNDA:3,(anonymous_6)
DA:11,5
DA:12,5
DA:13,12
DA:14,12
DA:16,5
DA:26,202
DA:37,7
DA:46,8
DA:47,5
DA:58,3
DA:59,4
DA:60,4
LF:12
LH:12
BRDA:37,0,0,7
BRDA:37,0,1,5
BRDA:46,1,0,3
BRDA:46,1,1,5
BRF:4
BRH:4
end_of_record
